#
# There is insufficient memory for the Java Runtime Environment to continue.
# Native memory allocation (mmap) failed to map 121634816 bytes for G1 virtual space
# Possible reasons:
#   The system is out of physical RAM or swap space
#   The process is running with CompressedOops enabled, and the Java Heap may be blocking the growth of the native heap
# Possible solutions:
#   Reduce memory load on the system
#   Increase physical memory or swap space
#   Check if swap backing store is full
#   Decrease Java heap size (-Xmx/-Xms)
#   Decrease number of Java threads
#   Decrease Java thread stack sizes (-Xss)
#   Set larger code cache with -XX:ReservedCodeCacheSize=
#   JVM is running with Zero Based Compressed Oops mode in which the Java heap is
#     placed in the first 32GB address space. The Java Heap base address is the
#     maximum limit for the native heap growth. Please use -XX:HeapBaseMinAddress
#     to set the Java Heap base and to place the Java Heap above 32GB virtual address.
# This output file may be truncated or incomplete.
#
#  Out of Memory Error (os_windows.cpp:3548), pid=23920, tid=16736
#
# JRE version: Java(TM) SE Runtime Environment (17.0.11+7) (build 17.0.11+7-LTS-207)
# Java VM: Java HotSpot(TM) 64-Bit Server VM (17.0.11+7-LTS-207, mixed mode, emulated-client, sharing, tiered, compressed oops, compressed class ptrs, g1 gc, windows-amd64)
# No core dump will be written. Minidumps are not enabled by default on client versions of Windows
#

---------------  S U M M A R Y ------------

Command Line: -XX:TieredStopAtLevel=1 -Dspring.output.ansi.enabled=always -Dcom.sun.management.jmxremote -Dspring.jmx.enabled=true -Dspring.liveBeansView.mbeanDomain -Dspring.application.admin.enabled=true -Dmanagement.endpoints.jmx.exposure.include=* -javaagent:C:\Program Files\JetBrains\IntelliJ IDEA 2024.2.1\lib\idea_rt.jar=51601:C:\Program Files\JetBrains\IntelliJ IDEA 2024.2.1\bin -Dfile.encoding=UTF-8 BackAnt.BackAntApplication

Host: 12th Gen Intel(R) Core(TM) i7-12700F, 20 cores, 15G,  Windows 11 , 64 bit Build 22621 (10.0.22621.4391)
Time: Sun Dec 22 12:25:32 2024  Windows 11 , 64 bit Build 22621 (10.0.22621.4391) elapsed time: 7.808453 seconds (0d 0h 0m 7s)

---------------  T H R E A D  ---------------

Current thread (0x0000022f5faa3240):  VMThread "VM Thread" [stack: 0x0000006562e00000,0x0000006562f00000] [id=16736]

Stack: [0x0000006562e00000,0x0000006562f00000]
Native frames: (J=compiled Java code, j=interpreted, Vv=VM code, C=native code)
V  [jvm.dll+0x679cca]
V  [jvm.dll+0x7da13d]
V  [jvm.dll+0x7dba83]
V  [jvm.dll+0x7dc0f3]
V  [jvm.dll+0x2449af]
V  [jvm.dll+0x676ce9]
V  [jvm.dll+0x66b852]
V  [jvm.dll+0x3018d6]
V  [jvm.dll+0x308e76]
V  [jvm.dll+0x3596ee]
V  [jvm.dll+0x35991f]
V  [jvm.dll+0x2d89a8]
V  [jvm.dll+0x2d6ddd]
V  [jvm.dll+0x2d642c]
V  [jvm.dll+0x319f8b]
V  [jvm.dll+0x7e09eb]
V  [jvm.dll+0x7e1724]
V  [jvm.dll+0x7e1c3d]
V  [jvm.dll+0x7e2014]
V  [jvm.dll+0x7e20e0]
V  [jvm.dll+0x78a85a]
V  [jvm.dll+0x678bb5]
C  [ucrtbase.dll+0x29333]
C  [KERNEL32.DLL+0x1259d]
C  [ntdll.dll+0x5af38]

VM_Operation (0x00000065646f6ea0): G1CollectForAllocation, mode: safepoint, requested by thread 0x0000022f644133e0


---------------  P R O C E S S  ---------------

Threads class SMR info:
_java_thread_list=0x0000022f65b2c7f0, length=33, elements={
0x0000022f47f91520, 0x0000022f5faa6e40, 0x0000022f5faa7cc0, 0x0000022f5fac2fc0,
0x0000022f5fac3b80, 0x0000022f5fac6950, 0x0000022f5fac9320, 0x0000022f5faceeb0,
0x0000022f5fad74d0, 0x0000022f5fb56fe0, 0x0000022f5fa90080, 0x0000022f5fbf7820,
0x0000022f5fa90560, 0x0000022f642b17c0, 0x0000022f642bbe10, 0x0000022f643afa30,
0x0000022f64788580, 0x0000022f644133e0, 0x0000022f64f85d10, 0x0000022f64f86230,
0x0000022f652fad10, 0x0000022f65318d20, 0x0000022f65319740, 0x0000022f65318300,
0x0000022f65319230, 0x0000022f65317df0, 0x0000022f665c05a0, 0x0000022f665c0ab0,
0x0000022f665bdd20, 0x0000022f665be230, 0x0000022f665bb9b0, 0x0000022f665bcdf0,
0x0000022f665bfb80
}

Java Threads: ( => current thread )
  0x0000022f47f91520 JavaThread "main" [_thread_blocked, id=22356, stack(0x0000006562800000,0x0000006562900000)]
  0x0000022f5faa6e40 JavaThread "Reference Handler" daemon [_thread_blocked, id=10044, stack(0x0000006562f00000,0x0000006563000000)]
  0x0000022f5faa7cc0 JavaThread "Finalizer" daemon [_thread_blocked, id=20548, stack(0x0000006563000000,0x0000006563100000)]
  0x0000022f5fac2fc0 JavaThread "Signal Dispatcher" daemon [_thread_blocked, id=18156, stack(0x0000006563100000,0x0000006563200000)]
  0x0000022f5fac3b80 JavaThread "Attach Listener" daemon [_thread_blocked, id=23260, stack(0x0000006563200000,0x0000006563300000)]
  0x0000022f5fac6950 JavaThread "Service Thread" daemon [_thread_blocked, id=20012, stack(0x0000006563300000,0x0000006563400000)]
  0x0000022f5fac9320 JavaThread "Monitor Deflation Thread" daemon [_thread_blocked, id=28584, stack(0x0000006563400000,0x0000006563500000)]
  0x0000022f5faceeb0 JavaThread "C1 CompilerThread0" daemon [_thread_blocked, id=26212, stack(0x0000006563500000,0x0000006563600000)]
  0x0000022f5fad74d0 JavaThread "Sweeper thread" daemon [_thread_blocked, id=10424, stack(0x0000006563600000,0x0000006563700000)]
  0x0000022f5fb56fe0 JavaThread "C1 CompilerThread1" daemon [_thread_blocked, id=18376, stack(0x0000006563700000,0x0000006563800000)]
  0x0000022f5fa90080 JavaThread "Common-Cleaner" daemon [_thread_blocked, id=27256, stack(0x0000006563800000,0x0000006563900000)]
  0x0000022f5fbf7820 JavaThread "C1 CompilerThread2" daemon [_thread_blocked, id=20572, stack(0x0000006563900000,0x0000006563a00000)]
  0x0000022f5fa90560 JavaThread "C1 CompilerThread3" daemon [_thread_blocked, id=26564, stack(0x0000006563a00000,0x0000006563b00000)]
  0x0000022f642b17c0 JavaThread "Monitor Ctrl-Break" daemon [_thread_in_native, id=10244, stack(0x0000006563b00000,0x0000006563c00000)]
  0x0000022f642bbe10 JavaThread "Notification Thread" daemon [_thread_blocked, id=26132, stack(0x0000006563c00000,0x0000006563d00000)]
  0x0000022f643afa30 JavaThread "RMI TCP Accept-0" daemon [_thread_in_native, id=11240, stack(0x0000006563d00000,0x0000006563e00000)]
  0x0000022f64788580 JavaThread "Thread-0" [_thread_blocked, id=23724, stack(0x0000006564500000,0x0000006564600000)]
  0x0000022f644133e0 JavaThread "restartedMain" [_thread_blocked, id=17032, stack(0x0000006564600000,0x0000006564700000)]
  0x0000022f64f85d10 JavaThread "C1 CompilerThread4" daemon [_thread_blocked, id=10368, stack(0x0000006564900000,0x0000006564a00000)]
  0x0000022f64f86230 JavaThread "C1 CompilerThread5" daemon [_thread_blocked, id=4100, stack(0x0000006564a00000,0x0000006564b00000)]
  0x0000022f652fad10 JavaThread "RMI TCP Connection(1)-192.168.0.132" daemon [_thread_in_native, id=15104, stack(0x0000006564800000,0x0000006564900000)]
  0x0000022f65318d20 JavaThread "RMI Scheduler(0)" daemon [_thread_blocked, id=20112, stack(0x0000006565200000,0x0000006565300000)]
  0x0000022f65319740 JavaThread "Catalina-utility-1" [_thread_blocked, id=24064, stack(0x0000006565300000,0x0000006565400000)]
  0x0000022f65318300 JavaThread "Catalina-utility-2" [_thread_blocked, id=4144, stack(0x0000006565700000,0x0000006565800000)]
  0x0000022f65319230 JavaThread "container-0" [_thread_blocked, id=11732, stack(0x0000006565800000,0x0000006565900000)]
  0x0000022f65317df0 JavaThread "mysql-cj-abandoned-connection-cleanup" daemon [_thread_blocked, id=2932, stack(0x0000006565900000,0x0000006565a00000)]
  0x0000022f665c05a0 JavaThread "HikariPool-1 housekeeper" daemon [_thread_blocked, id=5620, stack(0x0000006565b00000,0x0000006565c00000)]
  0x0000022f665c0ab0 JavaThread "HikariPool-1 connection adder" daemon [_thread_blocked, id=27216, stack(0x0000006565c00000,0x0000006565d00000)]
  0x0000022f665bdd20 JavaThread "BufferPoolPruner-1-thread-1" daemon [_thread_blocked, id=27280, stack(0x0000006565d00000,0x0000006565e00000)]
  0x0000022f665be230 JavaThread "cluster-ClusterId{value='676786ab1c943e66a54366cb', description='null'}-3.38.150.176:27017" daemon [_thread_in_native, id=27920, stack(0x0000006565e00000,0x0000006565f00000)]
  0x0000022f665bb9b0 JavaThread "cluster-rtt-ClusterId{value='676786ab1c943e66a54366cb', description='null'}-3.38.150.176:27017" daemon [_thread_blocked, id=22720, stack(0x0000006565f00000,0x0000006566000000)]
  0x0000022f665bcdf0 JavaThread "MaintenanceTimer-2-thread-1" daemon [_thread_blocked, id=15184, stack(0x0000006566000000,0x0000006566100000)]
  0x0000022f665bfb80 JavaThread "Live Reload Server" daemon [_thread_in_native, id=18236, stack(0x0000006566200000,0x0000006566300000)]

Other Threads:
=>0x0000022f5faa3240 VMThread "VM Thread" [stack: 0x0000006562e00000,0x0000006562f00000] [id=16736]
  0x0000022f6444df50 WatcherThread [stack: 0x0000006563e00000,0x0000006563f00000] [id=13632]
  0x0000022f47fff570 GCTaskThread "GC Thread#0" [stack: 0x0000006562900000,0x0000006562a00000] [id=18756]
  0x0000022f646cfa90 GCTaskThread "GC Thread#1" [stack: 0x0000006563f00000,0x0000006564000000] [id=23884]
  0x0000022f646c8870 GCTaskThread "GC Thread#2" [stack: 0x0000006564000000,0x0000006564100000] [id=14340]
  0x0000022f646c8f30 GCTaskThread "GC Thread#3" [stack: 0x0000006564100000,0x0000006564200000] [id=8024]
  0x0000022f646c9600 GCTaskThread "GC Thread#4" [stack: 0x0000006564200000,0x0000006564300000] [id=15160]
  0x0000022f646ca550 GCTaskThread "GC Thread#5" [stack: 0x0000006564300000,0x0000006564400000] [id=468]
  0x0000022f646ee690 GCTaskThread "GC Thread#6" [stack: 0x0000006564400000,0x0000006564500000] [id=27548]
  0x0000022f64d50960 GCTaskThread "GC Thread#7" [stack: 0x0000006564700000,0x0000006564800000] [id=384]
  0x0000022f6525bd70 GCTaskThread "GC Thread#8" [stack: 0x0000006564b00000,0x0000006564c00000] [id=21916]
  0x0000022f6525c440 GCTaskThread "GC Thread#9" [stack: 0x0000006564c00000,0x0000006564d00000] [id=10872]
  0x0000022f6525c700 GCTaskThread "GC Thread#10" [stack: 0x0000006564d00000,0x0000006564e00000] [id=23636]
  0x0000022f6525cdd0 GCTaskThread "GC Thread#11" [stack: 0x0000006564e00000,0x0000006564f00000] [id=10880]
  0x0000022f6525dcb0 GCTaskThread "GC Thread#12" [stack: 0x0000006564f00000,0x0000006565000000] [id=5592]
  0x0000022f6525df70 GCTaskThread "GC Thread#13" [stack: 0x0000006565000000,0x0000006565100000] [id=12784]
  0x0000022f6525e230 GCTaskThread "GC Thread#14" [stack: 0x0000006565100000,0x0000006565200000] [id=24120]
  0x0000022f48010280 ConcurrentGCThread "G1 Main Marker" [stack: 0x0000006562a00000,0x0000006562b00000] [id=23668]
  0x0000022f48011430 ConcurrentGCThread "G1 Conc#0" [stack: 0x0000006562b00000,0x0000006562c00000] [id=14240]
  0x0000022f654ee0b0 ConcurrentGCThread "G1 Conc#1" [stack: 0x0000006565400000,0x0000006565500000] [id=17536]
  0x0000022f654eddf0 ConcurrentGCThread "G1 Conc#2" [stack: 0x0000006565500000,0x0000006565600000] [id=17608]
  0x0000022f654edb30 ConcurrentGCThread "G1 Conc#3" [stack: 0x0000006565600000,0x0000006565700000] [id=16924]
  0x0000022f4803eb30 ConcurrentGCThread "G1 Refine#0" [stack: 0x0000006562c00000,0x0000006562d00000] [id=17140]
  0x0000022f66362490 ConcurrentGCThread "G1 Refine#1" [stack: 0x0000006566100000,0x0000006566200000] [id=18600]
  0x0000022f66362780 ConcurrentGCThread "G1 Refine#2" [stack: 0x0000006566300000,0x0000006566400000] [id=25292]
  0x0000022f66362a70 ConcurrentGCThread "G1 Refine#3" [stack: 0x0000006566400000,0x0000006566500000] [id=11652]
  0x0000022f67637590 ConcurrentGCThread "G1 Refine#4" [stack: 0x0000006566500000,0x0000006566600000] [id=20448]
  0x0000022f5f409320 ConcurrentGCThread "G1 Service" [stack: 0x0000006562d00000,0x0000006562e00000] [id=17636]

Threads with active compile tasks:

VM state: at safepoint (normal execution)

VM Mutex/Monitor currently owned by a thread:  ([mutex/lock_event])
[0x0000022f47f8d6a0] Threads_lock - owner thread: 0x0000022f5faa3240
[0x0000022f47f8df10] Heap_lock - owner thread: 0x0000022f644133e0

Heap address: 0x0000000702400000, size: 4060 MB, Compressed Oops mode: Zero based, Oop shift amount: 3

CDS archive(s) mapped at: [0x0000022f00000000-0x0000022f00bd0000-0x0000022f00bd0000), size 12386304, SharedBaseAddress: 0x0000022f00000000, ArchiveRelocationMode: 1.
Compressed class space mapped at: 0x0000022f01000000-0x0000022f41000000, reserved size: 1073741824
Narrow klass base: 0x0000022f00000000, Narrow klass shift: 0, Narrow klass range: 0x100000000

GC Precious Log:
 CPUs: 20 total, 20 available
 Memory: 16234M
 Large Page Support: Disabled
 NUMA Support: Disabled
 Compressed Oops: Enabled (Zero based)
 Heap Region Size: 2M
 Heap Min Capacity: 8M
 Heap Initial Capacity: 254M
 Heap Max Capacity: 4060M
 Pre-touch: Disabled
 Parallel Workers: 15
 Concurrent Workers: 4
 Concurrent Refinement Workers: 15
 Periodic GC: Disabled

Heap:
 garbage-first heap   total 260096K, used 104448K [0x0000000702400000, 0x0000000800000000)
  region size 2048K, 3 young (6144K), 3 survivors (6144K)
 Metaspace       used 88847K, committed 89664K, reserved 1179648K
  class space    used 12989K, committed 13376K, reserved 1048576K

Heap Regions: E=young(eden), S=young(survivor), O=old, HS=humongous(starts), HC=humongous(continues), CS=collection set, F=free, OA=open archive, CA=closed archive, TAMS=top-at-mark-start (previous, next)
|   0|0x0000000702400000, 0x0000000702600000, 0x0000000702600000|100%| O|  |TAMS 0x0000000702600000, 0x0000000702600000| Untracked 
|   1|0x0000000702600000, 0x0000000702800000, 0x0000000702800000|100%| O|  |TAMS 0x0000000702800000, 0x0000000702800000| Untracked 
|   2|0x0000000702800000, 0x0000000702a00000, 0x0000000702a00000|100%| O|  |TAMS 0x0000000702a00000, 0x0000000702a00000| Untracked 
|   3|0x0000000702a00000, 0x0000000702c00000, 0x0000000702c00000|100%| O|  |TAMS 0x0000000702c00000, 0x0000000702c00000| Untracked 
|   4|0x0000000702c00000, 0x0000000702e00000, 0x0000000702e00000|100%| O|  |TAMS 0x0000000702e00000, 0x0000000702e00000| Untracked 
|   5|0x0000000702e00000, 0x0000000703000000, 0x0000000703000000|100%| O|  |TAMS 0x0000000702e00000, 0x0000000702e00000| Untracked 
|   6|0x0000000703000000, 0x0000000703200000, 0x0000000703200000|100%| O|  |TAMS 0x0000000703200000, 0x0000000703200000| Untracked 
|   7|0x0000000703200000, 0x0000000703400000, 0x0000000703400000|100%| O|  |TAMS 0x0000000703400000, 0x0000000703400000| Untracked 
|   8|0x0000000703400000, 0x0000000703600000, 0x0000000703600000|100%| O|  |TAMS 0x0000000703600000, 0x0000000703600000| Untracked 
|   9|0x0000000703600000, 0x0000000703800000, 0x0000000703800000|100%| O|  |TAMS 0x0000000703800000, 0x0000000703800000| Untracked 
|  10|0x0000000703800000, 0x0000000703a00000, 0x0000000703a00000|100%| O|  |TAMS 0x0000000703a00000, 0x0000000703a00000| Untracked 
|  11|0x0000000703a00000, 0x0000000703c00000, 0x0000000703c00000|100%| O|  |TAMS 0x0000000703c00000, 0x0000000703c00000| Untracked 
|  12|0x0000000703c00000, 0x0000000703e00000, 0x0000000703e00000|100%| O|  |TAMS 0x0000000703e00000, 0x0000000703e00000| Untracked 
|  13|0x0000000703e00000, 0x0000000704000000, 0x0000000704000000|100%| O|  |TAMS 0x0000000704000000, 0x0000000704000000| Untracked 
|  14|0x0000000704000000, 0x0000000704200000, 0x0000000704200000|100%| O|  |TAMS 0x0000000704200000, 0x0000000704200000| Untracked 
|  15|0x0000000704200000, 0x0000000704400000, 0x0000000704400000|100%| O|  |TAMS 0x0000000704400000, 0x0000000704400000| Untracked 
|  16|0x0000000704400000, 0x0000000704600000, 0x0000000704600000|100%| O|  |TAMS 0x0000000704600000, 0x0000000704600000| Untracked 
|  17|0x0000000704600000, 0x0000000704800000, 0x0000000704800000|100%| O|  |TAMS 0x0000000704800000, 0x0000000704800000| Untracked 
|  18|0x0000000704800000, 0x0000000704a00000, 0x0000000704a00000|100%| O|  |TAMS 0x0000000704a00000, 0x0000000704a00000| Untracked 
|  19|0x0000000704a00000, 0x0000000704c00000, 0x0000000704c00000|100%| O|  |TAMS 0x0000000704c00000, 0x0000000704c00000| Untracked 
|  20|0x0000000704c00000, 0x0000000704e00000, 0x0000000704e00000|100%| O|  |TAMS 0x0000000704e00000, 0x0000000704e00000| Untracked 
|  21|0x0000000704e00000, 0x0000000705000000, 0x0000000705000000|100%| O|  |TAMS 0x0000000705000000, 0x0000000705000000| Untracked 
|  22|0x0000000705000000, 0x0000000705200000, 0x0000000705200000|100%| O|  |TAMS 0x0000000705200000, 0x0000000705200000| Untracked 
|  23|0x0000000705200000, 0x0000000705400000, 0x0000000705400000|100%| O|  |TAMS 0x0000000705400000, 0x0000000705400000| Untracked 
|  24|0x0000000705400000, 0x0000000705600000, 0x0000000705600000|100%| O|  |TAMS 0x0000000705600000, 0x0000000705600000| Untracked 
|  25|0x0000000705600000, 0x0000000705800000, 0x0000000705800000|100%| O|  |TAMS 0x0000000705800000, 0x0000000705800000| Untracked 
|  26|0x0000000705800000, 0x0000000705a00000, 0x0000000705a00000|100%| O|  |TAMS 0x0000000705a00000, 0x0000000705a00000| Untracked 
|  27|0x0000000705a00000, 0x0000000705c00000, 0x0000000705c00000|100%| O|  |TAMS 0x0000000705c00000, 0x0000000705c00000| Untracked 
|  28|0x0000000705c00000, 0x0000000705e00000, 0x0000000705e00000|100%| O|  |TAMS 0x0000000705e00000, 0x0000000705e00000| Untracked 
|  29|0x0000000705e00000, 0x0000000706000000, 0x0000000706000000|100%| O|  |TAMS 0x0000000706000000, 0x0000000706000000| Untracked 
|  30|0x0000000706000000, 0x0000000706200000, 0x0000000706200000|100%| O|  |TAMS 0x0000000706200000, 0x0000000706200000| Untracked 
|  31|0x0000000706200000, 0x0000000706400000, 0x0000000706400000|100%| O|  |TAMS 0x0000000706400000, 0x0000000706400000| Untracked 
|  32|0x0000000706400000, 0x0000000706600000, 0x0000000706600000|100%| O|  |TAMS 0x0000000706600000, 0x0000000706600000| Untracked 
|  33|0x0000000706600000, 0x0000000706800000, 0x0000000706800000|100%| O|  |TAMS 0x0000000706600000, 0x0000000706800000| Untracked 
|  34|0x0000000706800000, 0x0000000706a00000, 0x0000000706a00000|100%| O|  |TAMS 0x0000000706800000, 0x0000000706a00000| Untracked 
|  35|0x0000000706a00000, 0x0000000706c00000, 0x0000000706c00000|100%| O|  |TAMS 0x0000000706c00000, 0x0000000706c00000| Untracked 
|  36|0x0000000706c00000, 0x0000000706e00000, 0x0000000706e00000|100%| O|  |TAMS 0x0000000706e00000, 0x0000000706e00000| Untracked 
|  37|0x0000000706e00000, 0x0000000707000000, 0x0000000707000000|100%| O|  |TAMS 0x0000000706e00000, 0x0000000707000000| Untracked 
|  38|0x0000000707000000, 0x0000000707200000, 0x0000000707200000|100%| O|  |TAMS 0x0000000707000000, 0x0000000707200000| Untracked 
|  39|0x0000000707200000, 0x0000000707400000, 0x0000000707400000|100%|HS|  |TAMS 0x0000000707200000, 0x0000000707400000| Complete 
|  40|0x0000000707400000, 0x0000000707600000, 0x0000000707600000|100%| O|  |TAMS 0x0000000707600000, 0x0000000707600000| Untracked 
|  41|0x0000000707600000, 0x0000000707800000, 0x0000000707800000|100%| O|  |TAMS 0x0000000707800000, 0x0000000707800000| Untracked 
|  42|0x0000000707800000, 0x0000000707a00000, 0x0000000707a00000|100%| O|  |TAMS 0x0000000707a00000, 0x0000000707a00000| Untracked 
|  43|0x0000000707a00000, 0x0000000707c00000, 0x0000000707c00000|100%| O|  |TAMS 0x0000000707c00000, 0x0000000707c00000| Untracked 
|  44|0x0000000707c00000, 0x0000000707e00000, 0x0000000707e00000|100%| O|  |TAMS 0x0000000707c42000, 0x0000000707e00000| Untracked 
|  45|0x0000000707e00000, 0x0000000708000000, 0x0000000708000000|100%| O|  |TAMS 0x0000000707e00000, 0x0000000708000000| Untracked 
|  46|0x0000000708000000, 0x0000000708200000, 0x0000000708200000|100%| O|  |TAMS 0x0000000708000000, 0x0000000708200000| Untracked 
|  47|0x0000000708200000, 0x0000000708400000, 0x0000000708400000|100%| O|  |TAMS 0x0000000708200000, 0x0000000708220a00| Untracked 
|  48|0x0000000708400000, 0x0000000708400000, 0x0000000708600000|  0%| F|  |TAMS 0x0000000708400000, 0x0000000708400000| Untracked 
|  49|0x0000000708600000, 0x0000000708600000, 0x0000000708800000|  0%| F|  |TAMS 0x0000000708600000, 0x0000000708600000| Untracked 
|  50|0x0000000708800000, 0x0000000708800000, 0x0000000708a00000|  0%| F|  |TAMS 0x0000000708800000, 0x0000000708800000| Untracked 
|  51|0x0000000708a00000, 0x0000000708a00000, 0x0000000708c00000|  0%| F|  |TAMS 0x0000000708a00000, 0x0000000708a00000| Untracked 
|  52|0x0000000708c00000, 0x0000000708c00000, 0x0000000708e00000|  0%| F|  |TAMS 0x0000000708c00000, 0x0000000708c00000| Untracked 
|  53|0x0000000708e00000, 0x0000000708e00000, 0x0000000709000000|  0%| F|  |TAMS 0x0000000708e00000, 0x0000000708e00000| Untracked 
|  54|0x0000000709000000, 0x0000000709000000, 0x0000000709200000|  0%| F|  |TAMS 0x0000000709000000, 0x0000000709000000| Untracked 
|  55|0x0000000709200000, 0x0000000709200000, 0x0000000709400000|  0%| F|  |TAMS 0x0000000709200000, 0x0000000709200000| Untracked 
|  56|0x0000000709400000, 0x0000000709400000, 0x0000000709600000|  0%| F|  |TAMS 0x0000000709400000, 0x0000000709400000| Untracked 
|  57|0x0000000709600000, 0x0000000709600000, 0x0000000709800000|  0%| F|  |TAMS 0x0000000709600000, 0x0000000709600000| Untracked 
|  58|0x0000000709800000, 0x0000000709800000, 0x0000000709a00000|  0%| F|  |TAMS 0x0000000709800000, 0x0000000709800000| Untracked 
|  59|0x0000000709a00000, 0x0000000709a00000, 0x0000000709c00000|  0%| F|  |TAMS 0x0000000709a00000, 0x0000000709a00000| Untracked 
|  60|0x0000000709c00000, 0x0000000709c00000, 0x0000000709e00000|  0%| F|  |TAMS 0x0000000709c00000, 0x0000000709c00000| Untracked 
|  61|0x0000000709e00000, 0x0000000709e00000, 0x000000070a000000|  0%| F|  |TAMS 0x0000000709e00000, 0x0000000709e00000| Untracked 
|  62|0x000000070a000000, 0x000000070a000000, 0x000000070a200000|  0%| F|  |TAMS 0x000000070a000000, 0x000000070a000000| Untracked 
|  63|0x000000070a200000, 0x000000070a200000, 0x000000070a400000|  0%| F|  |TAMS 0x000000070a200000, 0x000000070a200000| Untracked 
|  64|0x000000070a400000, 0x000000070a400000, 0x000000070a600000|  0%| F|  |TAMS 0x000000070a400000, 0x000000070a400000| Untracked 
|  65|0x000000070a600000, 0x000000070a600000, 0x000000070a800000|  0%| F|  |TAMS 0x000000070a600000, 0x000000070a600000| Untracked 
|  66|0x000000070a800000, 0x000000070aa00000, 0x000000070aa00000|100%| S|CS|TAMS 0x000000070a800000, 0x000000070a800000| Complete 
|  67|0x000000070aa00000, 0x000000070ac00000, 0x000000070ac00000|100%| S|CS|TAMS 0x000000070aa00000, 0x000000070aa00000| Complete 
|  68|0x000000070ac00000, 0x000000070ae00000, 0x000000070ae00000|100%| S|CS|TAMS 0x000000070ac00000, 0x000000070ac00000| Complete 
|  69|0x000000070ae00000, 0x000000070ae00000, 0x000000070b000000|  0%| F|  |TAMS 0x000000070ae00000, 0x000000070ae00000| Untracked 
|  70|0x000000070b000000, 0x000000070b000000, 0x000000070b200000|  0%| F|  |TAMS 0x000000070b000000, 0x000000070b000000| Untracked 
|  71|0x000000070b200000, 0x000000070b200000, 0x000000070b400000|  0%| F|  |TAMS 0x000000070b200000, 0x000000070b200000| Untracked 
|  72|0x000000070b400000, 0x000000070b400000, 0x000000070b600000|  0%| F|  |TAMS 0x000000070b400000, 0x000000070b400000| Untracked 
|  73|0x000000070b600000, 0x000000070b600000, 0x000000070b800000|  0%| F|  |TAMS 0x000000070b600000, 0x000000070b600000| Untracked 
|  74|0x000000070b800000, 0x000000070b800000, 0x000000070ba00000|  0%| F|  |TAMS 0x000000070b800000, 0x000000070b800000| Untracked 
|  75|0x000000070ba00000, 0x000000070ba00000, 0x000000070bc00000|  0%| F|  |TAMS 0x000000070ba00000, 0x000000070ba00000| Untracked 
|  76|0x000000070bc00000, 0x000000070bc00000, 0x000000070be00000|  0%| F|  |TAMS 0x000000070bc00000, 0x000000070bc00000| Untracked 
|  77|0x000000070be00000, 0x000000070be00000, 0x000000070c000000|  0%| F|  |TAMS 0x000000070be00000, 0x000000070be00000| Untracked 
|  78|0x000000070c000000, 0x000000070c000000, 0x000000070c200000|  0%| F|  |TAMS 0x000000070c000000, 0x000000070c000000| Untracked 
|  79|0x000000070c200000, 0x000000070c200000, 0x000000070c400000|  0%| F|  |TAMS 0x000000070c200000, 0x000000070c200000| Untracked 
|  80|0x000000070c400000, 0x000000070c400000, 0x000000070c600000|  0%| F|  |TAMS 0x000000070c400000, 0x000000070c400000| Untracked 
|  81|0x000000070c600000, 0x000000070c600000, 0x000000070c800000|  0%| F|  |TAMS 0x000000070c600000, 0x000000070c600000| Untracked 
|  82|0x000000070c800000, 0x000000070c800000, 0x000000070ca00000|  0%| F|  |TAMS 0x000000070c800000, 0x000000070c800000| Untracked 
|  83|0x000000070ca00000, 0x000000070ca00000, 0x000000070cc00000|  0%| F|  |TAMS 0x000000070ca00000, 0x000000070ca00000| Untracked 
|  84|0x000000070cc00000, 0x000000070cc00000, 0x000000070ce00000|  0%| F|  |TAMS 0x000000070cc00000, 0x000000070cc00000| Untracked 
|  85|0x000000070ce00000, 0x000000070ce00000, 0x000000070d000000|  0%| F|  |TAMS 0x000000070ce00000, 0x000000070ce00000| Untracked 
|  86|0x000000070d000000, 0x000000070d000000, 0x000000070d200000|  0%| F|  |TAMS 0x000000070d000000, 0x000000070d000000| Untracked 
|  87|0x000000070d200000, 0x000000070d200000, 0x000000070d400000|  0%| F|  |TAMS 0x000000070d200000, 0x000000070d200000| Untracked 
|  88|0x000000070d400000, 0x000000070d400000, 0x000000070d600000|  0%| F|  |TAMS 0x000000070d400000, 0x000000070d400000| Untracked 
|  89|0x000000070d600000, 0x000000070d600000, 0x000000070d800000|  0%| F|  |TAMS 0x000000070d600000, 0x000000070d600000| Untracked 
|  90|0x000000070d800000, 0x000000070d800000, 0x000000070da00000|  0%| F|  |TAMS 0x000000070d800000, 0x000000070d800000| Untracked 
|  91|0x000000070da00000, 0x000000070da00000, 0x000000070dc00000|  0%| F|  |TAMS 0x000000070da00000, 0x000000070da00000| Untracked 
|  92|0x000000070dc00000, 0x000000070dc00000, 0x000000070de00000|  0%| F|  |TAMS 0x000000070dc00000, 0x000000070dc00000| Untracked 
|  93|0x000000070de00000, 0x000000070de00000, 0x000000070e000000|  0%| F|  |TAMS 0x000000070de00000, 0x000000070de00000| Untracked 
|  94|0x000000070e000000, 0x000000070e000000, 0x000000070e200000|  0%| F|  |TAMS 0x000000070e000000, 0x000000070e000000| Untracked 
|  95|0x000000070e200000, 0x000000070e200000, 0x000000070e400000|  0%| F|  |TAMS 0x000000070e200000, 0x000000070e200000| Untracked 
|  96|0x000000070e400000, 0x000000070e400000, 0x000000070e600000|  0%| F|  |TAMS 0x000000070e400000, 0x000000070e400000| Untracked 
|  97|0x000000070e600000, 0x000000070e600000, 0x000000070e800000|  0%| F|  |TAMS 0x000000070e600000, 0x000000070e600000| Untracked 
|  98|0x000000070e800000, 0x000000070e800000, 0x000000070ea00000|  0%| F|  |TAMS 0x000000070e800000, 0x000000070e800000| Untracked 
|  99|0x000000070ea00000, 0x000000070ea00000, 0x000000070ec00000|  0%| F|  |TAMS 0x000000070ea00000, 0x000000070ea00000| Untracked 
| 100|0x000000070ec00000, 0x000000070ec00000, 0x000000070ee00000|  0%| F|  |TAMS 0x000000070ec00000, 0x000000070ec00000| Untracked 
| 101|0x000000070ee00000, 0x000000070ee00000, 0x000000070f000000|  0%| F|  |TAMS 0x000000070ee00000, 0x000000070ee00000| Untracked 
| 102|0x000000070f000000, 0x000000070f000000, 0x000000070f200000|  0%| F|  |TAMS 0x000000070f000000, 0x000000070f000000| Untracked 
| 103|0x000000070f200000, 0x000000070f200000, 0x000000070f400000|  0%| F|  |TAMS 0x000000070f200000, 0x000000070f200000| Untracked 
| 104|0x000000070f400000, 0x000000070f400000, 0x000000070f600000|  0%| F|  |TAMS 0x000000070f400000, 0x000000070f400000| Untracked 
| 105|0x000000070f600000, 0x000000070f600000, 0x000000070f800000|  0%| F|  |TAMS 0x000000070f600000, 0x000000070f600000| Untracked 
| 106|0x000000070f800000, 0x000000070f800000, 0x000000070fa00000|  0%| F|  |TAMS 0x000000070f800000, 0x000000070f800000| Untracked 
| 107|0x000000070fa00000, 0x000000070fa00000, 0x000000070fc00000|  0%| F|  |TAMS 0x000000070fa00000, 0x000000070fa00000| Untracked 
| 108|0x000000070fc00000, 0x000000070fc00000, 0x000000070fe00000|  0%| F|  |TAMS 0x000000070fc00000, 0x000000070fc00000| Untracked 
| 109|0x000000070fe00000, 0x000000070fe00000, 0x0000000710000000|  0%| F|  |TAMS 0x000000070fe00000, 0x000000070fe00000| Untracked 
| 110|0x0000000710000000, 0x0000000710000000, 0x0000000710200000|  0%| F|  |TAMS 0x0000000710000000, 0x0000000710000000| Untracked 
| 111|0x0000000710200000, 0x0000000710200000, 0x0000000710400000|  0%| F|  |TAMS 0x0000000710200000, 0x0000000710200000| Untracked 
| 112|0x0000000710400000, 0x0000000710400000, 0x0000000710600000|  0%| F|  |TAMS 0x0000000710400000, 0x0000000710400000| Untracked 
| 113|0x0000000710600000, 0x0000000710600000, 0x0000000710800000|  0%| F|  |TAMS 0x0000000710600000, 0x0000000710600000| Untracked 
| 114|0x0000000710800000, 0x0000000710800000, 0x0000000710a00000|  0%| F|  |TAMS 0x0000000710800000, 0x0000000710800000| Untracked 
| 115|0x0000000710a00000, 0x0000000710a00000, 0x0000000710c00000|  0%| F|  |TAMS 0x0000000710a00000, 0x0000000710a00000| Untracked 
| 116|0x0000000710c00000, 0x0000000710c00000, 0x0000000710e00000|  0%| F|  |TAMS 0x0000000710c00000, 0x0000000710c00000| Untracked 
| 117|0x0000000710e00000, 0x0000000710e00000, 0x0000000711000000|  0%| F|  |TAMS 0x0000000710e00000, 0x0000000710e00000| Untracked 
| 118|0x0000000711000000, 0x0000000711000000, 0x0000000711200000|  0%| F|  |TAMS 0x0000000711000000, 0x0000000711000000| Untracked 
| 119|0x0000000711200000, 0x0000000711200000, 0x0000000711400000|  0%| F|  |TAMS 0x0000000711200000, 0x0000000711200000| Untracked 
| 120|0x0000000711400000, 0x0000000711400000, 0x0000000711600000|  0%| F|  |TAMS 0x0000000711400000, 0x0000000711400000| Untracked 
| 121|0x0000000711600000, 0x0000000711600000, 0x0000000711800000|  0%| F|  |TAMS 0x0000000711600000, 0x0000000711600000| Untracked 
| 122|0x0000000711800000, 0x0000000711800000, 0x0000000711a00000|  0%| F|  |TAMS 0x0000000711800000, 0x0000000711800000| Untracked 
| 123|0x0000000711a00000, 0x0000000711a00000, 0x0000000711c00000|  0%| F|  |TAMS 0x0000000711a00000, 0x0000000711a00000| Untracked 
| 124|0x0000000711c00000, 0x0000000711c00000, 0x0000000711e00000|  0%| F|  |TAMS 0x0000000711c00000, 0x0000000711c00000| Untracked 
| 125|0x0000000711e00000, 0x0000000711e00000, 0x0000000712000000|  0%| F|  |TAMS 0x0000000711e00000, 0x0000000711e00000| Untracked 
| 126|0x0000000712000000, 0x0000000712000000, 0x0000000712200000|  0%| F|  |TAMS 0x0000000712000000, 0x0000000712000000| Untracked 

Card table byte_map: [0x0000022f538b0000,0x0000022f540a0000] _byte_map_base: 0x0000022f5009e000

Marking Bits (Prev, Next): (CMBitMap*) 0x0000022f47fffb90, (CMBitMap*) 0x0000022f47fffbd0
 Prev Bits: [0x0000022f54890000, 0x0000022f58800000)
 Next Bits: [0x0000022f58800000, 0x0000022f5c770000)

Polling page: 0x0000022f45e60000

Metaspace:

Usage:
  Non-class:     74.08 MB used.
      Class:     12.68 MB used.
       Both:     86.76 MB used.

Virtual space:
  Non-class space:      128.00 MB reserved,      74.50 MB ( 58%) committed,  2 nodes.
      Class space:        1.00 GB reserved,      13.06 MB (  1%) committed,  1 nodes.
             Both:        1.12 GB reserved,      87.56 MB (  8%) committed. 

Chunk freelists:
   Non-Class:  5.56 MB
       Class:  2.98 MB
        Both:  8.55 MB

MaxMetaspaceSize: unlimited
CompressedClassSpaceSize: 1.00 GB
Initial GC threshold: 21.00 MB
Current GC threshold: 145.94 MB
CDS: on
MetaspaceReclaimPolicy: balanced
 - commit_granule_bytes: 65536.
 - commit_granule_words: 8192.
 - virtual_space_node_default_size: 8388608.
 - enlarge_chunks_in_place: 1.
 - new_chunks_are_fully_committed: 0.
 - uncommit_free_chunks: 1.
 - use_allocation_guard: 0.
 - handle_deallocations: 1.


Internal statistics:

num_allocs_failed_limit: 9.
num_arena_births: 1102.
num_arena_deaths: 22.
num_vsnodes_births: 3.
num_vsnodes_deaths: 0.
num_space_committed: 1399.
num_space_uncommitted: 0.
num_chunks_returned_to_freelist: 42.
num_chunks_taken_from_freelist: 4406.
num_chunk_merges: 10.
num_chunk_splits: 3161.
num_chunks_enlarged: 2408.
num_inconsistent_stats: 0.

CodeCache: size=49152Kb used=20409Kb max_used=20409Kb free=28742Kb
 bounds [0x0000022f4f830000, 0x0000022f50c20000, 0x0000022f52830000]
 total_blobs=11248 nmethods=10504 adapters=664
 compilation: enabled
              stopped_count=0, restarted_count=0
 full_count=0

Compilation events (20 events):
Event: 7.532 Thread 0x0000022f5fbf7820 nmethod 10494 0x0000022f50c1aa10 code [0x0000022f50c1aba0, 0x0000022f50c1ac88]
Event: 7.532 Thread 0x0000022f5fa90560 nmethod 10495 0x0000022f50c1ad10 code [0x0000022f50c1aea0, 0x0000022f50c1af78]
Event: 7.532 Thread 0x0000022f64f86230 10496   !   1       org.antlr.v4.runtime.atn.LexerActionExecutor::execute (166 bytes)
Event: 7.532 Thread 0x0000022f5faceeb0 10497       1       org.antlr.v4.runtime.atn.LexerSkipAction::execute (5 bytes)
Event: 7.532 Thread 0x0000022f5fbf7820 10498       1       org.antlr.v4.runtime.Lexer::skip (7 bytes)
Event: 7.532 Thread 0x0000022f5fbf7820 nmethod 10498 0x0000022f50c1b010 code [0x0000022f50c1b1a0, 0x0000022f50c1b278]
Event: 7.532 Thread 0x0000022f5faceeb0 nmethod 10497 0x0000022f50c1b310 code [0x0000022f50c1b4a0, 0x0000022f50c1b578]
Event: 7.533 Thread 0x0000022f64f86230 nmethod 10496 0x0000022f50c1b610 code [0x0000022f50c1b800, 0x0000022f50c1bd18]
Event: 7.537 Thread 0x0000022f5fbf7820 10499       1       org.antlr.v4.runtime.atn.PredictionMode::hasSLLConflictTerminatingPrediction (109 bytes)
Event: 7.537 Thread 0x0000022f5fbf7820 nmethod 10499 0x0000022f50c1c190 code [0x0000022f50c1c3a0, 0x0000022f50c1c878]
Event: 7.560 Thread 0x0000022f5fa90560 10500       1       java.util.ArrayList::equals (62 bytes)
Event: 7.560 Thread 0x0000022f5fa90560 nmethod 10500 0x0000022f50c1cb90 code [0x0000022f50c1cd60, 0x0000022f50c1d0c8]
Event: 7.688 Thread 0x0000022f5fa90560 10501       1       java.security.CodeSource::<init> (52 bytes)
Event: 7.688 Thread 0x0000022f5fa90560 nmethod 10501 0x0000022f50c1d210 code [0x0000022f50c1d3c0, 0x0000022f50c1d6f8]
Event: 7.689 Thread 0x0000022f5fa90560 10502       1       java.io.ObjectStreamClass$FieldReflectorKey::hashCode (5 bytes)
Event: 7.689 Thread 0x0000022f5fa90560 nmethod 10502 0x0000022f50c1d810 code [0x0000022f50c1d9a0, 0x0000022f50c1da78]
Event: 7.768 Thread 0x0000022f5faceeb0 10503       1       org.antlr.v4.runtime.dfa.DFAState::equals (35 bytes)
Event: 7.768 Thread 0x0000022f5fbf7820 10504       1       org.antlr.v4.runtime.atn.ATNConfigSet::equals (105 bytes)
Event: 7.768 Thread 0x0000022f5faceeb0 nmethod 10503 0x0000022f50c1db10 code [0x0000022f50c1dcc0, 0x0000022f50c1dea8]
Event: 7.768 Thread 0x0000022f5fbf7820 nmethod 10504 0x0000022f50c1df90 code [0x0000022f50c1e140, 0x0000022f50c1e3c8]

GC Heap History (20 events):
Event: 6.888 GC heap after
{Heap after GC invocations=18 (full 0):
 garbage-first heap   total 131072K, used 47434K [0x0000000702400000, 0x0000000800000000)
  region size 2048K, 4 young (8192K), 4 survivors (8192K)
 Metaspace       used 82311K, committed 82944K, reserved 1179648K
  class space    used 11956K, committed 12288K, reserved 1048576K
}
Event: 7.019 GC heap before
{Heap before GC invocations=18 (full 0):
 garbage-first heap   total 131072K, used 104778K [0x0000000702400000, 0x0000000800000000)
  region size 2048K, 32 young (65536K), 4 survivors (8192K)
 Metaspace       used 83832K, committed 84480K, reserved 1179648K
  class space    used 12146K, committed 12480K, reserved 1048576K
}
Event: 7.022 GC heap after
{Heap after GC invocations=19 (full 0):
 garbage-first heap   total 131072K, used 48742K [0x0000000702400000, 0x0000000800000000)
  region size 2048K, 3 young (6144K), 3 survivors (6144K)
 Metaspace       used 83832K, committed 84480K, reserved 1179648K
  class space    used 12146K, committed 12480K, reserved 1048576K
}
Event: 7.137 GC heap before
{Heap before GC invocations=19 (full 0):
 garbage-first heap   total 131072K, used 104038K [0x0000000702400000, 0x0000000800000000)
  region size 2048K, 30 young (61440K), 3 survivors (6144K)
 Metaspace       used 84545K, committed 85248K, reserved 1179648K
  class space    used 12257K, committed 12608K, reserved 1048576K
}
Event: 7.141 GC heap after
{Heap after GC invocations=20 (full 0):
 garbage-first heap   total 131072K, used 54457K [0x0000000702400000, 0x0000000800000000)
  region size 2048K, 4 young (8192K), 4 survivors (8192K)
 Metaspace       used 84545K, committed 85248K, reserved 1179648K
  class space    used 12257K, committed 12608K, reserved 1048576K
}
Event: 7.296 GC heap before
{Heap before GC invocations=20 (full 0):
 garbage-first heap   total 131072K, used 101561K [0x0000000702400000, 0x0000000800000000)
  region size 2048K, 27 young (55296K), 4 survivors (8192K)
 Metaspace       used 86513K, committed 87232K, reserved 1179648K
  class space    used 12571K, committed 12928K, reserved 1048576K
}
Event: 7.298 GC heap after
{Heap after GC invocations=21 (full 0):
 garbage-first heap   total 131072K, used 51360K [0x0000000702400000, 0x0000000800000000)
  region size 2048K, 1 young (2048K), 1 survivors (2048K)
 Metaspace       used 86513K, committed 87232K, reserved 1179648K
  class space    used 12571K, committed 12928K, reserved 1048576K
}
Event: 7.524 GC heap before
{Heap before GC invocations=21 (full 0):
 garbage-first heap   total 131072K, used 104608K [0x0000000702400000, 0x0000000800000000)
  region size 2048K, 27 young (55296K), 1 survivors (2048K)
 Metaspace       used 88879K, committed 89664K, reserved 1179648K
  class space    used 12994K, committed 13376K, reserved 1048576K
}
Event: 7.526 GC heap after
{Heap after GC invocations=22 (full 0):
 garbage-first heap   total 157696K, used 52579K [0x0000000702400000, 0x0000000800000000)
  region size 2048K, 2 young (4096K), 2 survivors (4096K)
 Metaspace       used 88879K, committed 89664K, reserved 1179648K
  class space    used 12994K, committed 13376K, reserved 1048576K
}
Event: 7.607 GC heap before
{Heap before GC invocations=22 (full 0):
 garbage-first heap   total 157696K, used 128355K [0x0000000702400000, 0x0000000800000000)
  region size 2048K, 39 young (79872K), 2 survivors (4096K)
 Metaspace       used 88883K, committed 89664K, reserved 1179648K
  class space    used 12994K, committed 13376K, reserved 1048576K
}
Event: 7.613 GC heap after
{Heap after GC invocations=23 (full 0):
 garbage-first heap   total 157696K, used 67242K [0x0000000702400000, 0x0000000800000000)
  region size 2048K, 5 young (10240K), 5 survivors (10240K)
 Metaspace       used 88883K, committed 89664K, reserved 1179648K
  class space    used 12994K, committed 13376K, reserved 1048576K
}
Event: 7.662 GC heap before
{Heap before GC invocations=23 (full 0):
 garbage-first heap   total 157696K, used 116394K [0x0000000702400000, 0x0000000800000000)
  region size 2048K, 30 young (61440K), 5 survivors (10240K)
 Metaspace       used 88883K, committed 89664K, reserved 1179648K
  class space    used 12994K, committed 13376K, reserved 1048576K
}
Event: 7.673 GC heap after
{Heap after GC invocations=24 (full 0):
 garbage-first heap   total 157696K, used 87358K [0x0000000702400000, 0x0000000800000000)
  region size 2048K, 4 young (8192K), 4 survivors (8192K)
 Metaspace       used 88883K, committed 89664K, reserved 1179648K
  class space    used 12994K, committed 13376K, reserved 1048576K
}
Event: 7.674 GC heap before
{Heap before GC invocations=24 (full 0):
 garbage-first heap   total 157696K, used 87358K [0x0000000702400000, 0x0000000800000000)
  region size 2048K, 5 young (10240K), 4 survivors (8192K)
 Metaspace       used 88883K, committed 89664K, reserved 1179648K
  class space    used 12994K, committed 13376K, reserved 1048576K
}
Event: 7.677 GC heap after
{Heap after GC invocations=25 (full 0):
 garbage-first heap   total 157696K, used 89897K [0x0000000702400000, 0x0000000800000000)
  region size 2048K, 1 young (2048K), 1 survivors (2048K)
 Metaspace       used 88883K, committed 89664K, reserved 1179648K
  class space    used 12994K, committed 13376K, reserved 1048576K
}
Event: 7.739 GC heap before
{Heap before GC invocations=26 (full 0):
 garbage-first heap   total 182272K, used 120617K [0x0000000702400000, 0x0000000800000000)
  region size 2048K, 15 young (30720K), 1 survivors (2048K)
 Metaspace       used 88847K, committed 89664K, reserved 1179648K
  class space    used 12989K, committed 13376K, reserved 1048576K
}
Event: 7.742 GC heap after
{Heap after GC invocations=27 (full 0):
 garbage-first heap   total 182272K, used 93961K [0x0000000702400000, 0x0000000800000000)
  region size 2048K, 2 young (4096K), 2 survivors (4096K)
 Metaspace       used 88847K, committed 89664K, reserved 1179648K
  class space    used 12989K, committed 13376K, reserved 1048576K
}
Event: 7.755 GC heap before
{Heap before GC invocations=27 (full 0):
 garbage-first heap   total 182272K, used 98057K [0x0000000702400000, 0x0000000800000000)
  region size 2048K, 4 young (8192K), 2 survivors (4096K)
 Metaspace       used 88847K, committed 89664K, reserved 1179648K
  class space    used 12989K, committed 13376K, reserved 1048576K
}
Event: 7.757 GC heap after
{Heap after GC invocations=28 (full 0):
 garbage-first heap   total 182272K, used 96349K [0x0000000702400000, 0x0000000800000000)
  region size 2048K, 1 young (2048K), 1 survivors (2048K)
 Metaspace       used 88847K, committed 89664K, reserved 1179648K
  class space    used 12989K, committed 13376K, reserved 1048576K
}
Event: 7.800 GC heap before
{Heap before GC invocations=28 (full 0):
 garbage-first heap   total 182272K, used 135261K [0x0000000702400000, 0x0000000800000000)
  region size 2048K, 20 young (40960K), 1 survivors (2048K)
 Metaspace       used 88847K, committed 89664K, reserved 1179648K
  class space    used 12989K, committed 13376K, reserved 1048576K
}

Deoptimization events (14 events):
Event: 2.211 Thread 0x0000022f644133e0 DEOPT PACKING pc=0x0000022f501aa8ec sp=0x00000065646fa7b0
Event: 2.211 Thread 0x0000022f644133e0 DEOPT UNPACKING pc=0x0000022f4f882b43 sp=0x00000065646f9c68 mode 0
Event: 2.404 Thread 0x0000022f644133e0 DEOPT PACKING pc=0x0000022f503dbbac sp=0x00000065646fbed0
Event: 2.404 Thread 0x0000022f644133e0 DEOPT UNPACKING pc=0x0000022f4f882b43 sp=0x00000065646fb490 mode 0
Event: 2.404 Thread 0x0000022f644133e0 DEOPT PACKING pc=0x0000022f50392ce4 sp=0x00000065646fc3a0
Event: 2.404 Thread 0x0000022f644133e0 DEOPT UNPACKING pc=0x0000022f4f882b43 sp=0x00000065646fb8a0 mode 0
Event: 2.573 Thread 0x0000022f644133e0 DEOPT PACKING pc=0x0000022f4fe0ff89 sp=0x00000065646fe130
Event: 2.573 Thread 0x0000022f644133e0 DEOPT UNPACKING pc=0x0000022f4f882b43 sp=0x00000065646fd5c0 mode 3
Event: 2.574 Thread 0x0000022f65318300 DEOPT PACKING pc=0x0000022f4fda779f sp=0x00000065657fece0
Event: 2.574 Thread 0x0000022f65318300 DEOPT UNPACKING pc=0x0000022f4f882b43 sp=0x00000065657fe138 mode 3
Event: 6.235 Thread 0x0000022f644133e0 DEOPT PACKING pc=0x0000022f503fd914 sp=0x00000065646fb960
Event: 6.235 Thread 0x0000022f644133e0 DEOPT UNPACKING pc=0x0000022f4f882b43 sp=0x00000065646fae70 mode 0
Event: 6.678 Thread 0x0000022f652fad10 DEOPT PACKING pc=0x0000022f5076405c sp=0x00000065648fe950
Event: 6.678 Thread 0x0000022f652fad10 DEOPT UNPACKING pc=0x0000022f4f882b43 sp=0x00000065648fde78 mode 0

Classes unloaded (11 events):
Event: 7.697 Thread 0x0000022f5faa3240 Unloading class 0x0000022f01d02c00 'jdk/internal/reflect/GeneratedSerializationConstructorAccessor37'
Event: 7.697 Thread 0x0000022f5faa3240 Unloading class 0x0000022f01d02400 'jdk/internal/reflect/GeneratedSerializationConstructorAccessor36'
Event: 7.697 Thread 0x0000022f5faa3240 Unloading class 0x0000022f01cf9c00 'jdk/internal/reflect/GeneratedSerializationConstructorAccessor35'
Event: 7.697 Thread 0x0000022f5faa3240 Unloading class 0x0000022f01cf8000 'jdk/internal/reflect/GeneratedSerializationConstructorAccessor34'
Event: 7.697 Thread 0x0000022f5faa3240 Unloading class 0x0000022f01cf3400 'jdk/internal/reflect/GeneratedSerializationConstructorAccessor33'
Event: 7.697 Thread 0x0000022f5faa3240 Unloading class 0x0000022f01cf3000 'jdk/internal/reflect/GeneratedSerializationConstructorAccessor32'
Event: 7.697 Thread 0x0000022f5faa3240 Unloading class 0x0000022f01c41400 'jdk/internal/reflect/GeneratedSerializationConstructorAccessor23'
Event: 7.697 Thread 0x0000022f5faa3240 Unloading class 0x0000022f01c40c00 'jdk/internal/reflect/GeneratedSerializationConstructorAccessor22'
Event: 7.697 Thread 0x0000022f5faa3240 Unloading class 0x0000022f01c40000 'jdk/internal/reflect/GeneratedSerializationConstructorAccessor21'
Event: 7.697 Thread 0x0000022f5faa3240 Unloading class 0x0000022f01c2c400 'jdk/internal/reflect/GeneratedSerializationConstructorAccessor20'
Event: 7.697 Thread 0x0000022f5faa3240 Unloading class 0x0000022f01a9c800 'jdk/internal/reflect/GeneratedSerializationConstructorAccessor18'

Classes redefined (0 events):
No events

Internal exceptions (20 events):
Event: 7.422 Thread 0x0000022f644133e0 Exception <a 'java/lang/IllegalArgumentException'{0x000000070972e3f0}: Wrong type at constant pool index> (0x000000070972e3f0) 
thrown [s\open\src\hotspot\share\prims\jvm.cpp, line 2095]
Event: 7.422 Thread 0x0000022f644133e0 Exception <a 'java/lang/reflect/InvocationTargetException'{0x000000070972ec10}> (0x000000070972ec10) 
thrown [s\open\src\hotspot\share\runtime\reflection.cpp, line 1121]
Event: 7.422 Thread 0x0000022f644133e0 Exception <a 'java/lang/IllegalArgumentException'{0x000000070972f498}: Wrong type at constant pool index> (0x000000070972f498) 
thrown [s\open\src\hotspot\share\prims\jvm.cpp, line 2095]
Event: 7.422 Thread 0x0000022f644133e0 Exception <a 'java/lang/reflect/InvocationTargetException'{0x000000070972fcb8}> (0x000000070972fcb8) 
thrown [s\open\src\hotspot\share\runtime\reflection.cpp, line 1121]
Event: 7.422 Thread 0x0000022f644133e0 Exception <a 'java/lang/NoSuchMethodError'{0x0000000709731628}: 'double java.lang.invoke.DirectMethodHandle$Holder.invokeVirtual(java.lang.Object, java.lang.Object)'> (0x0000000709731628) 
thrown [s\open\src\hotspot\share\interpreter\linkResolver.cpp, line 759]
Event: 7.422 Thread 0x0000022f644133e0 Exception <a 'java/lang/NoSuchMethodError'{0x00000007097380c0}: 'void java.lang.invoke.DirectMethodHandle$Holder.invokeVirtual(java.lang.Object, java.lang.Object, double)'> (0x00000007097380c0) 
thrown [s\open\src\hotspot\share\interpreter\linkResolver.cpp, line 759]
Event: 7.422 Thread 0x0000022f644133e0 Exception <a 'java/lang/IllegalArgumentException'{0x000000070973e720}: Wrong type at constant pool index> (0x000000070973e720) 
thrown [s\open\src\hotspot\share\prims\jvm.cpp, line 2095]
Event: 7.422 Thread 0x0000022f644133e0 Exception <a 'java/lang/reflect/InvocationTargetException'{0x000000070973ef40}> (0x000000070973ef40) 
thrown [s\open\src\hotspot\share\runtime\reflection.cpp, line 1121]
Event: 7.422 Thread 0x0000022f644133e0 Exception <a 'java/lang/IllegalArgumentException'{0x000000070973f7c8}: Wrong type at constant pool index> (0x000000070973f7c8) 
thrown [s\open\src\hotspot\share\prims\jvm.cpp, line 2095]
Event: 7.422 Thread 0x0000022f644133e0 Exception <a 'java/lang/reflect/InvocationTargetException'{0x000000070973ffe8}> (0x000000070973ffe8) 
thrown [s\open\src\hotspot\share\runtime\reflection.cpp, line 1121]
Event: 7.423 Thread 0x0000022f644133e0 Exception <a 'java/lang/IllegalArgumentException'{0x0000000709748e10}: Wrong type at constant pool index> (0x0000000709748e10) 
thrown [s\open\src\hotspot\share\prims\jvm.cpp, line 2095]
Event: 7.423 Thread 0x0000022f644133e0 Exception <a 'java/lang/reflect/InvocationTargetException'{0x0000000709749630}> (0x0000000709749630) 
thrown [s\open\src\hotspot\share\runtime\reflection.cpp, line 1121]
Event: 7.423 Thread 0x0000022f644133e0 Exception <a 'java/lang/IllegalArgumentException'{0x0000000709749eb8}: Wrong type at constant pool index> (0x0000000709749eb8) 
thrown [s\open\src\hotspot\share\prims\jvm.cpp, line 2095]
Event: 7.423 Thread 0x0000022f644133e0 Exception <a 'java/lang/IllegalArgumentException'{0x0000000709754758}: Wrong type at constant pool index> (0x0000000709754758) 
thrown [s\open\src\hotspot\share\prims\jvm.cpp, line 2095]
Event: 7.423 Thread 0x0000022f644133e0 Exception <a 'java/lang/IllegalArgumentException'{0x0000000709755800}: Wrong type at constant pool index> (0x0000000709755800) 
thrown [s\open\src\hotspot\share\prims\jvm.cpp, line 2095]
Event: 7.430 Thread 0x0000022f644133e0 Exception <a 'java/lang/IllegalArgumentException'{0x00000007094ba7a0}: Wrong type at constant pool index> (0x00000007094ba7a0) 
thrown [s\open\src\hotspot\share\prims\jvm.cpp, line 2095]
Event: 7.430 Thread 0x0000022f644133e0 Exception <a 'java/lang/IllegalArgumentException'{0x00000007094bb848}: Wrong type at constant pool index> (0x00000007094bb848) 
thrown [s\open\src\hotspot\share\prims\jvm.cpp, line 2095]
Event: 7.430 Thread 0x0000022f644133e0 Exception <a 'java/lang/IllegalArgumentException'{0x00000007094c2080}: Wrong type at constant pool index> (0x00000007094c2080) 
thrown [s\open\src\hotspot\share\prims\jvm.cpp, line 2095]
Event: 7.430 Thread 0x0000022f644133e0 Exception <a 'java/lang/IllegalArgumentException'{0x00000007094c3128}: Wrong type at constant pool index> (0x00000007094c3128) 
thrown [s\open\src\hotspot\share\prims\jvm.cpp, line 2095]
Event: 7.472 Thread 0x0000022f644133e0 Exception <a 'java/lang/NoSuchMethodError'{0x0000000708748978}: 'java.lang.Object java.lang.invoke.Invokers$Holder.invoke_MT(java.lang.Object, java.lang.Object, java.lang.Object, java.lang.Object, java.lang.Object, java.lang.Object, java.lang.Object, java.lang.Object, java.lang.Object)'> (0x0000000708748978) 
thrown [s\open\src\hotspot\share\interpreter\linkResolver.cpp, line 759]

VM Operations (20 events):
Event: 7.298 Executing VM operation: G1CollectForAllocation done
Event: 7.418 Executing VM operation: ICBufferFull
Event: 7.418 Executing VM operation: ICBufferFull done
Event: 7.524 Executing VM operation: G1CollectForAllocation
Event: 7.526 Executing VM operation: G1CollectForAllocation done
Event: 7.606 Executing VM operation: G1CollectForAllocation
Event: 7.613 Executing VM operation: G1CollectForAllocation done
Event: 7.662 Executing VM operation: G1CollectForAllocation
Event: 7.673 Executing VM operation: G1CollectForAllocation done
Event: 7.674 Executing VM operation: G1TryInitiateConcMark
Event: 7.677 Executing VM operation: G1TryInitiateConcMark done
Event: 7.697 Executing VM operation: G1Concurrent
Event: 7.705 Executing VM operation: G1Concurrent done
Event: 7.717 Executing VM operation: G1Concurrent
Event: 7.724 Executing VM operation: G1Concurrent done
Event: 7.734 Executing VM operation: G1CollectForAllocation
Event: 7.742 Executing VM operation: G1CollectForAllocation done
Event: 7.746 Executing VM operation: G1CollectForAllocation
Event: 7.757 Executing VM operation: G1CollectForAllocation done
Event: 7.800 Executing VM operation: G1CollectForAllocation

Events (20 events):
Event: 7.184 Thread 0x0000022f665be740 Thread added: 0x0000022f665be740
Event: 7.187 Thread 0x0000022f665be740 Thread exited: 0x0000022f665be740
Event: 7.270 loading class jdk/internal/vm/annotation/ForceInline
Event: 7.270 loading class jdk/internal/vm/annotation/ForceInline done
Event: 7.339 loading class sun/reflect/annotation/TypeAnnotation$TypeAnnotationTarget
Event: 7.339 loading class sun/reflect/annotation/TypeAnnotation$TypeAnnotationTarget done
Event: 7.340 loading class sun/reflect/annotation/TypeAnnotationParser
Event: 7.340 loading class sun/reflect/annotation/TypeAnnotationParser done
Event: 7.340 loading class sun/reflect/annotation/TypeAnnotation
Event: 7.340 loading class sun/reflect/annotation/TypeAnnotation done
Event: 7.340 loading class sun/reflect/annotation/AnnotatedTypeFactory
Event: 7.340 loading class sun/reflect/annotation/AnnotatedTypeFactory done
Event: 7.340 loading class sun/reflect/annotation/AnnotatedTypeFactory$AnnotatedTypeBaseImpl
Event: 7.340 loading class sun/reflect/annotation/AnnotatedTypeFactory$AnnotatedTypeBaseImpl done
Event: 7.340 loading class sun/reflect/annotation/TypeAnnotation$LocationInfo
Event: 7.340 loading class sun/reflect/annotation/TypeAnnotation$LocationInfo done
Event: 7.340 loading class sun/reflect/annotation/TypeAnnotation$LocationInfo$Location
Event: 7.340 loading class sun/reflect/annotation/TypeAnnotation$LocationInfo$Location done
Event: 7.688 Thread 0x0000022f665bd300 Thread added: 0x0000022f665bd300
Event: 7.691 Thread 0x0000022f665bd300 Thread exited: 0x0000022f665bd300


Dynamic libraries:
0x00007ff673110000 - 0x00007ff673120000 	C:\Program Files\Java\jdk-17\bin\java.exe
0x00007ffe4cf10000 - 0x00007ffe4d127000 	C:\WINDOWS\SYSTEM32\ntdll.dll
0x00007ffe4ac30000 - 0x00007ffe4acf4000 	C:\WINDOWS\System32\KERNEL32.DLL
0x00007ffe4a2a0000 - 0x00007ffe4a65a000 	C:\WINDOWS\System32\KERNELBASE.dll
0x00007ffe4a660000 - 0x00007ffe4a771000 	C:\WINDOWS\System32\ucrtbase.dll
0x00007ffe3b4a0000 - 0x00007ffe3b4b9000 	C:\Program Files\Java\jdk-17\bin\jli.dll
0x00007ffe3b440000 - 0x00007ffe3b45b000 	C:\Program Files\Java\jdk-17\bin\VCRUNTIME140.dll
0x00007ffe4b3a0000 - 0x00007ffe4b452000 	C:\WINDOWS\System32\ADVAPI32.dll
0x00007ffe4c4f0000 - 0x00007ffe4c597000 	C:\WINDOWS\System32\msvcrt.dll
0x00007ffe4ad50000 - 0x00007ffe4adf7000 	C:\WINDOWS\System32\sechost.dll
0x00007ffe4a780000 - 0x00007ffe4a7a8000 	C:\WINDOWS\System32\bcrypt.dll
0x00007ffe4ae00000 - 0x00007ffe4af14000 	C:\WINDOWS\System32\RPCRT4.dll
0x00007ffe4cd20000 - 0x00007ffe4cece000 	C:\WINDOWS\System32\USER32.dll
0x00007ffe4a830000 - 0x00007ffe4a856000 	C:\WINDOWS\System32\win32u.dll
0x00007ffe4c2b0000 - 0x00007ffe4c2d9000 	C:\WINDOWS\System32\GDI32.dll
0x00007ffe49450000 - 0x00007ffe496e2000 	C:\WINDOWS\WinSxS\amd64_microsoft.windows.common-controls_6595b64144ccf1df_6.0.22621.4541_none_2710d1c57384c085\COMCTL32.dll
0x00007ffe4aaf0000 - 0x00007ffe4ac0b000 	C:\WINDOWS\System32\gdi32full.dll
0x00007ffe4a860000 - 0x00007ffe4a8fa000 	C:\WINDOWS\System32\msvcp_win.dll
0x00007ffe42800000 - 0x00007ffe4280a000 	C:\WINDOWS\SYSTEM32\VERSION.dll
0x00007ffe4bea0000 - 0x00007ffe4bed1000 	C:\WINDOWS\System32\IMM32.DLL
0x00007ffe3c130000 - 0x00007ffe3c13c000 	C:\Program Files\Java\jdk-17\bin\vcruntime140_1.dll
0x00007ffe37e00000 - 0x00007ffe37e8e000 	C:\Program Files\Java\jdk-17\bin\msvcp140.dll
0x00007ffde69e0000 - 0x00007ffde75c0000 	C:\Program Files\Java\jdk-17\bin\server\jvm.dll
0x00007ffe4c7e0000 - 0x00007ffe4c7e8000 	C:\WINDOWS\System32\PSAPI.DLL
0x00007ffe3ec20000 - 0x00007ffe3ec54000 	C:\WINDOWS\SYSTEM32\WINMM.dll
0x00007ffe2a6f0000 - 0x00007ffe2a6f9000 	C:\WINDOWS\SYSTEM32\WSOCK32.dll
0x00007ffe4c1b0000 - 0x00007ffe4c221000 	C:\WINDOWS\System32\WS2_32.dll
0x00007ffe48920000 - 0x00007ffe48938000 	C:\WINDOWS\SYSTEM32\kernel.appcore.dll
0x00007ffe3bc80000 - 0x00007ffe3bc8a000 	C:\Program Files\Java\jdk-17\bin\jimage.dll
0x00007ffe49b40000 - 0x00007ffe49d72000 	C:\WINDOWS\SYSTEM32\DBGHELP.DLL
0x00007ffe4c7f0000 - 0x00007ffe4cb7f000 	C:\WINDOWS\System32\combase.dll
0x00007ffe4cb90000 - 0x00007ffe4cc67000 	C:\WINDOWS\System32\OLEAUT32.dll
0x00007ffe499e0000 - 0x00007ffe49a12000 	C:\WINDOWS\SYSTEM32\dbgcore.DLL
0x00007ffe4a900000 - 0x00007ffe4a97b000 	C:\WINDOWS\System32\bcryptPrimitives.dll
0x00007ffe3b4d0000 - 0x00007ffe3b4de000 	C:\Program Files\Java\jdk-17\bin\instrument.dll
0x00007ffe39250000 - 0x00007ffe39275000 	C:\Program Files\Java\jdk-17\bin\java.dll
0x00007ffe2aa30000 - 0x00007ffe2ab07000 	C:\Program Files\Java\jdk-17\bin\jsvml.dll
0x00007ffe4b620000 - 0x00007ffe4be98000 	C:\WINDOWS\System32\SHELL32.dll
0x00007ffe47680000 - 0x00007ffe47f88000 	C:\WINDOWS\SYSTEM32\windows.storage.dll
0x00007ffe47540000 - 0x00007ffe4767f000 	C:\WINDOWS\SYSTEM32\wintypes.dll
0x00007ffe4c3f0000 - 0x00007ffe4c4ea000 	C:\WINDOWS\System32\SHCORE.dll
0x00007ffe4bee0000 - 0x00007ffe4bf3e000 	C:\WINDOWS\System32\shlwapi.dll
0x00007ffe4a110000 - 0x00007ffe4a13b000 	C:\WINDOWS\SYSTEM32\profapi.dll
0x00007ffe3b320000 - 0x00007ffe3b338000 	C:\Program Files\Java\jdk-17\bin\zip.dll
0x00007ffe39110000 - 0x00007ffe39129000 	C:\Program Files\Java\jdk-17\bin\net.dll
0x00007ffe43660000 - 0x00007ffe43796000 	C:\WINDOWS\SYSTEM32\WINHTTP.dll
0x00007ffe48db0000 - 0x00007ffe48e19000 	C:\WINDOWS\system32\mswsock.dll
0x00007ffe390f0000 - 0x00007ffe39106000 	C:\Program Files\Java\jdk-17\bin\nio.dll
0x00007ffe37de0000 - 0x00007ffe37dfa000 	C:\Program Files\JetBrains\IntelliJ IDEA 2024.2.1\bin\breakgen64.dll
0x00007ffe48490000 - 0x00007ffe48592000 	C:\WINDOWS\SYSTEM32\DNSAPI.dll
0x00007ffe48420000 - 0x00007ffe4844d000 	C:\WINDOWS\SYSTEM32\IPHLPAPI.DLL
0x00007ffe4c3e0000 - 0x00007ffe4c3e9000 	C:\WINDOWS\System32\NSI.dll
0x00007ffe3c400000 - 0x00007ffe3c40a000 	C:\Windows\System32\rasadhlp.dll
0x00007ffe42740000 - 0x00007ffe427c3000 	C:\WINDOWS\System32\fwpuclnt.dll
0x00007ffe3b430000 - 0x00007ffe3b43a000 	C:\Program Files\Java\jdk-17\bin\management.dll
0x00007ffe390e0000 - 0x00007ffe390eb000 	C:\Program Files\Java\jdk-17\bin\management_ext.dll
0x00007ffe49e80000 - 0x00007ffe49e9b000 	C:\WINDOWS\SYSTEM32\CRYPTSP.dll
0x00007ffe49080000 - 0x00007ffe490b5000 	C:\WINDOWS\system32\rsaenh.dll
0x00007ffe48e20000 - 0x00007ffe48e48000 	C:\WINDOWS\SYSTEM32\USERENV.dll
0x00007ffe49120000 - 0x00007ffe4912c000 	C:\WINDOWS\SYSTEM32\CRYPTBASE.dll
0x00007ffe43890000 - 0x00007ffe438a9000 	C:\WINDOWS\SYSTEM32\dhcpcsvc6.DLL
0x00007ffe43640000 - 0x00007ffe4365f000 	C:\WINDOWS\SYSTEM32\dhcpcsvc.DLL
0x00007ffe2b420000 - 0x00007ffe2b437000 	C:\WINDOWS\system32\napinsp.dll
0x00007ffe2b400000 - 0x00007ffe2b41b000 	C:\WINDOWS\system32\pnrpnsp.dll
0x00007ffe2b0e0000 - 0x00007ffe2b0f1000 	C:\WINDOWS\System32\winrnr.dll
0x00007ffe2b0c0000 - 0x00007ffe2b0d5000 	C:\WINDOWS\system32\wshbth.dll
0x00007ffe2b090000 - 0x00007ffe2b0b7000 	C:\WINDOWS\system32\nlansp_c.dll
0x00007ffe38fa0000 - 0x00007ffe38fae000 	C:\Program Files\Java\jdk-17\bin\sunmscapi.dll
0x00007ffe4a980000 - 0x00007ffe4aae6000 	C:\WINDOWS\System32\CRYPT32.dll
0x00007ffe49420000 - 0x00007ffe4944d000 	C:\WINDOWS\SYSTEM32\ncrypt.dll
0x00007ffe493e0000 - 0x00007ffe49417000 	C:\WINDOWS\SYSTEM32\NTASN1.dll
0x00007ffe3b490000 - 0x00007ffe3b4a0000 	C:\Program Files\Java\jdk-17\bin\verify.dll

dbghelp: loaded successfully - version: 4.0.5 - missing functions: none
symbol engine: initialized successfully - sym options: 0x614 - pdb path: .;C:\Program Files\Java\jdk-17\bin;C:\WINDOWS\SYSTEM32;C:\WINDOWS\WinSxS\amd64_microsoft.windows.common-controls_6595b64144ccf1df_6.0.22621.4541_none_2710d1c57384c085;C:\Program Files\Java\jdk-17\bin\server;C:\Program Files\JetBrains\IntelliJ IDEA 2024.2.1\bin

VM Arguments:
jvm_args: -XX:TieredStopAtLevel=1 -Dspring.output.ansi.enabled=always -Dcom.sun.management.jmxremote -Dspring.jmx.enabled=true -Dspring.liveBeansView.mbeanDomain -Dspring.application.admin.enabled=true -Dmanagement.endpoints.jmx.exposure.include=* -javaagent:C:\Program Files\JetBrains\IntelliJ IDEA 2024.2.1\lib\idea_rt.jar=51601:C:\Program Files\JetBrains\IntelliJ IDEA 2024.2.1\bin -Dfile.encoding=UTF-8 
java_command: BackAnt.BackAntApplication
java_class_path (initial): C:\Users\lotte4\Desktop\project\lotte-2nd-project-back-team3\build\classes\java\main;C:\Users\lotte4\Desktop\project\lotte-2nd-project-back-team3\build\resources\main;C:\Users\lotte4\.gradle\caches\modules-2\files-2.1\org.springframework.boot\spring-boot-configuration-processor\3.4.0\fc571725ca8b92a09a48ccce8ab1547464b0bd8b\spring-boot-configuration-processor-3.4.0.jar;C:\Users\lotte4\.gradle\caches\modules-2\files-2.1\org.projectlombok\lombok\1.18.36\5a30490a6e14977d97d9c73c924c1f1b5311ea95\lombok-1.18.36.jar;C:\Users\lotte4\.gradle\caches\modules-2\files-2.1\org.springframework.boot\spring-boot-starter-data-jpa\3.4.0\c6e24cab029e2b2ef36c4a5a5b1a82dbaa9d18c0\spring-boot-starter-data-jpa-3.4.0.jar;C:\Users\lotte4\.gradle\caches\modules-2\files-2.1\org.springframework.boot\spring-boot-starter-security\3.4.0\b4027ba9875f9d78ffec7010da88c1e5b964d6ed\spring-boot-starter-security-3.4.0.jar;C:\Users\lotte4\.gradle\caches\modules-2\files-2.1\org.springframework.boot\spring-boot-starter-websocket\3.4.0\212614049d7748372e4aace3089228591b1c2dba\spring-boot-starter-websocket-3.4.0.jar;C:\Users\lotte4\.gradle\caches\modules-2\files-2.1\org.springframework.boot\spring-boot-starter-web\3.4.0\5447a62dc3dee3eadf2def23314e0db4c81bb3\spring-boot-starter-web-3.4.0.jar;C:\Users\lotte4\.gradle\caches\modules-2\files-2.1\org.springframework.boot\spring-boot-starter-thymeleaf\3.4.0\1ec7fdf829d485800146ec333d6e30af9fbc4830\spring-boot-starter-thymeleaf-3.4.0.jar;C:\Users\lotte4\.gradle\caches\modules-2\files-2.1\org.thymeleaf.extras\thymeleaf-extras-springsecurity6\3.1.2.RELEASE\574c188eb147191e2f162419e9fc780fcf3256d7\thymeleaf-extras-springsecurity6-3.1.2.RELEASE.jar;C:\Users\lotte4\.gradle\caches\modules-2\files-2.1\org.springframework.boot\spring-boot-starter-data-redis\3.4.0\5da88cdbb297c6603b93881184b23891bd6f0a37\spring-boot-starter-data-redis-3.4.0.jar;C:\Users\lotte4\.gradle\caches\modules-2\files-2.1\io.jsonwebtoken\jjwt-api\0.12.6\478886a888f6add0493
Launcher Type: SUN_STANDARD

[Global flags]
     intx CICompilerCount                          = 12                                        {product} {ergonomic}
     uint ConcGCThreads                            = 4                                         {product} {ergonomic}
     uint G1ConcRefinementThreads                  = 15                                        {product} {ergonomic}
   size_t G1HeapRegionSize                         = 2097152                                   {product} {ergonomic}
    uintx GCDrainStackTargetSize                   = 64                                        {product} {ergonomic}
   size_t InitialHeapSize                          = 266338304                                 {product} {ergonomic}
     bool ManagementServer                         = true                                      {product} {command line}
   size_t MarkStackSize                            = 4194304                                   {product} {ergonomic}
   size_t MaxHeapSize                              = 4257218560                                {product} {ergonomic}
   size_t MaxNewSize                               = 2554331136                                {product} {ergonomic}
   size_t MinHeapDeltaBytes                        = 2097152                                   {product} {ergonomic}
   size_t MinHeapSize                              = 8388608                                   {product} {ergonomic}
    uintx NonProfiledCodeHeapSize                  = 0                                      {pd product} {ergonomic}
     bool ProfileInterpreter                       = false                                  {pd product} {command line}
    uintx ProfiledCodeHeapSize                     = 0                                      {pd product} {ergonomic}
   size_t SoftMaxHeapSize                          = 4257218560                             {manageable} {ergonomic}
     intx TieredStopAtLevel                        = 1                                         {product} {command line}
     bool UseCompressedClassPointers               = true                           {product lp64_product} {ergonomic}
     bool UseCompressedOops                        = true                           {product lp64_product} {ergonomic}
     bool UseG1GC                                  = true                                      {product} {ergonomic}
     bool UseLargePagesIndividualAllocation        = false                                  {pd product} {ergonomic}

Logging:
Log output configuration:
 #0: stdout all=warning uptime,level,tags
 #1: stderr all=off uptime,level,tags

Environment Variables:
JAVA_HOME=C:\Program Files\Java\jdk-17
CLASSPATH=C:\Program Files\Java\jdk-17lib
PATH=C:\Program Files\Common Files\Oracle\Java\javapath;C:\WINDOWS\system32;C:\WINDOWS;C:\WINDOWS\System32\Wbem;C:\WINDOWS\System32\WindowsPowerShell\v1.0\;C:\WINDOWS\System32\OpenSSH\;C:\Program Files (x86)\Common Files\Acronis\VirtualFile\;C:\Program Files (x86)\Common Files\Acronis\VirtualFile64\;C:\Program Files (x86)\Common Files\Acronis\FileProtector\;C:\Program Files (x86)\Common Files\Acronis\FileProtector64\;C:\Program Files (x86)\Common Files\Acronis\SnapAPI\;C:\Program Files\Common Files\Autodesk Shared\;C:\Program Files\Microsoft SQL Server\120\Tools\Binn\;C:\Program Files\Java\jdk-17\bin;C:\Program Files\Git\cmd;C:\Program Files\nodejs\;C:\Users\lotte4\AppData\Local\Microsoft\WindowsApps;C:\Users\lotte4\AppData\Local\Programs\Microsoft VS Code\bin;C:\Program Files\JetBrains\IntelliJ IDEA 2024.2.1\bin;;C:\Users\lotte4\AppData\Roaming\npm;
USERNAME=lotte4
OS=Windows_NT
PROCESSOR_IDENTIFIER=Intel64 Family 6 Model 151 Stepping 2, GenuineIntel



---------------  S Y S T E M  ---------------

OS:
 Windows 11 , 64 bit Build 22621 (10.0.22621.4391)
OS uptime: 6 days 12:25 hours
Hyper-V role detected

CPU: total 20 (initial active 20) (10 cores per cpu, 2 threads per core) family 6 model 151 stepping 2 microcode 0x2d, cx8, cmov, fxsr, ht, mmx, 3dnowpref, sse, sse2, sse3, ssse3, sse4.1, sse4.2, popcnt, lzcnt, tsc, tscinvbit, avx, avx2, aes, erms, clmul, bmi1, bmi2, adx, sha, fma, vzeroupper, clflush, clflushopt, clwb, hv

Memory: 4k page, system-wide physical 16234M (2634M free)
TotalPageFile size 65386M (AvailPageFile size 56M)
current process WorkingSet (physical memory assigned to process): 374M, peak: 374M
current process commit charge ("private bytes"): 511M, peak: 627M

vm_info: Java HotSpot(TM) 64-Bit Server VM (17.0.11+7-LTS-207) for windows-amd64 JRE (17.0.11+7-LTS-207), built on Mar 11 2024 19:01:50 by "mach5one" with MS VC++ 17.6 (VS2022)

END.
