#
# There is insufficient memory for the Java Runtime Environment to continue.
# Native memory allocation (mmap) failed to map 293601280 bytes for G1 virtual space
# Possible reasons:
#   The system is out of physical RAM or swap space
#   The process is running with CompressedOops enabled, and the Java Heap may be blocking the growth of the native heap
# Possible solutions:
#   Reduce memory load on the system
#   Increase physical memory or swap space
#   Check if swap backing store is full
#   Decrease Java heap size (-Xmx/-Xms)
#   Decrease number of Java threads
#   Decrease Java thread stack sizes (-Xss)
#   Set larger code cache with -XX:ReservedCodeCacheSize=
#   JVM is running with Zero Based Compressed Oops mode in which the Java heap is
#     placed in the first 32GB address space. The Java Heap base address is the
#     maximum limit for the native heap growth. Please use -XX:HeapBaseMinAddress
#     to set the Java Heap base and to place the Java Heap above 32GB virtual address.
# This output file may be truncated or incomplete.
#
#  Out of Memory Error (os_windows.cpp:3548), pid=9676, tid=14824
#
# JRE version: Java(TM) SE Runtime Environment (17.0.11+7) (build 17.0.11+7-LTS-207)
# Java VM: Java HotSpot(TM) 64-Bit Server VM (17.0.11+7-LTS-207, mixed mode, emulated-client, sharing, tiered, compressed oops, compressed class ptrs, g1 gc, windows-amd64)
# No core dump will be written. Minidumps are not enabled by default on client versions of Windows
#

---------------  S U M M A R Y ------------

Command Line: -XX:TieredStopAtLevel=1 -Dspring.output.ansi.enabled=always -Dcom.sun.management.jmxremote -Dspring.jmx.enabled=true -Dspring.liveBeansView.mbeanDomain -Dspring.application.admin.enabled=true -Dmanagement.endpoints.jmx.exposure.include=* -javaagent:C:\Program Files\JetBrains\IntelliJ IDEA 2024.2.1\lib\idea_rt.jar=64884:C:\Program Files\JetBrains\IntelliJ IDEA 2024.2.1\bin -Dfile.encoding=UTF-8 BackAnt.BackAntApplication

Host: 12th Gen Intel(R) Core(TM) i7-12700F, 20 cores, 15G,  Windows 11 , 64 bit Build 22621 (10.0.22621.4391)
Time: Sat Dec 21 21:52:58 2024  Windows 11 , 64 bit Build 22621 (10.0.22621.4391) elapsed time: 17.800793 seconds (0d 0h 0m 17s)

---------------  T H R E A D  ---------------

Current thread (0x0000011ae56f3220):  VMThread "VM Thread" [stack: 0x0000000b7dc00000,0x0000000b7dd00000] [id=14824]

Stack: [0x0000000b7dc00000,0x0000000b7dd00000]
Native frames: (J=compiled Java code, j=interpreted, Vv=VM code, C=native code)
V  [jvm.dll+0x679cca]
V  [jvm.dll+0x7da13d]
V  [jvm.dll+0x7dba83]
V  [jvm.dll+0x7dc0f3]
V  [jvm.dll+0x2449af]
V  [jvm.dll+0x676ce9]
V  [jvm.dll+0x66b852]
V  [jvm.dll+0x3018d6]
V  [jvm.dll+0x308e76]
V  [jvm.dll+0x3596ee]
V  [jvm.dll+0x35991f]
V  [jvm.dll+0x2d89a8]
V  [jvm.dll+0x2d6ddd]
V  [jvm.dll+0x2d642c]
V  [jvm.dll+0x319f8b]
V  [jvm.dll+0x7e09eb]
V  [jvm.dll+0x7e1724]
V  [jvm.dll+0x7e1c3d]
V  [jvm.dll+0x7e2014]
V  [jvm.dll+0x7e20e0]
V  [jvm.dll+0x78a85a]
V  [jvm.dll+0x678bb5]
C  [ucrtbase.dll+0x29333]
C  [KERNEL32.DLL+0x1259d]
C  [ntdll.dll+0x5af38]

VM_Operation (0x0000000b02cfe040): G1CollectForAllocation, mode: safepoint, requested by thread 0x0000011ae6cf3710


---------------  P R O C E S S  ---------------

Threads class SMR info:
_java_thread_list=0x0000011af3275130, length=55, elements={
0x0000011ae56f9230, 0x0000011ae56fa0b0, 0x0000011ae57124b0, 0x0000011ae5713070,
0x0000011ae5719e50, 0x0000011ae571ae20, 0x0000011ae571bca0, 0x0000011ae5727bb0,
0x0000011ae574e870, 0x0000011ae6346be0, 0x0000011ae65e9eb0, 0x0000011ae65ea390,
0x0000011ae6a7ed90, 0x0000011aebc67b20, 0x0000011aebccf350, 0x0000011aec7d5440,
0x0000011aec7d6880, 0x0000011aec7d4000, 0x0000011aec7d77b0, 0x0000011aec7d4510,
0x0000011aec7d5e60, 0x0000011aec7d6370, 0x0000011aec7d6d90, 0x0000011aed8159e0,
0x0000011aed814fc0, 0x0000011aed815ef0, 0x0000011aed811810, 0x0000011aed8103d0,
0x0000011aed813b80, 0x0000011aed816e20, 0x0000011aed811300, 0x0000011aed8154d0,
0x0000011aed811d20, 0x0000011aed816400, 0x0000011aed816910, 0x0000011aed812740,
0x0000011aed812230, 0x0000011aed812c50, 0x0000011aed814090, 0x0000011aed817330,
0x0000011aed813160, 0x0000011aed813670, 0x0000011aed814ab0, 0x0000011aed80fec0,
0x0000011aed817840, 0x0000011aed8108e0, 0x0000011af301a570, 0x0000011aedf9c830,
0x0000011af3023330, 0x0000011ae69e94c0, 0x0000011ae6cf09b0, 0x0000011ae6cf3710,
0x0000011ae6cfd140, 0x0000011ae6cfe840, 0x0000011af301b9b0
}

Java Threads: ( => current thread )
  0x0000011ae56f9230 JavaThread "Reference Handler" daemon [_thread_blocked, id=18908, stack(0x0000000b7dd00000,0x0000000b7de00000)]
  0x0000011ae56fa0b0 JavaThread "Finalizer" daemon [_thread_blocked, id=24212, stack(0x0000000b7de00000,0x0000000b7df00000)]
  0x0000011ae57124b0 JavaThread "Signal Dispatcher" daemon [_thread_blocked, id=15588, stack(0x0000000b7df00000,0x0000000b7e000000)]
  0x0000011ae5713070 JavaThread "Attach Listener" daemon [_thread_blocked, id=10148, stack(0x0000000b7e000000,0x0000000b7e100000)]
  0x0000011ae5719e50 JavaThread "Service Thread" daemon [_thread_blocked, id=25024, stack(0x0000000b7e100000,0x0000000b7e200000)]
  0x0000011ae571ae20 JavaThread "Monitor Deflation Thread" daemon [_thread_blocked, id=11508, stack(0x0000000b7e200000,0x0000000b7e300000)]
  0x0000011ae571bca0 JavaThread "C1 CompilerThread0" daemon [_thread_blocked, id=23248, stack(0x0000000b7e300000,0x0000000b7e400000)]
  0x0000011ae5727bb0 JavaThread "Sweeper thread" daemon [_thread_blocked, id=27096, stack(0x0000000b7e400000,0x0000000b7e500000)]
  0x0000011ae574e870 JavaThread "C1 CompilerThread1" daemon [_thread_blocked, id=16284, stack(0x0000000b7e500000,0x0000000b7e600000)]
  0x0000011ae6346be0 JavaThread "Common-Cleaner" daemon [_thread_blocked, id=13756, stack(0x0000000b7e600000,0x0000000b7e700000)]
  0x0000011ae65e9eb0 JavaThread "Monitor Ctrl-Break" daemon [_thread_in_native, id=23188, stack(0x0000000b7e900000,0x0000000b7ea00000)]
  0x0000011ae65ea390 JavaThread "Notification Thread" daemon [_thread_blocked, id=2520, stack(0x0000000b7ea00000,0x0000000b7eb00000)]
  0x0000011ae6a7ed90 JavaThread "RMI TCP Accept-0" daemon [_thread_in_native, id=1976, stack(0x0000000b7eb00000,0x0000000b7ec00000)]
  0x0000011aebc67b20 JavaThread "RMI TCP Connection(1)-192.168.0.132" daemon [_thread_in_native, id=18804, stack(0x0000000b00200000,0x0000000b00300000)]
  0x0000011aebccf350 JavaThread "RMI Scheduler(0)" daemon [_thread_blocked, id=25140, stack(0x0000000b00300000,0x0000000b00400000)]
  0x0000011aec7d5440 JavaThread "Catalina-utility-1" [_thread_blocked, id=368, stack(0x0000000b00400000,0x0000000b00500000)]
  0x0000011aec7d6880 JavaThread "Catalina-utility-2" [_thread_blocked, id=14748, stack(0x0000000b00500000,0x0000000b00600000)]
  0x0000011aec7d4000 JavaThread "container-0" [_thread_blocked, id=27580, stack(0x0000000b00600000,0x0000000b00700000)]
  0x0000011aec7d77b0 JavaThread "mysql-cj-abandoned-connection-cleanup" daemon [_thread_blocked, id=24152, stack(0x0000000b00700000,0x0000000b00800000)]
  0x0000011aec7d4510 JavaThread "HikariPool-1 housekeeper" daemon [_thread_blocked, id=6392, stack(0x0000000b00900000,0x0000000b00a00000)]
  0x0000011aec7d5e60 JavaThread "BufferPoolPruner-1-thread-1" daemon [_thread_blocked, id=9972, stack(0x0000000b00b00000,0x0000000b00c00000)]
  0x0000011aec7d6370 JavaThread "cluster-ClusterId{value='6766ba1e89b5bc4ede03fb2f', description='null'}-3.38.150.176:27017" daemon [_thread_in_native, id=4956, stack(0x0000000b00c00000,0x0000000b00d00000)]
  0x0000011aec7d6d90 JavaThread "cluster-rtt-ClusterId{value='6766ba1e89b5bc4ede03fb2f', description='null'}-3.38.150.176:27017" daemon [_thread_blocked, id=2688, stack(0x0000000b00d00000,0x0000000b00e00000)]
  0x0000011aed8159e0 JavaThread "MaintenanceTimer-2-thread-1" daemon [_thread_blocked, id=3908, stack(0x0000000b00e00000,0x0000000b00f00000)]
  0x0000011aed814fc0 JavaThread "Live Reload Server" daemon [_thread_in_native, id=12716, stack(0x0000000b01000000,0x0000000b01100000)]
  0x0000011aed815ef0 JavaThread "lettuce-timer-3-1" daemon [_thread_blocked, id=22620, stack(0x0000000b01400000,0x0000000b01500000)]
  0x0000011aed811810 JavaThread "lettuce-timer-5-1" daemon [_thread_blocked, id=19560, stack(0x0000000b01500000,0x0000000b01600000)]
  0x0000011aed8103d0 JavaThread "File Watcher" daemon [_thread_blocked, id=13440, stack(0x0000000b01600000,0x0000000b01700000)]
  0x0000011aed813b80 JavaThread "MessageBroker-1" [_thread_blocked, id=12832, stack(0x0000000b01700000,0x0000000b01800000)]
  0x0000011aed816e20 JavaThread "http-nio-0.0.0.0-8080-exec-1" daemon [_thread_blocked, id=22052, stack(0x0000000b01800000,0x0000000b01900000)]
  0x0000011aed811300 JavaThread "http-nio-0.0.0.0-8080-exec-2" daemon [_thread_blocked, id=5256, stack(0x0000000b01900000,0x0000000b01a00000)]
  0x0000011aed8154d0 JavaThread "http-nio-0.0.0.0-8080-exec-3" daemon [_thread_blocked, id=11208, stack(0x0000000b01a00000,0x0000000b01b00000)]
  0x0000011aed811d20 JavaThread "http-nio-0.0.0.0-8080-exec-4" daemon [_thread_blocked, id=12184, stack(0x0000000b01b00000,0x0000000b01c00000)]
  0x0000011aed816400 JavaThread "http-nio-0.0.0.0-8080-exec-5" daemon [_thread_blocked, id=22732, stack(0x0000000b01c00000,0x0000000b01d00000)]
  0x0000011aed816910 JavaThread "http-nio-0.0.0.0-8080-exec-6" daemon [_thread_blocked, id=10696, stack(0x0000000b01d00000,0x0000000b01e00000)]
  0x0000011aed812740 JavaThread "http-nio-0.0.0.0-8080-exec-7" daemon [_thread_blocked, id=6424, stack(0x0000000b01e00000,0x0000000b01f00000)]
  0x0000011aed812230 JavaThread "http-nio-0.0.0.0-8080-exec-8" daemon [_thread_blocked, id=26892, stack(0x0000000b01f00000,0x0000000b02000000)]
  0x0000011aed812c50 JavaThread "http-nio-0.0.0.0-8080-exec-9" daemon [_thread_blocked, id=17268, stack(0x0000000b02000000,0x0000000b02100000)]
  0x0000011aed814090 JavaThread "http-nio-0.0.0.0-8080-exec-10" daemon [_thread_blocked, id=18000, stack(0x0000000b02100000,0x0000000b02200000)]
  0x0000011aed817330 JavaThread "http-nio-0.0.0.0-8080-Poller" daemon [_thread_in_native, id=8196, stack(0x0000000b02200000,0x0000000b02300000)]
  0x0000011aed813160 JavaThread "http-nio-0.0.0.0-8080-Acceptor" daemon [_thread_in_native, id=15976, stack(0x0000000b02300000,0x0000000b02400000)]
  0x0000011aed813670 JavaThread "ThreadPoolTaskScheduler-1" [_thread_blocked, id=17756, stack(0x0000000b02400000,0x0000000b02500000)]
  0x0000011aed814ab0 JavaThread "org.springframework.kafka.KafkaListenerEndpointContainer#0-0-C-1" [_thread_blocked, id=5864, stack(0x0000000b02500000,0x0000000b02600000)]
  0x0000011aed80fec0 JavaThread "MessageBroker-2" [_thread_blocked, id=7724, stack(0x0000000b02600000,0x0000000b02700000)]
  0x0000011aed817840 JavaThread "DestroyJavaVM" [_thread_blocked, id=2036, stack(0x0000000b7d600000,0x0000000b7d700000)]
  0x0000011aed8108e0 JavaThread "kafka-coordinator-heartbeat-thread | access-log-group" daemon [_thread_blocked, id=17136, stack(0x0000000b02700000,0x0000000b02800000)]
  0x0000011af301a570 JavaThread "RMI TCP Connection(2)-192.168.0.132" daemon [_thread_in_native, id=16924, stack(0x0000000b02800000,0x0000000b02900000)]
  0x0000011aedf9c830 JavaThread "C1 CompilerThread2" daemon [_thread_blocked, id=21048, stack(0x0000000b00a00000,0x0000000b00b00000)]
  0x0000011af3023330 JavaThread "C1 CompilerThread3" daemon [_thread_blocked, id=11788, stack(0x0000000b02900000,0x0000000b02a00000)]
  0x0000011ae69e94c0 JavaThread "C1 CompilerThread4" daemon [_thread_blocked, id=16780, stack(0x0000000b02a00000,0x0000000b02b00000)]
  0x0000011ae6cf09b0 JavaThread "C1 CompilerThread5" daemon [_thread_blocked, id=23856, stack(0x0000000b02b00000,0x0000000b02c00000)]
  0x0000011ae6cf3710 JavaThread "C1 CompilerThread6" daemon [_thread_blocked, id=28308, stack(0x0000000b02c00000,0x0000000b02d00000)]
  0x0000011ae6cfd140 JavaThread "C1 CompilerThread7" daemon [_thread_blocked, id=4176, stack(0x0000000b02d00000,0x0000000b02e00000)]
  0x0000011ae6cfe840 JavaThread "C1 CompilerThread8" daemon [_thread_blocked, id=25928, stack(0x0000000b02e00000,0x0000000b02f00000)]
  0x0000011af301b9b0 JavaThread "HikariPool-1 connection adder" daemon [_thread_blocked, id=2480, stack(0x0000000b02f00000,0x0000000b03000000)]

Other Threads:
=>0x0000011ae56f3220 VMThread "VM Thread" [stack: 0x0000000b7dc00000,0x0000000b7dd00000] [id=14824]
  0x0000011ae695df20 WatcherThread [stack: 0x0000000b7ec00000,0x0000000b7ed00000] [id=7920]
  0x0000011ace773b80 GCTaskThread "GC Thread#0" [stack: 0x0000000b7d700000,0x0000000b7d800000] [id=10252]
  0x0000011ae6d46140 GCTaskThread "GC Thread#1" [stack: 0x0000000b7ed00000,0x0000000b7ee00000] [id=20036]
  0x0000011ae6d642c0 GCTaskThread "GC Thread#2" [stack: 0x0000000b7ee00000,0x0000000b7ef00000] [id=22280]
  0x0000011ae6d64580 GCTaskThread "GC Thread#3" [stack: 0x0000000b7ef00000,0x0000000b7f000000] [id=21104]
  0x0000011ae6d64840 GCTaskThread "GC Thread#4" [stack: 0x0000000b7f000000,0x0000000b7f100000] [id=25660]
  0x0000011ae6d771f0 GCTaskThread "GC Thread#5" [stack: 0x0000000b7f100000,0x0000000b7f200000] [id=17304]
  0x0000011ae6dc2070 GCTaskThread "GC Thread#6" [stack: 0x0000000b7f200000,0x0000000b7f300000] [id=10484]
  0x0000011aeb51dcc0 GCTaskThread "GC Thread#7" [stack: 0x0000000b7f500000,0x0000000b7f600000] [id=11844]
  0x0000011aeb9867b0 GCTaskThread "GC Thread#8" [stack: 0x0000000b7f900000,0x0000000b7fa00000] [id=3880]
  0x0000011aeb986a70 GCTaskThread "GC Thread#9" [stack: 0x0000000b7fa00000,0x0000000b7fb00000] [id=13976]
  0x0000011aeb986d30 GCTaskThread "GC Thread#10" [stack: 0x0000000b7fb00000,0x0000000b7fc00000] [id=15800]
  0x0000011aeb986ff0 GCTaskThread "GC Thread#11" [stack: 0x0000000b7fc00000,0x0000000b7fd00000] [id=1092]
  0x0000011aeb9872b0 GCTaskThread "GC Thread#12" [stack: 0x0000000b7fd00000,0x0000000b7fe00000] [id=20364]
  0x0000011aeb98f890 GCTaskThread "GC Thread#13" [stack: 0x0000000b7fe00000,0x0000000b7ff00000] [id=20424]
  0x0000011aeb98f5d0 GCTaskThread "GC Thread#14" [stack: 0x0000000b7ff00000,0x0000000b80000000] [id=20816]
  0x0000011acc40df00 ConcurrentGCThread "G1 Main Marker" [stack: 0x0000000b7d800000,0x0000000b7d900000] [id=16248]
  0x0000011acc40e910 ConcurrentGCThread "G1 Conc#0" [stack: 0x0000000b7d900000,0x0000000b7da00000] [id=26236]
  0x0000011aeb991150 ConcurrentGCThread "G1 Conc#1" [stack: 0x0000000b7f600000,0x0000000b7f700000] [id=16184]
  0x0000011aeb98fb50 ConcurrentGCThread "G1 Conc#2" [stack: 0x0000000b00000000,0x0000000b00100000] [id=18272]
  0x0000011aeb990390 ConcurrentGCThread "G1 Conc#3" [stack: 0x0000000b00100000,0x0000000b00200000] [id=25820]
  0x0000011ae562dfb0 ConcurrentGCThread "G1 Refine#0" [stack: 0x0000000b7da00000,0x0000000b7db00000] [id=7520]
  0x0000011aed3a7140 ConcurrentGCThread "G1 Refine#1" [stack: 0x0000000b00f00000,0x0000000b01000000] [id=17796]
  0x0000011aed3a6870 ConcurrentGCThread "G1 Refine#2" [stack: 0x0000000b01100000,0x0000000b01200000] [id=16792]
  0x0000011aed3a6e50 ConcurrentGCThread "G1 Refine#3" [stack: 0x0000000b01200000,0x0000000b01300000] [id=2384]
  0x0000011ae5660de0 ConcurrentGCThread "G1 Refine#4" [stack: 0x0000000b01300000,0x0000000b01400000] [id=26964]
  0x0000011ae562e9e0 ConcurrentGCThread "G1 Service" [stack: 0x0000000b7db00000,0x0000000b7dc00000] [id=11556]

Threads with active compile tasks:
C1 CompilerThread6    17812 12238       1       com.mysql.cj.NativeQueryBindValue::setBinding (171 bytes)

VM state: at safepoint (normal execution)

VM Mutex/Monitor currently owned by a thread:  ([mutex/lock_event])
[0x0000011ace703510] Threads_lock - owner thread: 0x0000011ae56f3220
[0x0000011ace7023a0] Heap_lock - owner thread: 0x0000011ae6cf3710

Heap address: 0x0000000702400000, size: 4060 MB, Compressed Oops mode: Zero based, Oop shift amount: 3

CDS archive(s) mapped at: [0x0000011a80000000-0x0000011a80bd0000-0x0000011a80bd0000), size 12386304, SharedBaseAddress: 0x0000011a80000000, ArchiveRelocationMode: 1.
Compressed class space mapped at: 0x0000011a81000000-0x0000011ac1000000, reserved size: 1073741824
Narrow klass base: 0x0000011a80000000, Narrow klass shift: 0, Narrow klass range: 0x100000000

GC Precious Log:
 CPUs: 20 total, 20 available
 Memory: 16234M
 Large Page Support: Disabled
 NUMA Support: Disabled
 Compressed Oops: Enabled (Zero based)
 Heap Region Size: 2M
 Heap Min Capacity: 8M
 Heap Initial Capacity: 254M
 Heap Max Capacity: 4060M
 Pre-touch: Disabled
 Parallel Workers: 15
 Concurrent Workers: 4
 Concurrent Refinement Workers: 15
 Periodic GC: Disabled

Heap:
 garbage-first heap   total 286720K, used 126800K [0x0000000702400000, 0x0000000800000000)
  region size 2048K, 5 young (10240K), 5 survivors (10240K)
 Metaspace       used 116072K, committed 116992K, reserved 1179648K
  class space    used 16628K, committed 17088K, reserved 1048576K

Heap Regions: E=young(eden), S=young(survivor), O=old, HS=humongous(starts), HC=humongous(continues), CS=collection set, F=free, OA=open archive, CA=closed archive, TAMS=top-at-mark-start (previous, next)
|   0|0x0000000702400000, 0x0000000702600000, 0x0000000702600000|100%| O|  |TAMS 0x0000000702600000, 0x0000000702400000| Untracked 
|   1|0x0000000702600000, 0x0000000702800000, 0x0000000702800000|100%| O|  |TAMS 0x0000000702800000, 0x0000000702600000| Untracked 
|   2|0x0000000702800000, 0x0000000702a00000, 0x0000000702a00000|100%| O|  |TAMS 0x0000000702a00000, 0x0000000702800000| Untracked 
|   3|0x0000000702a00000, 0x0000000702c00000, 0x0000000702c00000|100%| O|  |TAMS 0x0000000702c00000, 0x0000000702a00000| Untracked 
|   4|0x0000000702c00000, 0x0000000702e00000, 0x0000000702e00000|100%| O|  |TAMS 0x0000000702e00000, 0x0000000702c00000| Untracked 
|   5|0x0000000702e00000, 0x0000000702ec3400, 0x0000000703000000| 38%| O|  |TAMS 0x0000000702ec3400, 0x0000000702e00000| Untracked 
|   6|0x0000000703000000, 0x0000000703200000, 0x0000000703200000|100%| O|  |TAMS 0x0000000703200000, 0x0000000703000000| Untracked 
|   7|0x0000000703200000, 0x0000000703400000, 0x0000000703400000|100%| O|  |TAMS 0x0000000703400000, 0x0000000703200000| Untracked 
|   8|0x0000000703400000, 0x0000000703600000, 0x0000000703600000|100%| O|  |TAMS 0x0000000703600000, 0x0000000703400000| Untracked 
|   9|0x0000000703600000, 0x0000000703800000, 0x0000000703800000|100%| O|  |TAMS 0x0000000703800000, 0x0000000703600000| Untracked 
|  10|0x0000000703800000, 0x0000000703a00000, 0x0000000703a00000|100%| O|  |TAMS 0x0000000703a00000, 0x0000000703800000| Untracked 
|  11|0x0000000703a00000, 0x0000000703c00000, 0x0000000703c00000|100%| O|  |TAMS 0x0000000703c00000, 0x0000000703a00000| Untracked 
|  12|0x0000000703c00000, 0x0000000703e00000, 0x0000000703e00000|100%| O|  |TAMS 0x0000000703e00000, 0x0000000703c00000| Untracked 
|  13|0x0000000703e00000, 0x0000000704000000, 0x0000000704000000|100%| O|  |TAMS 0x0000000704000000, 0x0000000703e00000| Untracked 
|  14|0x0000000704000000, 0x0000000704200000, 0x0000000704200000|100%| O|  |TAMS 0x0000000704200000, 0x0000000704000000| Untracked 
|  15|0x0000000704200000, 0x0000000704400000, 0x0000000704400000|100%| O|  |TAMS 0x0000000704400000, 0x0000000704200000| Untracked 
|  16|0x0000000704400000, 0x0000000704600000, 0x0000000704600000|100%| O|  |TAMS 0x0000000704600000, 0x0000000704400000| Untracked 
|  17|0x0000000704600000, 0x0000000704800000, 0x0000000704800000|100%| O|  |TAMS 0x0000000704800000, 0x0000000704600000| Untracked 
|  18|0x0000000704800000, 0x0000000704a00000, 0x0000000704a00000|100%| O|  |TAMS 0x0000000704a00000, 0x0000000704800000| Untracked 
|  19|0x0000000704a00000, 0x0000000704c00000, 0x0000000704c00000|100%| O|  |TAMS 0x0000000704c00000, 0x0000000704a00000| Untracked 
|  20|0x0000000704c00000, 0x0000000704e00000, 0x0000000704e00000|100%| O|  |TAMS 0x0000000704e00000, 0x0000000704c00000| Untracked 
|  21|0x0000000704e00000, 0x0000000705000000, 0x0000000705000000|100%| O|  |TAMS 0x0000000705000000, 0x0000000704e00000| Untracked 
|  22|0x0000000705000000, 0x0000000705200000, 0x0000000705200000|100%| O|  |TAMS 0x0000000705200000, 0x0000000705000000| Untracked 
|  23|0x0000000705200000, 0x0000000705400000, 0x0000000705400000|100%| O|  |TAMS 0x0000000705400000, 0x0000000705200000| Untracked 
|  24|0x0000000705400000, 0x0000000705600000, 0x0000000705600000|100%| O|  |TAMS 0x0000000705600000, 0x0000000705400000| Untracked 
|  25|0x0000000705600000, 0x0000000705800000, 0x0000000705800000|100%| O|  |TAMS 0x0000000705800000, 0x0000000705600000| Untracked 
|  26|0x0000000705800000, 0x0000000705a00000, 0x0000000705a00000|100%| O|  |TAMS 0x0000000705800000, 0x0000000705800000| Untracked 
|  27|0x0000000705a00000, 0x0000000705c00000, 0x0000000705c00000|100%| O|  |TAMS 0x0000000705c00000, 0x0000000705a00000| Untracked 
|  28|0x0000000705c00000, 0x0000000705e00000, 0x0000000705e00000|100%| O|  |TAMS 0x0000000705e00000, 0x0000000705c00000| Untracked 
|  29|0x0000000705e00000, 0x0000000706000000, 0x0000000706000000|100%| O|  |TAMS 0x0000000706000000, 0x0000000705e00000| Untracked 
|  30|0x0000000706000000, 0x0000000706200000, 0x0000000706200000|100%| O|  |TAMS 0x0000000706200000, 0x0000000706000000| Untracked 
|  31|0x0000000706200000, 0x0000000706400000, 0x0000000706400000|100%| O|  |TAMS 0x0000000706400000, 0x0000000706200000| Untracked 
|  32|0x0000000706400000, 0x0000000706600000, 0x0000000706600000|100%| O|  |TAMS 0x0000000706600000, 0x0000000706400000| Untracked 
|  33|0x0000000706600000, 0x0000000706800000, 0x0000000706800000|100%| O|  |TAMS 0x0000000706800000, 0x0000000706600000| Untracked 
|  34|0x0000000706800000, 0x0000000706a00000, 0x0000000706a00000|100%| O|  |TAMS 0x0000000706a00000, 0x0000000706800000| Untracked 
|  35|0x0000000706a00000, 0x0000000706c00000, 0x0000000706c00000|100%| O|  |TAMS 0x0000000706c00000, 0x0000000706a00000| Untracked 
|  36|0x0000000706c00000, 0x0000000706e00000, 0x0000000706e00000|100%| O|  |TAMS 0x0000000706c88200, 0x0000000706c00000| Untracked 
|  37|0x0000000706e00000, 0x0000000707000000, 0x0000000707000000|100%| O|  |TAMS 0x0000000706e00000, 0x0000000706e00000| Untracked 
|  38|0x0000000707000000, 0x0000000707200000, 0x0000000707200000|100%| O|  |TAMS 0x0000000707000000, 0x0000000707000000| Untracked 
|  39|0x0000000707200000, 0x0000000707400000, 0x0000000707400000|100%| O|  |TAMS 0x0000000707200000, 0x0000000707200000| Untracked 
|  40|0x0000000707400000, 0x0000000707600000, 0x0000000707600000|100%| O|  |TAMS 0x0000000707400000, 0x0000000707400000| Untracked 
|  41|0x0000000707600000, 0x0000000707800000, 0x0000000707800000|100%| O|  |TAMS 0x0000000707600000, 0x0000000707600000| Untracked 
|  42|0x0000000707800000, 0x0000000707a00000, 0x0000000707a00000|100%| O|  |TAMS 0x0000000707800000, 0x0000000707800000| Untracked 
|  43|0x0000000707a00000, 0x0000000707c00000, 0x0000000707c00000|100%| O|  |TAMS 0x0000000707a00000, 0x0000000707a00000| Untracked 
|  44|0x0000000707c00000, 0x0000000707e00000, 0x0000000707e00000|100%| O|  |TAMS 0x0000000707c00000, 0x0000000707c00000| Untracked 
|  45|0x0000000707e00000, 0x0000000708000000, 0x0000000708000000|100%| O|  |TAMS 0x0000000707e00000, 0x0000000707e00000| Untracked 
|  46|0x0000000708000000, 0x0000000708200000, 0x0000000708200000|100%| O|  |TAMS 0x0000000708000000, 0x0000000708000000| Untracked 
|  47|0x0000000708200000, 0x0000000708400000, 0x0000000708400000|100%| O|  |TAMS 0x0000000708200000, 0x0000000708200000| Untracked 
|  48|0x0000000708400000, 0x0000000708600000, 0x0000000708600000|100%| O|  |TAMS 0x0000000708400000, 0x0000000708400000| Untracked 
|  49|0x0000000708600000, 0x0000000708800000, 0x0000000708800000|100%| O|  |TAMS 0x0000000708600000, 0x0000000708600000| Untracked 
|  50|0x0000000708800000, 0x0000000708a00000, 0x0000000708a00000|100%| O|  |TAMS 0x0000000708800000, 0x0000000708800000| Untracked 
|  51|0x0000000708a00000, 0x0000000708c00000, 0x0000000708c00000|100%| O|  |TAMS 0x0000000708a00000, 0x0000000708a00000| Untracked 
|  52|0x0000000708c00000, 0x0000000708e00000, 0x0000000708e00000|100%| O|  |TAMS 0x0000000708c00000, 0x0000000708c00000| Untracked 
|  53|0x0000000708e00000, 0x0000000709000000, 0x0000000709000000|100%| O|  |TAMS 0x0000000708e00000, 0x0000000708e00000| Untracked 
|  54|0x0000000709000000, 0x0000000709200000, 0x0000000709200000|100%| O|  |TAMS 0x0000000709000000, 0x0000000709000000| Untracked 
|  55|0x0000000709200000, 0x0000000709400000, 0x0000000709400000|100%| O|  |TAMS 0x0000000709200000, 0x0000000709200000| Untracked 
|  56|0x0000000709400000, 0x0000000709600000, 0x0000000709600000|100%| O|  |TAMS 0x0000000709400000, 0x0000000709400000| Untracked 
|  57|0x0000000709600000, 0x0000000709800000, 0x0000000709800000|100%| O|  |TAMS 0x0000000709600000, 0x0000000709600000| Untracked 
|  58|0x0000000709800000, 0x000000070982f400, 0x0000000709a00000|  9%| O|  |TAMS 0x0000000709800000, 0x0000000709800000| Untracked 
|  59|0x0000000709a00000, 0x0000000709a00000, 0x0000000709c00000|  0%| F|  |TAMS 0x0000000709a00000, 0x0000000709a00000| Untracked 
|  60|0x0000000709c00000, 0x0000000709c00000, 0x0000000709e00000|  0%| F|  |TAMS 0x0000000709c00000, 0x0000000709c00000| Untracked 
|  61|0x0000000709e00000, 0x0000000709e00000, 0x000000070a000000|  0%| F|  |TAMS 0x0000000709e00000, 0x0000000709e00000| Untracked 
|  62|0x000000070a000000, 0x000000070a000000, 0x000000070a200000|  0%| F|  |TAMS 0x000000070a000000, 0x000000070a000000| Untracked 
|  63|0x000000070a200000, 0x000000070a200000, 0x000000070a400000|  0%| F|  |TAMS 0x000000070a200000, 0x000000070a200000| Untracked 
|  64|0x000000070a400000, 0x000000070a400000, 0x000000070a600000|  0%| F|  |TAMS 0x000000070a400000, 0x000000070a400000| Untracked 
|  65|0x000000070a600000, 0x000000070a600000, 0x000000070a800000|  0%| F|  |TAMS 0x000000070a600000, 0x000000070a600000| Untracked 
|  66|0x000000070a800000, 0x000000070a800000, 0x000000070aa00000|  0%| F|  |TAMS 0x000000070a800000, 0x000000070a800000| Untracked 
|  67|0x000000070aa00000, 0x000000070aa00000, 0x000000070ac00000|  0%| F|  |TAMS 0x000000070aa00000, 0x000000070aa00000| Untracked 
|  68|0x000000070ac00000, 0x000000070ac00000, 0x000000070ae00000|  0%| F|  |TAMS 0x000000070ac00000, 0x000000070ac00000| Untracked 
|  69|0x000000070ae00000, 0x000000070ae00000, 0x000000070b000000|  0%| F|  |TAMS 0x000000070ae00000, 0x000000070ae00000| Untracked 
|  70|0x000000070b000000, 0x000000070b000000, 0x000000070b200000|  0%| F|  |TAMS 0x000000070b000000, 0x000000070b000000| Untracked 
|  71|0x000000070b200000, 0x000000070b200000, 0x000000070b400000|  0%| F|  |TAMS 0x000000070b200000, 0x000000070b200000| Untracked 
|  72|0x000000070b400000, 0x000000070b400000, 0x000000070b600000|  0%| F|  |TAMS 0x000000070b400000, 0x000000070b400000| Untracked 
|  73|0x000000070b600000, 0x000000070b600000, 0x000000070b800000|  0%| F|  |TAMS 0x000000070b600000, 0x000000070b600000| Untracked 
|  74|0x000000070b800000, 0x000000070b800000, 0x000000070ba00000|  0%| F|  |TAMS 0x000000070b800000, 0x000000070b800000| Untracked 
|  75|0x000000070ba00000, 0x000000070ba00000, 0x000000070bc00000|  0%| F|  |TAMS 0x000000070ba00000, 0x000000070ba00000| Untracked 
|  76|0x000000070bc00000, 0x000000070bc00000, 0x000000070be00000|  0%| F|  |TAMS 0x000000070bc00000, 0x000000070bc00000| Untracked 
|  77|0x000000070be00000, 0x000000070be00000, 0x000000070c000000|  0%| F|  |TAMS 0x000000070be00000, 0x000000070be00000| Untracked 
|  78|0x000000070c000000, 0x000000070c000000, 0x000000070c200000|  0%| F|  |TAMS 0x000000070c000000, 0x000000070c000000| Untracked 
|  79|0x000000070c200000, 0x000000070c200000, 0x000000070c400000|  0%| F|  |TAMS 0x000000070c200000, 0x000000070c200000| Untracked 
|  80|0x000000070c400000, 0x000000070c400000, 0x000000070c600000|  0%| F|  |TAMS 0x000000070c400000, 0x000000070c400000| Untracked 
|  81|0x000000070c600000, 0x000000070c600000, 0x000000070c800000|  0%| F|  |TAMS 0x000000070c600000, 0x000000070c600000| Untracked 
|  82|0x000000070c800000, 0x000000070c800000, 0x000000070ca00000|  0%| F|  |TAMS 0x000000070c800000, 0x000000070c800000| Untracked 
|  83|0x000000070ca00000, 0x000000070ca00000, 0x000000070cc00000|  0%| F|  |TAMS 0x000000070ca00000, 0x000000070ca00000| Untracked 
|  84|0x000000070cc00000, 0x000000070cce1840, 0x000000070ce00000| 44%| S|CS|TAMS 0x000000070cc00000, 0x000000070cc00000| Complete 
|  85|0x000000070ce00000, 0x000000070d000000, 0x000000070d000000|100%| S|CS|TAMS 0x000000070ce00000, 0x000000070ce00000| Complete 
|  86|0x000000070d000000, 0x000000070d200000, 0x000000070d200000|100%| S|CS|TAMS 0x000000070d000000, 0x000000070d000000| Complete 
|  87|0x000000070d200000, 0x000000070d200000, 0x000000070d400000|  0%| F|  |TAMS 0x000000070d200000, 0x000000070d200000| Untracked 
|  88|0x000000070d400000, 0x000000070d400000, 0x000000070d600000|  0%| F|  |TAMS 0x000000070d400000, 0x000000070d400000| Untracked 
|  89|0x000000070d600000, 0x000000070d600000, 0x000000070d800000|  0%| F|  |TAMS 0x000000070d600000, 0x000000070d600000| Untracked 
|  90|0x000000070d800000, 0x000000070d800000, 0x000000070da00000|  0%| F|  |TAMS 0x000000070d800000, 0x000000070d800000| Untracked 
|  91|0x000000070da00000, 0x000000070da00000, 0x000000070dc00000|  0%| F|  |TAMS 0x000000070da00000, 0x000000070da00000| Untracked 
|  92|0x000000070dc00000, 0x000000070dc00000, 0x000000070de00000|  0%| F|  |TAMS 0x000000070dc00000, 0x000000070dc00000| Untracked 
|  93|0x000000070de00000, 0x000000070e000000, 0x000000070e000000|100%| S|CS|TAMS 0x000000070de00000, 0x000000070de00000| Complete 
|  94|0x000000070e000000, 0x000000070e200000, 0x000000070e200000|100%| S|CS|TAMS 0x000000070e000000, 0x000000070e000000| Complete 
|  95|0x000000070e200000, 0x000000070e200000, 0x000000070e400000|  0%| F|  |TAMS 0x000000070e200000, 0x000000070e200000| Untracked 
|  96|0x000000070e400000, 0x000000070e400000, 0x000000070e600000|  0%| F|  |TAMS 0x000000070e400000, 0x000000070e400000| Untracked 
|  97|0x000000070e600000, 0x000000070e600000, 0x000000070e800000|  0%| F|  |TAMS 0x000000070e600000, 0x000000070e600000| Untracked 
|  98|0x000000070e800000, 0x000000070e800000, 0x000000070ea00000|  0%| F|  |TAMS 0x000000070e800000, 0x000000070e800000| Untracked 
|  99|0x000000070ea00000, 0x000000070ea00000, 0x000000070ec00000|  0%| F|  |TAMS 0x000000070ea00000, 0x000000070ea00000| Untracked 
| 100|0x000000070ec00000, 0x000000070ec00000, 0x000000070ee00000|  0%| F|  |TAMS 0x000000070ec00000, 0x000000070ec00000| Untracked 
| 101|0x000000070ee00000, 0x000000070ee00000, 0x000000070f000000|  0%| F|  |TAMS 0x000000070ee00000, 0x000000070ee00000| Untracked 
| 102|0x000000070f000000, 0x000000070f000000, 0x000000070f200000|  0%| F|  |TAMS 0x000000070f000000, 0x000000070f000000| Untracked 
| 103|0x000000070f200000, 0x000000070f200000, 0x000000070f400000|  0%| F|  |TAMS 0x000000070f200000, 0x000000070f200000| Untracked 
| 104|0x000000070f400000, 0x000000070f400000, 0x000000070f600000|  0%| F|  |TAMS 0x000000070f400000, 0x000000070f400000| Untracked 
| 105|0x000000070f600000, 0x000000070f600000, 0x000000070f800000|  0%| F|  |TAMS 0x000000070f600000, 0x000000070f600000| Untracked 
| 106|0x000000070f800000, 0x000000070f800000, 0x000000070fa00000|  0%| F|  |TAMS 0x000000070f800000, 0x000000070f800000| Untracked 
| 107|0x000000070fa00000, 0x000000070fa00000, 0x000000070fc00000|  0%| F|  |TAMS 0x000000070fa00000, 0x000000070fa00000| Untracked 
| 108|0x000000070fc00000, 0x000000070fc00000, 0x000000070fe00000|  0%| F|  |TAMS 0x000000070fc00000, 0x000000070fc00000| Untracked 
| 109|0x000000070fe00000, 0x000000070fe00000, 0x0000000710000000|  0%| F|  |TAMS 0x000000070fe00000, 0x000000070fe00000| Untracked 
| 110|0x0000000710000000, 0x0000000710000000, 0x0000000710200000|  0%| F|  |TAMS 0x0000000710000000, 0x0000000710000000| Untracked 
| 111|0x0000000710200000, 0x0000000710200000, 0x0000000710400000|  0%| F|  |TAMS 0x0000000710200000, 0x0000000710200000| Untracked 
| 112|0x0000000710400000, 0x0000000710400000, 0x0000000710600000|  0%| F|  |TAMS 0x0000000710400000, 0x0000000710400000| Untracked 
| 113|0x0000000710600000, 0x0000000710600000, 0x0000000710800000|  0%| F|  |TAMS 0x0000000710600000, 0x0000000710600000| Untracked 
| 114|0x0000000710800000, 0x0000000710800000, 0x0000000710a00000|  0%| F|  |TAMS 0x0000000710800000, 0x0000000710800000| Untracked 
| 115|0x0000000710a00000, 0x0000000710a00000, 0x0000000710c00000|  0%| F|  |TAMS 0x0000000710a00000, 0x0000000710a00000| Untracked 
| 116|0x0000000710c00000, 0x0000000710c00000, 0x0000000710e00000|  0%| F|  |TAMS 0x0000000710c00000, 0x0000000710c00000| Untracked 
| 117|0x0000000710e00000, 0x0000000710e00000, 0x0000000711000000|  0%| F|  |TAMS 0x0000000710e00000, 0x0000000710e00000| Untracked 
| 118|0x0000000711000000, 0x0000000711000000, 0x0000000711200000|  0%| F|  |TAMS 0x0000000711000000, 0x0000000711000000| Untracked 
| 119|0x0000000711200000, 0x0000000711200000, 0x0000000711400000|  0%| F|  |TAMS 0x0000000711200000, 0x0000000711200000| Untracked 
| 120|0x0000000711400000, 0x0000000711400000, 0x0000000711600000|  0%| F|  |TAMS 0x0000000711400000, 0x0000000711400000| Untracked 
| 121|0x0000000711600000, 0x0000000711600000, 0x0000000711800000|  0%| F|  |TAMS 0x0000000711600000, 0x0000000711600000| Untracked 
| 122|0x0000000711800000, 0x0000000711800000, 0x0000000711a00000|  0%| F|  |TAMS 0x0000000711800000, 0x0000000711800000| Untracked 
| 123|0x0000000711a00000, 0x0000000711a00000, 0x0000000711c00000|  0%| F|  |TAMS 0x0000000711a00000, 0x0000000711a00000| Untracked 
| 124|0x0000000711c00000, 0x0000000711c00000, 0x0000000711e00000|  0%| F|  |TAMS 0x0000000711c00000, 0x0000000711c00000| Untracked 
| 125|0x0000000711e00000, 0x0000000711e00000, 0x0000000712000000|  0%| F|  |TAMS 0x0000000711e00000, 0x0000000711e00000| Untracked 
| 126|0x0000000712000000, 0x0000000712000000, 0x0000000712200000|  0%| F|  |TAMS 0x0000000712000000, 0x0000000712000000| Untracked 
| 127|0x0000000712200000, 0x0000000712200000, 0x0000000712400000|  0%| F|  |TAMS 0x0000000712200000, 0x0000000712200000| Untracked 
| 128|0x0000000712400000, 0x0000000712400000, 0x0000000712600000|  0%| F|  |TAMS 0x0000000712400000, 0x0000000712400000| Untracked 
| 129|0x0000000712600000, 0x0000000712600000, 0x0000000712800000|  0%| F|  |TAMS 0x0000000712600000, 0x0000000712600000| Untracked 
| 130|0x0000000712800000, 0x0000000712800000, 0x0000000712a00000|  0%| F|  |TAMS 0x0000000712800000, 0x0000000712800000| Untracked 
| 131|0x0000000712a00000, 0x0000000712a00000, 0x0000000712c00000|  0%| F|  |TAMS 0x0000000712a00000, 0x0000000712a00000| Untracked 
| 132|0x0000000712c00000, 0x0000000712c00000, 0x0000000712e00000|  0%| F|  |TAMS 0x0000000712c00000, 0x0000000712c00000| Untracked 
| 133|0x0000000712e00000, 0x0000000712e00000, 0x0000000713000000|  0%| F|  |TAMS 0x0000000712e00000, 0x0000000712e00000| Untracked 
| 134|0x0000000713000000, 0x0000000713000000, 0x0000000713200000|  0%| F|  |TAMS 0x0000000713000000, 0x0000000713000000| Untracked 
| 135|0x0000000713200000, 0x0000000713200000, 0x0000000713400000|  0%| F|  |TAMS 0x0000000713200000, 0x0000000713200000| Untracked 
| 136|0x0000000713400000, 0x0000000713400000, 0x0000000713600000|  0%| F|  |TAMS 0x0000000713400000, 0x0000000713400000| Untracked 
| 137|0x0000000713600000, 0x0000000713600000, 0x0000000713800000|  0%| F|  |TAMS 0x0000000713600000, 0x0000000713600000| Untracked 
| 138|0x0000000713800000, 0x0000000713800000, 0x0000000713a00000|  0%| F|  |TAMS 0x0000000713800000, 0x0000000713800000| Untracked 
| 139|0x0000000713a00000, 0x0000000713a00000, 0x0000000713c00000|  0%| F|  |TAMS 0x0000000713a00000, 0x0000000713a00000| Untracked 

Card table byte_map: [0x0000011ada030000,0x0000011ada820000] _byte_map_base: 0x0000011ad681e000

Marking Bits (Prev, Next): (CMBitMap*) 0x0000011ace7741a0, (CMBitMap*) 0x0000011ace7741e0
 Prev Bits: [0x0000011adb010000, 0x0000011adef80000)
 Next Bits: [0x0000011adef80000, 0x0000011ae2ef0000)

Polling page: 0x0000011acc680000

Metaspace:

Usage:
  Non-class:     97.11 MB used.
      Class:     16.24 MB used.
       Both:    113.35 MB used.

Virtual space:
  Non-class space:      128.00 MB reserved,      97.56 MB ( 76%) committed,  2 nodes.
      Class space:        1.00 GB reserved,      16.69 MB (  2%) committed,  1 nodes.
             Both:        1.12 GB reserved,     114.25 MB ( 10%) committed. 

Chunk freelists:
   Non-Class:  13.50 MB
       Class:  15.26 MB
        Both:  28.76 MB

MaxMetaspaceSize: unlimited
CompressedClassSpaceSize: 1.00 GB
Initial GC threshold: 21.00 MB
Current GC threshold: 145.75 MB
CDS: on
MetaspaceReclaimPolicy: balanced
 - commit_granule_bytes: 65536.
 - commit_granule_words: 8192.
 - virtual_space_node_default_size: 8388608.
 - enlarge_chunks_in_place: 1.
 - new_chunks_are_fully_committed: 0.
 - uncommit_free_chunks: 1.
 - use_allocation_guard: 0.
 - handle_deallocations: 1.


Internal statistics:

num_allocs_failed_limit: 9.
num_arena_births: 1640.
num_arena_deaths: 22.
num_vsnodes_births: 3.
num_vsnodes_deaths: 0.
num_space_committed: 1826.
num_space_uncommitted: 0.
num_chunks_returned_to_freelist: 42.
num_chunks_taken_from_freelist: 6108.
num_chunk_merges: 11.
num_chunk_splits: 4391.
num_chunks_enlarged: 3299.
num_inconsistent_stats: 0.

CodeCache: size=49152Kb used=24402Kb max_used=24402Kb free=24750Kb
 bounds [0x0000011ad5fa0000, 0x0000011ad77d0000, 0x0000011ad8fa0000]
 total_blobs=12880 nmethods=12021 adapters=777
 compilation: enabled
              stopped_count=0, restarted_count=0
 full_count=0

Compilation events (20 events):
Event: 17.789 Thread 0x0000011ae6cf09b0 12231       1       com.fasterxml.jackson.databind.cfg.MapperConfig::getAnnotationIntrospector (22 bytes)
Event: 17.789 Thread 0x0000011ae69e94c0 nmethod 12223 0x0000011ad65e7b90 code [0x0000011ad65e7fc0, 0x0000011ad65ea5d8]
Event: 17.789 Thread 0x0000011ae6cf3710 12232       1       org.springframework.util.MimeType::getSubtype (5 bytes)
Event: 17.789 Thread 0x0000011ae6cf09b0 nmethod 12231 0x0000011ad65e7790 code [0x0000011ad65e7920, 0x0000011ad65e7a78]
Event: 17.789 Thread 0x0000011ae6cf3710 nmethod 12232 0x0000011ad65e7490 code [0x0000011ad65e7620, 0x0000011ad65e76f8]
Event: 17.790 Thread 0x0000011ae571bca0 12233       1       com.fasterxml.jackson.databind.introspect.AnnotatedClass::getAnnotation (11 bytes)
Event: 17.790 Thread 0x0000011ae571bca0 nmethod 12233 0x0000011ad65e7190 code [0x0000011ad65e7320, 0x0000011ad65e7408]
Event: 17.791 Thread 0x0000011af3023330 12234       1       java.util.ArrayList::remove (76 bytes)
Event: 17.791 Thread 0x0000011aedf9c830 12235       1       java.util.Vector::<init> (7 bytes)
Event: 17.791 Thread 0x0000011ae6cfd140 12236       1       com.mysql.cj.jdbc.ClientPreparedStatement::getCoreParameterIndex (17 bytes)
Event: 17.791 Thread 0x0000011ae571bca0 12237       1       com.mysql.cj.NativeQueryBindings::getBinding (39 bytes)
Event: 17.791 Thread 0x0000011af3023330 nmethod 12234 0x0000011ad65e6310 code [0x0000011ad65e64c0, 0x0000011ad65e66f8]
Event: 17.791 Thread 0x0000011aedf9c830 nmethod 12235 0x0000011ad65e6010 code [0x0000011ad65e61a0, 0x0000011ad65e6288]
Event: 17.791 Thread 0x0000011ae6cf3710 12238       1       com.mysql.cj.NativeQueryBindValue::setBinding (171 bytes)
Event: 17.791 Thread 0x0000011ae6cf09b0 12239       1       com.mysql.cj.protocol.a.AbstractValueEncoder::init (68 bytes)
Event: 17.791 Thread 0x0000011ae6cfd140 nmethod 12236 0x0000011ad65e5c90 code [0x0000011ad65e5e20, 0x0000011ad65e5f28]
Event: 17.791 Thread 0x0000011ae571bca0 nmethod 12237 0x0000011ad65e5790 code [0x0000011ad65e5940, 0x0000011ad65e5b28]
Event: 17.791 Thread 0x0000011ae6cfe840 12240       1       org.apache.coyote.AbstractProtocol$ConnectionHandler::getProtocol (5 bytes)
Event: 17.791 Thread 0x0000011ae6cf09b0 nmethod 12239 0x0000011ad65e4e90 code [0x0000011ad65e5080, 0x0000011ad65e55b8]
Event: 17.791 Thread 0x0000011ae6cfe840 nmethod 12240 0x0000011ad65e4b90 code [0x0000011ad65e4d20, 0x0000011ad65e4df8]

GC Heap History (20 events):
Event: 6.721 GC heap after
{Heap after GC invocations=25 (full 0):
 garbage-first heap   total 143360K, used 57830K [0x0000000702400000, 0x0000000800000000)
  region size 2048K, 2 young (4096K), 2 survivors (4096K)
 Metaspace       used 88588K, committed 89344K, reserved 1179648K
  class space    used 12974K, committed 13376K, reserved 1048576K
}
Event: 6.785 GC heap before
{Heap before GC invocations=25 (full 0):
 garbage-first heap   total 143360K, used 113126K [0x0000000702400000, 0x0000000800000000)
  region size 2048K, 29 young (59392K), 2 survivors (4096K)
 Metaspace       used 88716K, committed 89472K, reserved 1179648K
  class space    used 12987K, committed 13376K, reserved 1048576K
}
Event: 6.789 GC heap after
{Heap after GC invocations=26 (full 0):
 garbage-first heap   total 143360K, used 69406K [0x0000000702400000, 0x0000000800000000)
  region size 2048K, 4 young (8192K), 4 survivors (8192K)
 Metaspace       used 88716K, committed 89472K, reserved 1179648K
  class space    used 12987K, committed 13376K, reserved 1048576K
}
Event: 6.827 GC heap before
{Heap before GC invocations=26 (full 0):
 garbage-first heap   total 143360K, used 108318K [0x0000000702400000, 0x0000000800000000)
  region size 2048K, 23 young (47104K), 4 survivors (8192K)
 Metaspace       used 88764K, committed 89536K, reserved 1179648K
  class space    used 12996K, committed 13376K, reserved 1048576K
}
Event: 6.833 GC heap after
{Heap after GC invocations=27 (full 0):
 garbage-first heap   total 143360K, used 79149K [0x0000000702400000, 0x0000000800000000)
  region size 2048K, 3 young (6144K), 3 survivors (6144K)
 Metaspace       used 88764K, committed 89536K, reserved 1179648K
  class space    used 12996K, committed 13376K, reserved 1048576K
}
Event: 6.861 GC heap before
{Heap before GC invocations=27 (full 0):
 garbage-first heap   total 143360K, used 107821K [0x0000000702400000, 0x0000000800000000)
  region size 2048K, 17 young (34816K), 3 survivors (6144K)
 Metaspace       used 88764K, committed 89536K, reserved 1179648K
  class space    used 12996K, committed 13376K, reserved 1048576K
}
Event: 6.867 GC heap after
{Heap after GC invocations=28 (full 0):
 garbage-first heap   total 143360K, used 91544K [0x0000000702400000, 0x0000000800000000)
  region size 2048K, 3 young (6144K), 3 survivors (6144K)
 Metaspace       used 88764K, committed 89536K, reserved 1179648K
  class space    used 12996K, committed 13376K, reserved 1048576K
}
Event: 6.887 GC heap before
{Heap before GC invocations=28 (full 0):
 garbage-first heap   total 143360K, used 109976K [0x0000000702400000, 0x0000000800000000)
  region size 2048K, 12 young (24576K), 3 survivors (6144K)
 Metaspace       used 88764K, committed 89536K, reserved 1179648K
  class space    used 12996K, committed 13376K, reserved 1048576K
}
Event: 6.892 GC heap after
{Heap after GC invocations=29 (full 0):
 garbage-first heap   total 286720K, used 99341K [0x0000000702400000, 0x0000000800000000)
  region size 2048K, 2 young (4096K), 2 survivors (4096K)
 Metaspace       used 88764K, committed 89536K, reserved 1179648K
  class space    used 12996K, committed 13376K, reserved 1048576K
}
Event: 7.044 GC heap before
{Heap before GC invocations=30 (full 0):
 garbage-first heap   total 286720K, used 189453K [0x0000000702400000, 0x0000000800000000)
  region size 2048K, 46 young (94208K), 2 survivors (4096K)
 Metaspace       used 88871K, committed 89600K, reserved 1179648K
  class space    used 13007K, committed 13376K, reserved 1048576K
}
Event: 7.052 GC heap after
{Heap after GC invocations=31 (full 0):
 garbage-first heap   total 286720K, used 113421K [0x0000000702400000, 0x0000000800000000)
  region size 2048K, 6 young (12288K), 6 survivors (12288K)
 Metaspace       used 88871K, committed 89600K, reserved 1179648K
  class space    used 13007K, committed 13376K, reserved 1048576K
}
Event: 7.058 GC heap before
{Heap before GC invocations=31 (full 0):
 garbage-first heap   total 286720K, used 115469K [0x0000000702400000, 0x0000000800000000)
  region size 2048K, 7 young (14336K), 6 survivors (12288K)
 Metaspace       used 88895K, committed 89664K, reserved 1179648K
  class space    used 13008K, committed 13376K, reserved 1048576K
}
Event: 7.062 GC heap after
{Heap after GC invocations=32 (full 0):
 garbage-first heap   total 286720K, used 114177K [0x0000000702400000, 0x0000000800000000)
  region size 2048K, 1 young (2048K), 1 survivors (2048K)
 Metaspace       used 88895K, committed 89664K, reserved 1179648K
  class space    used 13008K, committed 13376K, reserved 1048576K
}
Event: 7.362 GC heap before
{Heap before GC invocations=32 (full 0):
 garbage-first heap   total 286720K, used 189953K [0x0000000702400000, 0x0000000800000000)
  region size 2048K, 38 young (77824K), 1 survivors (2048K)
 Metaspace       used 92640K, committed 93376K, reserved 1179648K
  class space    used 13561K, committed 13952K, reserved 1048576K
}
Event: 7.364 GC heap after
{Heap after GC invocations=33 (full 0):
 garbage-first heap   total 286720K, used 115223K [0x0000000702400000, 0x0000000800000000)
  region size 2048K, 2 young (4096K), 2 survivors (4096K)
 Metaspace       used 92640K, committed 93376K, reserved 1179648K
  class space    used 13561K, committed 13952K, reserved 1048576K
}
Event: 7.673 GC heap before
{Heap before GC invocations=33 (full 0):
 garbage-first heap   total 286720K, used 197143K [0x0000000702400000, 0x0000000800000000)
  region size 2048K, 42 young (86016K), 2 survivors (4096K)
 Metaspace       used 95926K, committed 96640K, reserved 1179648K
  class space    used 13989K, committed 14336K, reserved 1048576K
}
Event: 7.676 GC heap after
{Heap after GC invocations=34 (full 0):
 garbage-first heap   total 286720K, used 118134K [0x0000000702400000, 0x0000000800000000)
  region size 2048K, 3 young (6144K), 3 survivors (6144K)
 Metaspace       used 95926K, committed 96640K, reserved 1179648K
  class space    used 13989K, committed 14336K, reserved 1048576K
}
Event: 8.128 GC heap before
{Heap before GC invocations=34 (full 0):
 garbage-first heap   total 286720K, used 208246K [0x0000000702400000, 0x0000000800000000)
  region size 2048K, 47 young (96256K), 3 survivors (6144K)
 Metaspace       used 99787K, committed 100544K, reserved 1179648K
  class space    used 14584K, committed 14912K, reserved 1048576K
}
Event: 8.133 GC heap after
{Heap after GC invocations=35 (full 0):
 garbage-first heap   total 286720K, used 122522K [0x0000000702400000, 0x0000000800000000)
  region size 2048K, 6 young (12288K), 6 survivors (12288K)
 Metaspace       used 99787K, committed 100544K, reserved 1179648K
  class space    used 14584K, committed 14912K, reserved 1048576K
}
Event: 17.792 GC heap before
{Heap before GC invocations=35 (full 0):
 garbage-first heap   total 286720K, used 212634K [0x0000000702400000, 0x0000000800000000)
  region size 2048K, 51 young (104448K), 6 survivors (12288K)
 Metaspace       used 116072K, committed 116992K, reserved 1179648K
  class space    used 16628K, committed 17088K, reserved 1048576K
}

Deoptimization events (18 events):
Event: 1.876 Thread 0x0000011ae6e80e30 DEOPT PACKING pc=0x0000011ad6914cec sp=0x0000000b7f4fa220
Event: 1.876 Thread 0x0000011ae6e80e30 DEOPT UNPACKING pc=0x0000011ad5ff2b43 sp=0x0000000b7f4f96d8 mode 0
Event: 2.057 Thread 0x0000011ae6e80e30 DEOPT PACKING pc=0x0000011ad6af918c sp=0x0000000b7f4fb970
Event: 2.057 Thread 0x0000011ae6e80e30 DEOPT UNPACKING pc=0x0000011ad5ff2b43 sp=0x0000000b7f4faf18 mode 0
Event: 2.057 Thread 0x0000011ae6e80e30 DEOPT PACKING pc=0x0000011ad6b03a64 sp=0x0000000b7f4fbe10
Event: 2.057 Thread 0x0000011ae6e80e30 DEOPT UNPACKING pc=0x0000011ad5ff2b43 sp=0x0000000b7f4fb310 mode 0
Event: 2.212 Thread 0x0000011ae6e80e30 DEOPT PACKING pc=0x0000011ad6587889 sp=0x0000000b7f4fdba0
Event: 2.212 Thread 0x0000011ae6e80e30 DEOPT UNPACKING pc=0x0000011ad5ff2b43 sp=0x0000000b7f4fd030 mode 3
Event: 2.212 Thread 0x0000011aec7d6880 DEOPT PACKING pc=0x0000011ad651551f sp=0x0000000b005ff360
Event: 2.212 Thread 0x0000011aec7d6880 DEOPT UNPACKING pc=0x0000011ad5ff2b43 sp=0x0000000b005fe7b8 mode 3
Event: 5.528 Thread 0x0000011ae6e80e30 DEOPT PACKING pc=0x0000011ad6b6a694 sp=0x0000000b7f4fb3d0
Event: 5.528 Thread 0x0000011ae6e80e30 DEOPT UNPACKING pc=0x0000011ad5ff2b43 sp=0x0000000b7f4fa8e0 mode 0
Event: 6.119 Thread 0x0000011aebc67b20 DEOPT PACKING pc=0x0000011ad6e8e9dc sp=0x0000000b002ff000
Event: 6.119 Thread 0x0000011aebc67b20 DEOPT UNPACKING pc=0x0000011ad5ff2b43 sp=0x0000000b002fe528 mode 0
Event: 7.587 Thread 0x0000011ae6e80e30 DEOPT PACKING pc=0x0000011ad73d9994 sp=0x0000000b7f4fb800
Event: 7.587 Thread 0x0000011ae6e80e30 DEOPT UNPACKING pc=0x0000011ad5ff2b43 sp=0x0000000b7f4fae80 mode 0
Event: 7.623 Thread 0x0000011ae6e80e30 DEOPT PACKING pc=0x0000011ad73d9994 sp=0x0000000b7f4fd020
Event: 7.623 Thread 0x0000011ae6e80e30 DEOPT UNPACKING pc=0x0000011ad5ff2b43 sp=0x0000000b7f4fc6a0 mode 0

Classes unloaded (11 events):
Event: 6.893 Thread 0x0000011ae56f3220 Unloading class 0x0000011a81d04400 'jdk/internal/reflect/GeneratedSerializationConstructorAccessor37'
Event: 6.893 Thread 0x0000011ae56f3220 Unloading class 0x0000011a81cfbc00 'jdk/internal/reflect/GeneratedSerializationConstructorAccessor36'
Event: 6.893 Thread 0x0000011ae56f3220 Unloading class 0x0000011a81cf9c00 'jdk/internal/reflect/GeneratedSerializationConstructorAccessor35'
Event: 6.893 Thread 0x0000011ae56f3220 Unloading class 0x0000011a81cf8000 'jdk/internal/reflect/GeneratedSerializationConstructorAccessor34'
Event: 6.893 Thread 0x0000011ae56f3220 Unloading class 0x0000011a81cf3400 'jdk/internal/reflect/GeneratedSerializationConstructorAccessor33'
Event: 6.893 Thread 0x0000011ae56f3220 Unloading class 0x0000011a81cf3000 'jdk/internal/reflect/GeneratedSerializationConstructorAccessor32'
Event: 6.893 Thread 0x0000011ae56f3220 Unloading class 0x0000011a81c41400 'jdk/internal/reflect/GeneratedSerializationConstructorAccessor23'
Event: 6.893 Thread 0x0000011ae56f3220 Unloading class 0x0000011a81c40c00 'jdk/internal/reflect/GeneratedSerializationConstructorAccessor22'
Event: 6.893 Thread 0x0000011ae56f3220 Unloading class 0x0000011a81c40000 'jdk/internal/reflect/GeneratedSerializationConstructorAccessor21'
Event: 6.893 Thread 0x0000011ae56f3220 Unloading class 0x0000011a81c2c800 'jdk/internal/reflect/GeneratedSerializationConstructorAccessor20'
Event: 6.893 Thread 0x0000011ae56f3220 Unloading class 0x0000011a81a98800 'jdk/internal/reflect/GeneratedSerializationConstructorAccessor18'

Classes redefined (0 events):
No events

Internal exceptions (20 events):
Event: 17.634 Thread 0x0000011aed811d20 Exception <a 'java/lang/NoSuchMethodError'{0x000000070f658520}: 'java.lang.Object java.lang.invoke.DelegatingMethodHandle$Holder.reinvoke_L(java.lang.Object, java.lang.Object, long, java.lang.Object, java.lang.Object, java.lang.Object, java.lang.Object, java.lang.Object, java.lang.Object, java.lang.Object, java.lang.Object, java.lang.Object, java.lang.Object, java.lang.Object, java.lang.Object, java.lang.Object, java.lang.Object, java.lang.Object, java.lang.Object, java.lang.Object, java.lang.Object)'> (0x
Event: 17.634 Thread 0x0000011aed8154d0 Exception <a 'java/lang/NoSuchMethodError'{0x000000070f9f4a40}: 'java.lang.Object java.lang.invoke.DelegatingMethodHandle$Holder.reinvoke_L(java.lang.Object, java.lang.Object, long, java.lang.Object, java.lang.Object, java.lang.Object, java.lang.Object, java.lang.Object, java.lang.Object, java.lang.Object, java.lang.Object, java.lang.Object, java.lang.Object, java.lang.Object, java.lang.Object, java.lang.Object, java.lang.Object, java.lang.Object, java.lang.Object, java.lang.Object, java.lang.Object)'> (0x
Event: 17.635 Thread 0x0000011aed816400 Exception <a 'java/lang/NoSuchMethodError'{0x000000070f766d10}: 'java.lang.Object java.lang.invoke.DirectMethodHandle$Holder.invokeSpecial(java.lang.Object, java.lang.Object, long, java.lang.Object, java.lang.Object, java.lang.Object, java.lang.Object, java.lang.Object, java.lang.Object, java.lang.Object, java.lang.Object, java.lang.Object, java.lang.Object, java.lang.Object, java.lang.Object, java.lang.Object, java.lang.Object, java.lang.Object, java.lang.Object, java.lang.Object, java.lang.Object)'> (0x0
Event: 17.635 Thread 0x0000011aed811d20 Exception <a 'java/lang/NoSuchMethodError'{0x000000070f7871e8}: 'java.lang.Object java.lang.invoke.DirectMethodHandle$Holder.invokeSpecial(java.lang.Object, java.lang.Object, long, java.lang.Object, java.lang.Object, java.lang.Object, java.lang.Object, java.lang.Object, java.lang.Object, java.lang.Object, java.lang.Object, java.lang.Object, java.lang.Object, java.lang.Object, java.lang.Object, java.lang.Object, java.lang.Object, java.lang.Object, java.lang.Object, java.lang.Object, java.lang.Object)'> (0x0
Event: 17.635 Thread 0x0000011aed816910 Exception <a 'java/lang/NoSuchMethodError'{0x000000070f7438c0}: 'java.lang.Object java.lang.invoke.DirectMethodHandle$Holder.invokeSpecial(java.lang.Object, java.lang.Object, long, java.lang.Object, java.lang.Object, java.lang.Object, java.lang.Object, java.lang.Object, java.lang.Object, java.lang.Object, java.lang.Object, java.lang.Object, java.lang.Object, java.lang.Object, java.lang.Object, java.lang.Object, java.lang.Object, java.lang.Object, java.lang.Object, java.lang.Object, java.lang.Object)'> (0x0
Event: 17.635 Thread 0x0000011aed8154d0 Exception <a 'java/lang/NoSuchMethodError'{0x000000070f72b928}: 'java.lang.Object java.lang.invoke.DirectMethodHandle$Holder.invokeSpecial(java.lang.Object, java.lang.Object, long, java.lang.Object, java.lang.Object, java.lang.Object, java.lang.Object, java.lang.Object, java.lang.Object, java.lang.Object, java.lang.Object, java.lang.Object, java.lang.Object, java.lang.Object, java.lang.Object, java.lang.Object, java.lang.Object, java.lang.Object, java.lang.Object, java.lang.Object, java.lang.Object)'> (0x0
Event: 17.635 Thread 0x0000011aed816400 Exception <a 'java/lang/NoSuchMethodError'{0x000000070f76c820}: 'java.lang.Object java.lang.invoke.DelegatingMethodHandle$Holder.reinvoke_L(java.lang.Object, long, java.lang.Object, java.lang.Object, java.lang.Object, java.lang.Object, java.lang.Object, java.lang.Object, java.lang.Object, java.lang.Object, java.lang.Object, java.lang.Object, java.lang.Object, java.lang.Object, java.lang.Object, java.lang.Object, java.lang.Object, java.lang.Object, java.lang.Object, java.lang.Object)'> (0x000000070f76c820) 
Event: 17.635 Thread 0x0000011aed811d20 Exception <a 'java/lang/NoSuchMethodError'{0x000000070f78c510}: 'java.lang.Object java.lang.invoke.DelegatingMethodHandle$Holder.reinvoke_L(java.lang.Object, long, java.lang.Object, java.lang.Object, java.lang.Object, java.lang.Object, java.lang.Object, java.lang.Object, java.lang.Object, java.lang.Object, java.lang.Object, java.lang.Object, java.lang.Object, java.lang.Object, java.lang.Object, java.lang.Object, java.lang.Object, java.lang.Object, java.lang.Object, java.lang.Object)'> (0x000000070f78c510) 
Event: 17.635 Thread 0x0000011aed816910 Exception <a 'java/lang/NoSuchMethodError'{0x000000070f748be8}: 'java.lang.Object java.lang.invoke.DelegatingMethodHandle$Holder.reinvoke_L(java.lang.Object, long, java.lang.Object, java.lang.Object, java.lang.Object, java.lang.Object, java.lang.Object, java.lang.Object, java.lang.Object, java.lang.Object, java.lang.Object, java.lang.Object, java.lang.Object, java.lang.Object, java.lang.Object, java.lang.Object, java.lang.Object, java.lang.Object, java.lang.Object, java.lang.Object)'> (0x000000070f748be8) 
Event: 17.635 Thread 0x0000011aed8154d0 Exception <a 'java/lang/NoSuchMethodError'{0x000000070f730c50}: 'java.lang.Object java.lang.invoke.DelegatingMethodHandle$Holder.reinvoke_L(java.lang.Object, long, java.lang.Object, java.lang.Object, java.lang.Object, java.lang.Object, java.lang.Object, java.lang.Object, java.lang.Object, java.lang.Object, java.lang.Object, java.lang.Object, java.lang.Object, java.lang.Object, java.lang.Object, java.lang.Object, java.lang.Object, java.lang.Object, java.lang.Object, java.lang.Object)'> (0x000000070f730c50) 
Event: 17.637 Thread 0x0000011aed811d20 Exception <a 'java/lang/NoSuchMethodError'{0x000000070f4b4538}: 'java.lang.Object java.lang.invoke.DirectMethodHandle$Holder.invokeSpecial(java.lang.Object, java.lang.Object, java.lang.Object, java.lang.Object, java.lang.Object, java.lang.Object, java.lang.Object, java.lang.Object, java.lang.Object, java.lang.Object, java.lang.Object, java.lang.Object, java.lang.Object, java.lang.Object, java.lang.Object, java.lang.Object, double, double, java.lang.Object, java.lang.Object)'> (0x000000070f4b4538) 
thrown [
Event: 17.637 Thread 0x0000011aed811d20 Exception <a 'java/lang/NoSuchMethodError'{0x000000070f4b9570}: 'java.lang.Object java.lang.invoke.Invokers$Holder.linkToTargetMethod(java.lang.Object, java.lang.Object, java.lang.Object, java.lang.Object, java.lang.Object, java.lang.Object, java.lang.Object, java.lang.Object, java.lang.Object, java.lang.Object, java.lang.Object, java.lang.Object, java.lang.Object, java.lang.Object, double, double, java.lang.Object, java.lang.Object, java.lang.Object)'> (0x000000070f4b9570) 
thrown [s\open\src\hotspot\shar
Event: 17.698 Thread 0x0000011aed811d20 Exception <a 'java/lang/NoSuchMethodError'{0x000000070ea84160}: 'void java.lang.invoke.DirectMethodHandle$Holder.invokeSpecialIFC(java.lang.Object, java.lang.Object, int, java.lang.Object, java.lang.Object, java.lang.Object, java.lang.Object)'> (0x000000070ea84160) 
thrown [s\open\src\hotspot\share\interpreter\linkResolver.cpp, line 759]
Event: 17.698 Thread 0x0000011aed8154d0 Exception <a 'java/lang/NoSuchMethodError'{0x000000070ead7a88}: 'void java.lang.invoke.DirectMethodHandle$Holder.invokeSpecialIFC(java.lang.Object, java.lang.Object, int, java.lang.Object, java.lang.Object, java.lang.Object, java.lang.Object)'> (0x000000070ead7a88) 
thrown [s\open\src\hotspot\share\interpreter\linkResolver.cpp, line 759]
Event: 17.698 Thread 0x0000011aed816400 Exception <a 'java/lang/NoSuchMethodError'{0x000000070eaef2f8}: 'void java.lang.invoke.DirectMethodHandle$Holder.invokeSpecialIFC(java.lang.Object, java.lang.Object, int, java.lang.Object, java.lang.Object, java.lang.Object, java.lang.Object)'> (0x000000070eaef2f8) 
thrown [s\open\src\hotspot\share\interpreter\linkResolver.cpp, line 759]
Event: 17.698 Thread 0x0000011aed816910 Exception <a 'java/lang/NoSuchMethodError'{0x000000070eaa8718}: 'void java.lang.invoke.DirectMethodHandle$Holder.invokeSpecialIFC(java.lang.Object, java.lang.Object, int, java.lang.Object, java.lang.Object, java.lang.Object, java.lang.Object)'> (0x000000070eaa8718) 
thrown [s\open\src\hotspot\share\interpreter\linkResolver.cpp, line 759]
Event: 17.752 Thread 0x0000011aed811d20 Exception <a 'java/lang/IncompatibleClassChangeError'{0x000000070e978b90}: Found class java.lang.Object, but interface was expected> (0x000000070e978b90) 
thrown [s\open\src\hotspot\share\interpreter\linkResolver.cpp, line 826]
Event: 17.752 Thread 0x0000011aed816910 Exception <a 'java/lang/IncompatibleClassChangeError'{0x000000070e8d9cd8}: Found class java.lang.Object, but interface was expected> (0x000000070e8d9cd8) 
thrown [s\open\src\hotspot\share\interpreter\linkResolver.cpp, line 826]
Event: 17.764 Thread 0x0000011aed816910 Exception <a 'java/lang/NoSuchMethodError'{0x000000070e77c3a8}: 'java.lang.Object java.lang.invoke.DirectMethodHandle$Holder.invokeVirtual(java.lang.Object, java.lang.Object, int)'> (0x000000070e77c3a8) 
thrown [s\open\src\hotspot\share\interpreter\linkResolver.cpp, line 759]
Event: 17.767 Thread 0x0000011aed811d20 Exception <a 'java/lang/IncompatibleClassChangeError'{0x000000070e7eec88}: Found class java.lang.Object, but interface was expected> (0x000000070e7eec88) 
thrown [s\open\src\hotspot\share\interpreter\linkResolver.cpp, line 826]

VM Operations (20 events):
Event: 17.624 Executing VM operation: HandshakeAllThreads done
Event: 17.624 Executing VM operation: Cleanup
Event: 17.624 Executing VM operation: Cleanup done
Event: 17.651 Executing VM operation: HandshakeAllThreads
Event: 17.651 Executing VM operation: HandshakeAllThreads done
Event: 17.656 Executing VM operation: HandshakeAllThreads
Event: 17.656 Executing VM operation: HandshakeAllThreads done
Event: 17.666 Executing VM operation: HandshakeAllThreads
Event: 17.666 Executing VM operation: HandshakeAllThreads done
Event: 17.683 Executing VM operation: HandshakeAllThreads
Event: 17.683 Executing VM operation: HandshakeAllThreads done
Event: 17.688 Executing VM operation: HandshakeAllThreads
Event: 17.688 Executing VM operation: HandshakeAllThreads done
Event: 17.692 Executing VM operation: HandshakeAllThreads
Event: 17.692 Executing VM operation: HandshakeAllThreads done
Event: 17.764 Executing VM operation: HandshakeAllThreads
Event: 17.764 Executing VM operation: HandshakeAllThreads done
Event: 17.775 Executing VM operation: HandshakeAllThreads
Event: 17.776 Executing VM operation: HandshakeAllThreads done
Event: 17.792 Executing VM operation: G1CollectForAllocation

Events (20 events):
Event: 17.690 loading class java/util/AbstractMap$SimpleEntry done
Event: 17.712 Thread 0x0000011af301b9b0 Thread added: 0x0000011af301b9b0
Event: 17.752 loading class jdk/internal/reflect/UnsafeLongFieldAccessorImpl
Event: 17.752 loading class jdk/internal/reflect/UnsafeLongFieldAccessorImpl done
Event: 17.752 loading class jdk/internal/reflect/UnsafeDoubleFieldAccessorImpl
Event: 17.753 loading class jdk/internal/reflect/UnsafeDoubleFieldAccessorImpl done
Event: 17.754 loading class jdk/internal/reflect/UnsafeBooleanFieldAccessorImpl
Event: 17.755 loading class jdk/internal/reflect/UnsafeBooleanFieldAccessorImpl done
Event: 17.771 loading class java/util/OptionalLong
Event: 17.771 loading class java/util/OptionalLong done
Event: 17.771 loading class java/util/OptionalDouble
Event: 17.771 loading class java/util/OptionalDouble done
Event: 17.779 loading class org/w3c/dom/Node
Event: 17.779 loading class org/w3c/dom/Node done
Event: 17.779 loading class org/w3c/dom/Document
Event: 17.779 loading class org/w3c/dom/Document done
Event: 17.788 loading class java/util/stream/LongStream
Event: 17.788 loading class java/util/stream/LongStream done
Event: 17.788 loading class java/util/stream/DoubleStream
Event: 17.788 loading class java/util/stream/DoubleStream done


Dynamic libraries:
0x00007ff673110000 - 0x00007ff673120000 	C:\Program Files\Java\jdk-17\bin\java.exe
0x00007ffe4cf10000 - 0x00007ffe4d127000 	C:\WINDOWS\SYSTEM32\ntdll.dll
0x00007ffe4ac30000 - 0x00007ffe4acf4000 	C:\WINDOWS\System32\KERNEL32.DLL
0x00007ffe4a2a0000 - 0x00007ffe4a65a000 	C:\WINDOWS\System32\KERNELBASE.dll
0x00007ffe4a660000 - 0x00007ffe4a771000 	C:\WINDOWS\System32\ucrtbase.dll
0x00007ffe3b440000 - 0x00007ffe3b459000 	C:\Program Files\Java\jdk-17\bin\jli.dll
0x00007ffe3b320000 - 0x00007ffe3b33b000 	C:\Program Files\Java\jdk-17\bin\VCRUNTIME140.dll
0x00007ffe4b3a0000 - 0x00007ffe4b452000 	C:\WINDOWS\System32\ADVAPI32.dll
0x00007ffe4c4f0000 - 0x00007ffe4c597000 	C:\WINDOWS\System32\msvcrt.dll
0x00007ffe4ad50000 - 0x00007ffe4adf7000 	C:\WINDOWS\System32\sechost.dll
0x00007ffe4a780000 - 0x00007ffe4a7a8000 	C:\WINDOWS\System32\bcrypt.dll
0x00007ffe4ae00000 - 0x00007ffe4af14000 	C:\WINDOWS\System32\RPCRT4.dll
0x00007ffe4cd20000 - 0x00007ffe4cece000 	C:\WINDOWS\System32\USER32.dll
0x00007ffe4a830000 - 0x00007ffe4a856000 	C:\WINDOWS\System32\win32u.dll
0x00007ffe4c2b0000 - 0x00007ffe4c2d9000 	C:\WINDOWS\System32\GDI32.dll
0x00007ffe49450000 - 0x00007ffe496e2000 	C:\WINDOWS\WinSxS\amd64_microsoft.windows.common-controls_6595b64144ccf1df_6.0.22621.4541_none_2710d1c57384c085\COMCTL32.dll
0x00007ffe4aaf0000 - 0x00007ffe4ac0b000 	C:\WINDOWS\System32\gdi32full.dll
0x00007ffe4a860000 - 0x00007ffe4a8fa000 	C:\WINDOWS\System32\msvcp_win.dll
0x00007ffe42800000 - 0x00007ffe4280a000 	C:\WINDOWS\SYSTEM32\VERSION.dll
0x00007ffe4bea0000 - 0x00007ffe4bed1000 	C:\WINDOWS\System32\IMM32.DLL
0x00007ffe3c130000 - 0x00007ffe3c13c000 	C:\Program Files\Java\jdk-17\bin\vcruntime140_1.dll
0x00007ffe37e00000 - 0x00007ffe37e8e000 	C:\Program Files\Java\jdk-17\bin\msvcp140.dll
0x00007ffdd6b00000 - 0x00007ffdd76e0000 	C:\Program Files\Java\jdk-17\bin\server\jvm.dll
0x00007ffe4c7e0000 - 0x00007ffe4c7e8000 	C:\WINDOWS\System32\PSAPI.DLL
0x00007ffe3ec20000 - 0x00007ffe3ec54000 	C:\WINDOWS\SYSTEM32\WINMM.dll
0x00007ffe2a6f0000 - 0x00007ffe2a6f9000 	C:\WINDOWS\SYSTEM32\WSOCK32.dll
0x00007ffe4c1b0000 - 0x00007ffe4c221000 	C:\WINDOWS\System32\WS2_32.dll
0x00007ffe48920000 - 0x00007ffe48938000 	C:\WINDOWS\SYSTEM32\kernel.appcore.dll
0x00007ffe3bc80000 - 0x00007ffe3bc8a000 	C:\Program Files\Java\jdk-17\bin\jimage.dll
0x00007ffe49b40000 - 0x00007ffe49d72000 	C:\WINDOWS\SYSTEM32\DBGHELP.DLL
0x00007ffe4c7f0000 - 0x00007ffe4cb7f000 	C:\WINDOWS\System32\combase.dll
0x00007ffe4cb90000 - 0x00007ffe4cc67000 	C:\WINDOWS\System32\OLEAUT32.dll
0x00007ffe499e0000 - 0x00007ffe49a12000 	C:\WINDOWS\SYSTEM32\dbgcore.DLL
0x00007ffe4a900000 - 0x00007ffe4a97b000 	C:\WINDOWS\System32\bcryptPrimitives.dll
0x00007ffe3b430000 - 0x00007ffe3b43e000 	C:\Program Files\Java\jdk-17\bin\instrument.dll
0x00007ffe39250000 - 0x00007ffe39275000 	C:\Program Files\Java\jdk-17\bin\java.dll
0x00007ffe2aa30000 - 0x00007ffe2ab07000 	C:\Program Files\Java\jdk-17\bin\jsvml.dll
0x00007ffe4b620000 - 0x00007ffe4be98000 	C:\WINDOWS\System32\SHELL32.dll
0x00007ffe47680000 - 0x00007ffe47f88000 	C:\WINDOWS\SYSTEM32\windows.storage.dll
0x00007ffe47540000 - 0x00007ffe4767f000 	C:\WINDOWS\SYSTEM32\wintypes.dll
0x00007ffe4c3f0000 - 0x00007ffe4c4ea000 	C:\WINDOWS\System32\SHCORE.dll
0x00007ffe4bee0000 - 0x00007ffe4bf3e000 	C:\WINDOWS\System32\shlwapi.dll
0x00007ffe4a110000 - 0x00007ffe4a13b000 	C:\WINDOWS\SYSTEM32\profapi.dll
0x00007ffe39110000 - 0x00007ffe39128000 	C:\Program Files\Java\jdk-17\bin\zip.dll
0x00007ffe390f0000 - 0x00007ffe39109000 	C:\Program Files\Java\jdk-17\bin\net.dll
0x00007ffe43660000 - 0x00007ffe43796000 	C:\WINDOWS\SYSTEM32\WINHTTP.dll
0x00007ffe48db0000 - 0x00007ffe48e19000 	C:\WINDOWS\system32\mswsock.dll
0x00007ffe37de0000 - 0x00007ffe37df6000 	C:\Program Files\Java\jdk-17\bin\nio.dll
0x00007ffe2e0a0000 - 0x00007ffe2e0ba000 	C:\Program Files\JetBrains\IntelliJ IDEA 2024.2.1\bin\breakgen64.dll
0x00007ffe48490000 - 0x00007ffe48592000 	C:\WINDOWS\SYSTEM32\DNSAPI.dll
0x00007ffe48420000 - 0x00007ffe4844d000 	C:\WINDOWS\SYSTEM32\IPHLPAPI.DLL
0x00007ffe4c3e0000 - 0x00007ffe4c3e9000 	C:\WINDOWS\System32\NSI.dll
0x00007ffe3c400000 - 0x00007ffe3c40a000 	C:\Windows\System32\rasadhlp.dll
0x00007ffe42740000 - 0x00007ffe427c3000 	C:\WINDOWS\System32\fwpuclnt.dll
0x00007ffe2e8e0000 - 0x00007ffe2e8ea000 	C:\Program Files\Java\jdk-17\bin\management.dll
0x00007ffe2e470000 - 0x00007ffe2e47b000 	C:\Program Files\Java\jdk-17\bin\management_ext.dll
0x00007ffe49e80000 - 0x00007ffe49e9b000 	C:\WINDOWS\SYSTEM32\CRYPTSP.dll
0x00007ffe49080000 - 0x00007ffe490b5000 	C:\WINDOWS\system32\rsaenh.dll
0x00007ffe48e20000 - 0x00007ffe48e48000 	C:\WINDOWS\SYSTEM32\USERENV.dll
0x00007ffe49120000 - 0x00007ffe4912c000 	C:\WINDOWS\SYSTEM32\CRYPTBASE.dll
0x00007ffe43890000 - 0x00007ffe438a9000 	C:\WINDOWS\SYSTEM32\dhcpcsvc6.DLL
0x00007ffe43640000 - 0x00007ffe4365f000 	C:\WINDOWS\SYSTEM32\dhcpcsvc.DLL
0x00007ffe2b420000 - 0x00007ffe2b437000 	C:\WINDOWS\system32\napinsp.dll
0x00007ffe2b400000 - 0x00007ffe2b41b000 	C:\WINDOWS\system32\pnrpnsp.dll
0x00007ffe2b0e0000 - 0x00007ffe2b0f1000 	C:\WINDOWS\System32\winrnr.dll
0x00007ffe2b0c0000 - 0x00007ffe2b0d5000 	C:\WINDOWS\system32\wshbth.dll
0x00007ffe2b090000 - 0x00007ffe2b0b7000 	C:\WINDOWS\system32\nlansp_c.dll
0x00007ffe2e240000 - 0x00007ffe2e24e000 	C:\Program Files\Java\jdk-17\bin\sunmscapi.dll
0x00007ffe4a980000 - 0x00007ffe4aae6000 	C:\WINDOWS\System32\CRYPT32.dll
0x00007ffe49420000 - 0x00007ffe4944d000 	C:\WINDOWS\SYSTEM32\ncrypt.dll
0x00007ffe493e0000 - 0x00007ffe49417000 	C:\WINDOWS\SYSTEM32\NTASN1.dll
0x00007ffe390e0000 - 0x00007ffe390f0000 	C:\Program Files\Java\jdk-17\bin\verify.dll
0x00007ffdf3790000 - 0x00007ffdf3798000 	C:\WINDOWS\system32\wshunix.dll

dbghelp: loaded successfully - version: 4.0.5 - missing functions: none
symbol engine: initialized successfully - sym options: 0x614 - pdb path: .;C:\Program Files\Java\jdk-17\bin;C:\WINDOWS\SYSTEM32;C:\WINDOWS\WinSxS\amd64_microsoft.windows.common-controls_6595b64144ccf1df_6.0.22621.4541_none_2710d1c57384c085;C:\Program Files\Java\jdk-17\bin\server;C:\Program Files\JetBrains\IntelliJ IDEA 2024.2.1\bin

VM Arguments:
jvm_args: -XX:TieredStopAtLevel=1 -Dspring.output.ansi.enabled=always -Dcom.sun.management.jmxremote -Dspring.jmx.enabled=true -Dspring.liveBeansView.mbeanDomain -Dspring.application.admin.enabled=true -Dmanagement.endpoints.jmx.exposure.include=* -javaagent:C:\Program Files\JetBrains\IntelliJ IDEA 2024.2.1\lib\idea_rt.jar=64884:C:\Program Files\JetBrains\IntelliJ IDEA 2024.2.1\bin -Dfile.encoding=UTF-8 
java_command: BackAnt.BackAntApplication
java_class_path (initial): C:\Users\lotte4\Desktop\project\lotte-2nd-project-back-team3\build\classes\java\main;C:\Users\lotte4\Desktop\project\lotte-2nd-project-back-team3\build\resources\main;C:\Users\lotte4\.gradle\caches\modules-2\files-2.1\org.springframework.boot\spring-boot-configuration-processor\3.4.0\fc571725ca8b92a09a48ccce8ab1547464b0bd8b\spring-boot-configuration-processor-3.4.0.jar;C:\Users\lotte4\.gradle\caches\modules-2\files-2.1\org.projectlombok\lombok\1.18.36\5a30490a6e14977d97d9c73c924c1f1b5311ea95\lombok-1.18.36.jar;C:\Users\lotte4\.gradle\caches\modules-2\files-2.1\org.springframework.boot\spring-boot-starter-data-jpa\3.4.0\c6e24cab029e2b2ef36c4a5a5b1a82dbaa9d18c0\spring-boot-starter-data-jpa-3.4.0.jar;C:\Users\lotte4\.gradle\caches\modules-2\files-2.1\org.springframework.boot\spring-boot-starter-security\3.4.0\b4027ba9875f9d78ffec7010da88c1e5b964d6ed\spring-boot-starter-security-3.4.0.jar;C:\Users\lotte4\.gradle\caches\modules-2\files-2.1\org.springframework.boot\spring-boot-starter-websocket\3.4.0\212614049d7748372e4aace3089228591b1c2dba\spring-boot-starter-websocket-3.4.0.jar;C:\Users\lotte4\.gradle\caches\modules-2\files-2.1\org.springframework.boot\spring-boot-starter-web\3.4.0\5447a62dc3dee3eadf2def23314e0db4c81bb3\spring-boot-starter-web-3.4.0.jar;C:\Users\lotte4\.gradle\caches\modules-2\files-2.1\org.springframework.boot\spring-boot-starter-thymeleaf\3.4.0\1ec7fdf829d485800146ec333d6e30af9fbc4830\spring-boot-starter-thymeleaf-3.4.0.jar;C:\Users\lotte4\.gradle\caches\modules-2\files-2.1\org.thymeleaf.extras\thymeleaf-extras-springsecurity6\3.1.2.RELEASE\574c188eb147191e2f162419e9fc780fcf3256d7\thymeleaf-extras-springsecurity6-3.1.2.RELEASE.jar;C:\Users\lotte4\.gradle\caches\modules-2\files-2.1\org.springframework.boot\spring-boot-starter-data-redis\3.4.0\5da88cdbb297c6603b93881184b23891bd6f0a37\spring-boot-starter-data-redis-3.4.0.jar;C:\Users\lotte4\.gradle\caches\modules-2\files-2.1\io.jsonwebtoken\jjwt-api\0.12.6\478886a888f6add0493
Launcher Type: SUN_STANDARD

[Global flags]
     intx CICompilerCount                          = 12                                        {product} {ergonomic}
     uint ConcGCThreads                            = 4                                         {product} {ergonomic}
     uint G1ConcRefinementThreads                  = 15                                        {product} {ergonomic}
   size_t G1HeapRegionSize                         = 2097152                                   {product} {ergonomic}
    uintx GCDrainStackTargetSize                   = 64                                        {product} {ergonomic}
   size_t InitialHeapSize                          = 266338304                                 {product} {ergonomic}
     bool ManagementServer                         = true                                      {product} {command line}
   size_t MarkStackSize                            = 4194304                                   {product} {ergonomic}
   size_t MaxHeapSize                              = 4257218560                                {product} {ergonomic}
   size_t MaxNewSize                               = 2554331136                                {product} {ergonomic}
   size_t MinHeapDeltaBytes                        = 2097152                                   {product} {ergonomic}
   size_t MinHeapSize                              = 8388608                                   {product} {ergonomic}
    uintx NonProfiledCodeHeapSize                  = 0                                      {pd product} {ergonomic}
     bool ProfileInterpreter                       = false                                  {pd product} {command line}
    uintx ProfiledCodeHeapSize                     = 0                                      {pd product} {ergonomic}
   size_t SoftMaxHeapSize                          = 4257218560                             {manageable} {ergonomic}
     intx TieredStopAtLevel                        = 1                                         {product} {command line}
     bool UseCompressedClassPointers               = true                           {product lp64_product} {ergonomic}
     bool UseCompressedOops                        = true                           {product lp64_product} {ergonomic}
     bool UseG1GC                                  = true                                      {product} {ergonomic}
     bool UseLargePagesIndividualAllocation        = false                                  {pd product} {ergonomic}

Logging:
Log output configuration:
 #0: stdout all=warning uptime,level,tags
 #1: stderr all=off uptime,level,tags

Environment Variables:
JAVA_HOME=C:\Program Files\Java\jdk-17
CLASSPATH=C:\Program Files\Java\jdk-17lib
PATH=C:\Program Files\Common Files\Oracle\Java\javapath;C:\WINDOWS\system32;C:\WINDOWS;C:\WINDOWS\System32\Wbem;C:\WINDOWS\System32\WindowsPowerShell\v1.0\;C:\WINDOWS\System32\OpenSSH\;C:\Program Files (x86)\Common Files\Acronis\VirtualFile\;C:\Program Files (x86)\Common Files\Acronis\VirtualFile64\;C:\Program Files (x86)\Common Files\Acronis\FileProtector\;C:\Program Files (x86)\Common Files\Acronis\FileProtector64\;C:\Program Files (x86)\Common Files\Acronis\SnapAPI\;C:\Program Files\Common Files\Autodesk Shared\;C:\Program Files\Microsoft SQL Server\120\Tools\Binn\;C:\Program Files\Java\jdk-17\bin;C:\Program Files\Git\cmd;C:\Program Files\nodejs\;C:\Users\lotte4\AppData\Local\Microsoft\WindowsApps;C:\Users\lotte4\AppData\Local\Programs\Microsoft VS Code\bin;C:\Program Files\JetBrains\IntelliJ IDEA 2024.2.1\bin;;C:\Users\lotte4\AppData\Roaming\npm;
USERNAME=lotte4
OS=Windows_NT
PROCESSOR_IDENTIFIER=Intel64 Family 6 Model 151 Stepping 2, GenuineIntel



---------------  S Y S T E M  ---------------

OS:
 Windows 11 , 64 bit Build 22621 (10.0.22621.4391)
OS uptime: 5 days 21:52 hours
Hyper-V role detected

CPU: total 20 (initial active 20) (10 cores per cpu, 2 threads per core) family 6 model 151 stepping 2 microcode 0x2d, cx8, cmov, fxsr, ht, mmx, 3dnowpref, sse, sse2, sse3, ssse3, sse4.1, sse4.2, popcnt, lzcnt, tsc, tscinvbit, avx, avx2, aes, erms, clmul, bmi1, bmi2, adx, sha, fma, vzeroupper, clflush, clflushopt, clwb, hv

Memory: 4k page, system-wide physical 16234M (2717M free)
TotalPageFile size 65386M (AvailPageFile size 198M)
current process WorkingSet (physical memory assigned to process): 473M, peak: 473M
current process commit charge ("private bytes"): 580M, peak: 860M

vm_info: Java HotSpot(TM) 64-Bit Server VM (17.0.11+7-LTS-207) for windows-amd64 JRE (17.0.11+7-LTS-207), built on Mar 11 2024 19:01:50 by "mach5one" with MS VC++ 17.6 (VS2022)

END.
