#
# There is insufficient memory for the Java Runtime Environment to continue.
# Native memory allocation (mmap) failed to map 385875968 bytes for G1 virtual space
# Possible reasons:
#   The system is out of physical RAM or swap space
#   The process is running with CompressedOops enabled, and the Java Heap may be blocking the growth of the native heap
# Possible solutions:
#   Reduce memory load on the system
#   Increase physical memory or swap space
#   Check if swap backing store is full
#   Decrease Java heap size (-Xmx/-Xms)
#   Decrease number of Java threads
#   Decrease Java thread stack sizes (-Xss)
#   Set larger code cache with -XX:ReservedCodeCacheSize=
#   JVM is running with Zero Based Compressed Oops mode in which the Java heap is
#     placed in the first 32GB address space. The Java Heap base address is the
#     maximum limit for the native heap growth. Please use -XX:HeapBaseMinAddress
#     to set the Java Heap base and to place the Java Heap above 32GB virtual address.
# This output file may be truncated or incomplete.
#
#  Out of Memory Error (os_windows.cpp:3548), pid=13532, tid=11720
#
# JRE version: Java(TM) SE Runtime Environment (17.0.11+7) (build 17.0.11+7-LTS-207)
# Java VM: Java HotSpot(TM) 64-Bit Server VM (17.0.11+7-LTS-207, mixed mode, emulated-client, sharing, tiered, compressed oops, compressed class ptrs, g1 gc, windows-amd64)
# No core dump will be written. Minidumps are not enabled by default on client versions of Windows
#

---------------  S U M M A R Y ------------

Command Line: -XX:TieredStopAtLevel=1 -Dspring.output.ansi.enabled=always -Dcom.sun.management.jmxremote -Dspring.jmx.enabled=true -Dspring.liveBeansView.mbeanDomain -Dspring.application.admin.enabled=true -Dmanagement.endpoints.jmx.exposure.include=* -javaagent:C:\Program Files\JetBrains\IntelliJ IDEA 2024.2.1\lib\idea_rt.jar=52132:C:\Program Files\JetBrains\IntelliJ IDEA 2024.2.1\bin -Dfile.encoding=UTF-8 BackAnt.BackAntApplication

Host: 12th Gen Intel(R) Core(TM) i7-12700F, 20 cores, 15G,  Windows 11 , 64 bit Build 22621 (10.0.22621.4391)
Time: Sun Dec 22 12:44:11 2024  Windows 11 , 64 bit Build 22621 (10.0.22621.4391) elapsed time: 10.498604 seconds (0d 0h 0m 10s)

---------------  T H R E A D  ---------------

Current thread (0x0000016b7167db90):  VMThread "VM Thread" [stack: 0x0000004087e00000,0x0000004087f00000] [id=11720]

Stack: [0x0000004087e00000,0x0000004087f00000]
Native frames: (J=compiled Java code, j=interpreted, Vv=VM code, C=native code)
V  [jvm.dll+0x679cca]
V  [jvm.dll+0x7da13d]
V  [jvm.dll+0x7dba83]
V  [jvm.dll+0x7dc0f3]
V  [jvm.dll+0x2449af]
V  [jvm.dll+0x676ce9]
V  [jvm.dll+0x66b852]
V  [jvm.dll+0x3018d6]
V  [jvm.dll+0x308e76]
V  [jvm.dll+0x3596ee]
V  [jvm.dll+0x35991f]
V  [jvm.dll+0x2d89a8]
V  [jvm.dll+0x2d6ddd]
V  [jvm.dll+0x2d642c]
V  [jvm.dll+0x319f8b]
V  [jvm.dll+0x7e09eb]
V  [jvm.dll+0x7e1724]
V  [jvm.dll+0x7e1c3d]
V  [jvm.dll+0x7e2014]
V  [jvm.dll+0x7e20e0]
V  [jvm.dll+0x78a85a]
V  [jvm.dll+0x678bb5]
C  [ucrtbase.dll+0x29333]
C  [KERNEL32.DLL+0x1259d]
C  [ntdll.dll+0x5af38]

VM_Operation (0x00000040897fcbc0): G1CollectForAllocation, mode: safepoint, requested by thread 0x0000016b767bcd00


---------------  P R O C E S S  ---------------

Threads class SMR info:
_java_thread_list=0x0000016b79130ec0, length=34, elements={
0x0000016b59b91bf0, 0x0000016b71684950, 0x0000016b716857d0, 0x0000016b7169fe30,
0x0000016b716a0900, 0x0000016b716a1c60, 0x0000016b716a4a30, 0x0000016b716a54a0,
0x0000016b716adb50, 0x0000016b7122c980, 0x0000016b717ae670, 0x0000016b717b5440,
0x0000016b717b5a10, 0x0000016b717b61c0, 0x0000016b7628a680, 0x0000016b76297510,
0x0000016b76400220, 0x0000016b767b9780, 0x0000016b767bcd00, 0x0000016b76d32a50,
0x0000016b76d7a5f0, 0x0000016b76dc5290, 0x0000016b76dc3940, 0x0000016b76dc3e50,
0x0000016b76dc4360, 0x0000016b7809f170, 0x0000016b7809d820, 0x0000016b780a0fd0,
0x0000016b7809c8f0, 0x0000016b7809ce00, 0x0000016b780a05b0, 0x0000016b79121810,
0x0000016b7910d500, 0x0000016b780a00a0
}

Java Threads: ( => current thread )
  0x0000016b59b91bf0 JavaThread "main" [_thread_blocked, id=22028, stack(0x0000004087800000,0x0000004087900000)]
  0x0000016b71684950 JavaThread "Reference Handler" daemon [_thread_blocked, id=21236, stack(0x0000004087f00000,0x0000004088000000)]
  0x0000016b716857d0 JavaThread "Finalizer" daemon [_thread_blocked, id=9348, stack(0x0000004088000000,0x0000004088100000)]
  0x0000016b7169fe30 JavaThread "Signal Dispatcher" daemon [_thread_blocked, id=12368, stack(0x0000004088100000,0x0000004088200000)]
  0x0000016b716a0900 JavaThread "Attach Listener" daemon [_thread_blocked, id=26688, stack(0x0000004088200000,0x0000004088300000)]
  0x0000016b716a1c60 JavaThread "Service Thread" daemon [_thread_blocked, id=13692, stack(0x0000004088300000,0x0000004088400000)]
  0x0000016b716a4a30 JavaThread "Monitor Deflation Thread" daemon [_thread_blocked, id=22460, stack(0x0000004088400000,0x0000004088500000)]
  0x0000016b716a54a0 JavaThread "C1 CompilerThread0" daemon [_thread_blocked, id=19348, stack(0x0000004088500000,0x0000004088600000)]
  0x0000016b716adb50 JavaThread "Sweeper thread" daemon [_thread_blocked, id=19472, stack(0x0000004088600000,0x0000004088700000)]
  0x0000016b7122c980 JavaThread "C1 CompilerThread1" daemon [_thread_blocked, id=22448, stack(0x0000004088700000,0x0000004088800000)]
  0x0000016b717ae670 JavaThread "Common-Cleaner" daemon [_thread_blocked, id=19488, stack(0x0000004088800000,0x0000004088900000)]
  0x0000016b717b5440 JavaThread "C1 CompilerThread2" daemon [_thread_blocked, id=28280, stack(0x0000004088900000,0x0000004088a00000)]
  0x0000016b717b5a10 JavaThread "C1 CompilerThread3" daemon [_thread_blocked, id=23772, stack(0x0000004088a00000,0x0000004088b00000)]
  0x0000016b717b61c0 JavaThread "C1 CompilerThread4" daemon [_thread_blocked, id=28628, stack(0x0000004088b00000,0x0000004088c00000)]
  0x0000016b7628a680 JavaThread "Monitor Ctrl-Break" daemon [_thread_in_native, id=9440, stack(0x0000004088d00000,0x0000004088e00000)]
  0x0000016b76297510 JavaThread "Notification Thread" daemon [_thread_blocked, id=18044, stack(0x0000004088e00000,0x0000004088f00000)]
  0x0000016b76400220 JavaThread "RMI TCP Accept-0" daemon [_thread_in_native, id=16828, stack(0x0000004088f00000,0x0000004089000000)]
  0x0000016b767b9780 JavaThread "Thread-0" [_thread_blocked, id=18840, stack(0x0000004089600000,0x0000004089700000)]
  0x0000016b767bcd00 JavaThread "restartedMain" [_thread_blocked, id=20696, stack(0x0000004089700000,0x0000004089800000)]
  0x0000016b76d32a50 JavaThread "RMI TCP Connection(1)-192.168.0.132" daemon [_thread_in_native, id=2464, stack(0x0000004089b00000,0x0000004089c00000)]
  0x0000016b76d7a5f0 JavaThread "RMI Scheduler(0)" daemon [_thread_blocked, id=8640, stack(0x0000004089c00000,0x0000004089d00000)]
  0x0000016b76dc5290 JavaThread "Catalina-utility-1" [_thread_blocked, id=14352, stack(0x0000004089a00000,0x0000004089b00000)]
  0x0000016b76dc3940 JavaThread "Catalina-utility-2" [_thread_blocked, id=6680, stack(0x000000408a700000,0x000000408a800000)]
  0x0000016b76dc3e50 JavaThread "container-0" [_thread_blocked, id=10416, stack(0x000000408a800000,0x000000408a900000)]
  0x0000016b76dc4360 JavaThread "mysql-cj-abandoned-connection-cleanup" daemon [_thread_blocked, id=3588, stack(0x000000408a900000,0x000000408aa00000)]
  0x0000016b7809f170 JavaThread "HikariPool-1 housekeeper" daemon [_thread_blocked, id=6812, stack(0x000000408ab00000,0x000000408ac00000)]
  0x0000016b7809d820 JavaThread "BufferPoolPruner-1-thread-1" daemon [_thread_blocked, id=13724, stack(0x0000004088c00000,0x0000004088d00000)]
  0x0000016b780a0fd0 JavaThread "cluster-ClusterId{value='67678b08a51a637c134df14f', description='null'}-3.38.150.176:27017" daemon [_thread_in_native, id=456, stack(0x000000408ad00000,0x000000408ae00000)]
  0x0000016b7809c8f0 JavaThread "Live Reload Server" daemon [_thread_in_native, id=13600, stack(0x000000408af00000,0x000000408b000000)]
  0x0000016b7809ce00 JavaThread "cluster-rtt-ClusterId{value='67678b08a51a637c134df14f', description='null'}-3.38.150.176:27017" daemon [_thread_blocked, id=2668, stack(0x000000408ae00000,0x000000408af00000)]
  0x0000016b780a05b0 JavaThread "MaintenanceTimer-2-thread-1" daemon [_thread_blocked, id=18056, stack(0x000000408b000000,0x000000408b100000)]
  0x0000016b79121810 JavaThread "C1 CompilerThread5" daemon [_thread_blocked, id=208, stack(0x000000408b100000,0x000000408b200000)]
  0x0000016b7910d500 JavaThread "C1 CompilerThread6" daemon [_thread_blocked, id=25940, stack(0x000000408b200000,0x000000408b300000)]
  0x0000016b780a00a0 JavaThread "lettuce-timer-3-1" daemon [_thread_blocked, id=3248, stack(0x000000408b600000,0x000000408b700000)]

Other Threads:
=>0x0000016b7167db90 VMThread "VM Thread" [stack: 0x0000004087e00000,0x0000004087f00000] [id=11720]
  0x0000016b762b6300 WatcherThread [stack: 0x0000004089000000,0x0000004089100000] [id=23504]
  0x0000016b59bfec80 GCTaskThread "GC Thread#0" [stack: 0x0000004087900000,0x0000004087a00000] [id=4408]
  0x0000016b766d6330 GCTaskThread "GC Thread#1" [stack: 0x0000004089100000,0x0000004089200000] [id=5696]
  0x0000016b766d65f0 GCTaskThread "GC Thread#2" [stack: 0x0000004089200000,0x0000004089300000] [id=12600]
  0x0000016b766d68b0 GCTaskThread "GC Thread#3" [stack: 0x0000004089300000,0x0000004089400000] [id=13764]
  0x0000016b766d6b70 GCTaskThread "GC Thread#4" [stack: 0x0000004089400000,0x0000004089500000] [id=24076]
  0x0000016b766d6e30 GCTaskThread "GC Thread#5" [stack: 0x0000004089500000,0x0000004089600000] [id=26112]
  0x0000016b76925300 GCTaskThread "GC Thread#6" [stack: 0x0000004089800000,0x0000004089900000] [id=23916]
  0x0000016b7696d810 GCTaskThread "GC Thread#7" [stack: 0x0000004089900000,0x0000004089a00000] [id=23804]
  0x0000016b76bf9390 GCTaskThread "GC Thread#8" [stack: 0x0000004089d00000,0x0000004089e00000] [id=23788]
  0x0000016b76dde7e0 GCTaskThread "GC Thread#9" [stack: 0x0000004089e00000,0x0000004089f00000] [id=13636]
  0x0000016b76d1e750 GCTaskThread "GC Thread#10" [stack: 0x0000004089f00000,0x000000408a000000] [id=19876]
  0x0000016b76cdfee0 GCTaskThread "GC Thread#11" [stack: 0x000000408a000000,0x000000408a100000] [id=5212]
  0x0000016b76d762b0 GCTaskThread "GC Thread#12" [stack: 0x000000408a100000,0x000000408a200000] [id=22952]
  0x0000016b76e26b60 GCTaskThread "GC Thread#13" [stack: 0x000000408a200000,0x000000408a300000] [id=1740]
  0x0000016b76e265e0 GCTaskThread "GC Thread#14" [stack: 0x000000408a300000,0x000000408a400000] [id=16772]
  0x0000016b59c0f990 ConcurrentGCThread "G1 Main Marker" [stack: 0x0000004087a00000,0x0000004087b00000] [id=17624]
  0x0000016b59c103a0 ConcurrentGCThread "G1 Conc#0" [stack: 0x0000004087b00000,0x0000004087c00000] [id=14248]
  0x0000016b76e26060 ConcurrentGCThread "G1 Conc#1" [stack: 0x000000408a400000,0x000000408a500000] [id=23636]
  0x0000016b76e26320 ConcurrentGCThread "G1 Conc#2" [stack: 0x000000408a500000,0x000000408a600000] [id=2572]
  0x0000016b76e26e20 ConcurrentGCThread "G1 Conc#3" [stack: 0x000000408a600000,0x000000408a700000] [id=15704]
  0x0000016b710f63a0 ConcurrentGCThread "G1 Refine#0" [stack: 0x0000004087c00000,0x0000004087d00000] [id=23312]
  0x0000016b78ad3080 ConcurrentGCThread "G1 Refine#1" [stack: 0x000000408b300000,0x000000408b400000] [id=3308]
  0x0000016b78ad3660 ConcurrentGCThread "G1 Refine#2" [stack: 0x000000408b400000,0x000000408b500000] [id=8024]
  0x0000016b78ad3c40 ConcurrentGCThread "G1 Refine#3" [stack: 0x000000408b500000,0x000000408b600000] [id=10308]
  0x0000016b710f7de0 ConcurrentGCThread "G1 Service" [stack: 0x0000004087d00000,0x0000004087e00000] [id=13452]

Threads with active compile tasks:

VM state: at safepoint (normal execution)

VM Mutex/Monitor currently owned by a thread:  ([mutex/lock_event])
[0x0000016b59b8e3a0] Threads_lock - owner thread: 0x0000016b7167db90
[0x0000016b59b8d1a0] Heap_lock - owner thread: 0x0000016b767bcd00

Heap address: 0x0000000702400000, size: 4060 MB, Compressed Oops mode: Zero based, Oop shift amount: 3

CDS archive(s) mapped at: [0x0000016b00000000-0x0000016b00bd0000-0x0000016b00bd0000), size 12386304, SharedBaseAddress: 0x0000016b00000000, ArchiveRelocationMode: 1.
Compressed class space mapped at: 0x0000016b01000000-0x0000016b41000000, reserved size: 1073741824
Narrow klass base: 0x0000016b00000000, Narrow klass shift: 0, Narrow klass range: 0x100000000

GC Precious Log:
 CPUs: 20 total, 20 available
 Memory: 16234M
 Large Page Support: Disabled
 NUMA Support: Disabled
 Compressed Oops: Enabled (Zero based)
 Heap Region Size: 2M
 Heap Min Capacity: 8M
 Heap Initial Capacity: 254M
 Heap Max Capacity: 4060M
 Pre-touch: Disabled
 Parallel Workers: 15
 Concurrent Workers: 4
 Concurrent Refinement Workers: 15
 Periodic GC: Disabled

Heap:
 garbage-first heap   total 260096K, used 72619K [0x0000000702400000, 0x0000000800000000)
  region size 2048K, 3 young (6144K), 3 survivors (6144K)
 Metaspace       used 97571K, committed 98368K, reserved 1179648K
  class space    used 14215K, committed 14592K, reserved 1048576K

Heap Regions: E=young(eden), S=young(survivor), O=old, HS=humongous(starts), HC=humongous(continues), CS=collection set, F=free, OA=open archive, CA=closed archive, TAMS=top-at-mark-start (previous, next)
|   0|0x0000000702400000, 0x0000000702600000, 0x0000000702600000|100%| O|  |TAMS 0x0000000702600000, 0x0000000702400000| Untracked 
|   1|0x0000000702600000, 0x0000000702800000, 0x0000000702800000|100%| O|  |TAMS 0x0000000702800000, 0x0000000702600000| Untracked 
|   2|0x0000000702800000, 0x0000000702a00000, 0x0000000702a00000|100%| O|  |TAMS 0x0000000702a00000, 0x0000000702800000| Untracked 
|   3|0x0000000702a00000, 0x0000000702c00000, 0x0000000702c00000|100%| O|  |TAMS 0x0000000702c00000, 0x0000000702a00000| Untracked 
|   4|0x0000000702c00000, 0x0000000702e00000, 0x0000000702e00000|100%| O|  |TAMS 0x0000000702e00000, 0x0000000702c00000| Untracked 
|   5|0x0000000702e00000, 0x0000000702eca800, 0x0000000703000000| 39%| O|  |TAMS 0x0000000702eca800, 0x0000000702e00000| Untracked 
|   6|0x0000000703000000, 0x0000000703200000, 0x0000000703200000|100%| O|  |TAMS 0x0000000703200000, 0x0000000703000000| Untracked 
|   7|0x0000000703200000, 0x0000000703400000, 0x0000000703400000|100%| O|  |TAMS 0x0000000703400000, 0x0000000703200000| Untracked 
|   8|0x0000000703400000, 0x0000000703600000, 0x0000000703600000|100%| O|  |TAMS 0x0000000703600000, 0x0000000703400000| Untracked 
|   9|0x0000000703600000, 0x0000000703800000, 0x0000000703800000|100%| O|  |TAMS 0x0000000703800000, 0x0000000703600000| Untracked 
|  10|0x0000000703800000, 0x0000000703a00000, 0x0000000703a00000|100%| O|  |TAMS 0x0000000703a00000, 0x0000000703800000| Untracked 
|  11|0x0000000703a00000, 0x0000000703c00000, 0x0000000703c00000|100%| O|  |TAMS 0x0000000703c00000, 0x0000000703a00000| Untracked 
|  12|0x0000000703c00000, 0x0000000703e00000, 0x0000000703e00000|100%| O|  |TAMS 0x0000000703e00000, 0x0000000703c00000| Untracked 
|  13|0x0000000703e00000, 0x0000000704000000, 0x0000000704000000|100%| O|  |TAMS 0x0000000704000000, 0x0000000703e00000| Untracked 
|  14|0x0000000704000000, 0x0000000704200000, 0x0000000704200000|100%| O|  |TAMS 0x0000000704200000, 0x0000000704000000| Untracked 
|  15|0x0000000704200000, 0x0000000704400000, 0x0000000704400000|100%| O|  |TAMS 0x0000000704400000, 0x0000000704200000| Untracked 
|  16|0x0000000704400000, 0x0000000704600000, 0x0000000704600000|100%| O|  |TAMS 0x0000000704600000, 0x0000000704400000| Untracked 
|  17|0x0000000704600000, 0x0000000704800000, 0x0000000704800000|100%| O|  |TAMS 0x0000000704800000, 0x0000000704600000| Untracked 
|  18|0x0000000704800000, 0x0000000704a00000, 0x0000000704a00000|100%| O|  |TAMS 0x0000000704a00000, 0x0000000704800000| Untracked 
|  19|0x0000000704a00000, 0x0000000704c00000, 0x0000000704c00000|100%| O|  |TAMS 0x0000000704c00000, 0x0000000704a00000| Untracked 
|  20|0x0000000704c00000, 0x0000000704e00000, 0x0000000704e00000|100%| O|  |TAMS 0x0000000704e00000, 0x0000000704c00000| Untracked 
|  21|0x0000000704e00000, 0x0000000705000000, 0x0000000705000000|100%| O|  |TAMS 0x0000000705000000, 0x0000000704e00000| Untracked 
|  22|0x0000000705000000, 0x0000000705200000, 0x0000000705200000|100%| O|  |TAMS 0x0000000705200000, 0x0000000705000000| Untracked 
|  23|0x0000000705200000, 0x0000000705400000, 0x0000000705400000|100%| O|  |TAMS 0x0000000705400000, 0x0000000705200000| Untracked 
|  24|0x0000000705400000, 0x0000000705600000, 0x0000000705600000|100%| O|  |TAMS 0x0000000705600000, 0x0000000705400000| Untracked 
|  25|0x0000000705600000, 0x0000000705800000, 0x0000000705800000|100%| O|  |TAMS 0x0000000705800000, 0x0000000705600000| Untracked 
|  26|0x0000000705800000, 0x0000000705a00000, 0x0000000705a00000|100%| O|  |TAMS 0x0000000705800000, 0x0000000705800000| Untracked 
|  27|0x0000000705a00000, 0x0000000705b4ea00, 0x0000000705c00000| 65%| O|  |TAMS 0x0000000705a00000, 0x0000000705a00000| Untracked 
|  28|0x0000000705c00000, 0x0000000705e00000, 0x0000000705e00000|100%| O|  |TAMS 0x0000000705c00000, 0x0000000705c00000| Untracked 
|  29|0x0000000705e00000, 0x0000000706000000, 0x0000000706000000|100%| O|  |TAMS 0x0000000706000000, 0x0000000705e00000| Untracked 
|  30|0x0000000706000000, 0x0000000706200000, 0x0000000706200000|100%| O|  |TAMS 0x0000000706200000, 0x0000000706000000| Untracked 
|  31|0x0000000706200000, 0x0000000706200000, 0x0000000706400000|  0%| F|  |TAMS 0x0000000706200000, 0x0000000706200000| Untracked 
|  32|0x0000000706400000, 0x0000000706400000, 0x0000000706600000|  0%| F|  |TAMS 0x0000000706400000, 0x0000000706400000| Untracked 
|  33|0x0000000706600000, 0x0000000706600000, 0x0000000706800000|  0%| F|  |TAMS 0x0000000706600000, 0x0000000706600000| Untracked 
|  34|0x0000000706800000, 0x0000000706800000, 0x0000000706a00000|  0%| F|  |TAMS 0x0000000706800000, 0x0000000706800000| Untracked 
|  35|0x0000000706a00000, 0x0000000706a00000, 0x0000000706c00000|  0%| F|  |TAMS 0x0000000706a00000, 0x0000000706a00000| Untracked 
|  36|0x0000000706c00000, 0x0000000706c00000, 0x0000000706e00000|  0%| F|  |TAMS 0x0000000706c00000, 0x0000000706c00000| Untracked 
|  37|0x0000000706e00000, 0x0000000706e00000, 0x0000000707000000|  0%| F|  |TAMS 0x0000000706e00000, 0x0000000706e00000| Untracked 
|  38|0x0000000707000000, 0x0000000707000000, 0x0000000707200000|  0%| F|  |TAMS 0x0000000707000000, 0x0000000707000000| Untracked 
|  39|0x0000000707200000, 0x0000000707400000, 0x0000000707400000|100%| O|  |TAMS 0x0000000707400000, 0x0000000707200000| Untracked 
|  40|0x0000000707400000, 0x0000000707400000, 0x0000000707600000|  0%| F|  |TAMS 0x0000000707400000, 0x0000000707400000| Untracked 
|  41|0x0000000707600000, 0x0000000707600000, 0x0000000707800000|  0%| F|  |TAMS 0x0000000707600000, 0x0000000707600000| Untracked 
|  42|0x0000000707800000, 0x0000000707800000, 0x0000000707a00000|  0%| F|  |TAMS 0x0000000707800000, 0x0000000707800000| Untracked 
|  43|0x0000000707a00000, 0x0000000707a00000, 0x0000000707c00000|  0%| F|  |TAMS 0x0000000707a00000, 0x0000000707a00000| Untracked 
|  44|0x0000000707c00000, 0x0000000707c00000, 0x0000000707e00000|  0%| F|  |TAMS 0x0000000707c00000, 0x0000000707c00000| Untracked 
|  45|0x0000000707e00000, 0x0000000707e00000, 0x0000000708000000|  0%| F|  |TAMS 0x0000000707e00000, 0x0000000707e00000| Untracked 
|  46|0x0000000708000000, 0x0000000708000000, 0x0000000708200000|  0%| F|  |TAMS 0x0000000708000000, 0x0000000708000000| Untracked 
|  47|0x0000000708200000, 0x0000000708200000, 0x0000000708400000|  0%| F|  |TAMS 0x0000000708200000, 0x0000000708200000| Untracked 
|  48|0x0000000708400000, 0x0000000708400000, 0x0000000708600000|  0%| F|  |TAMS 0x0000000708400000, 0x0000000708400000| Untracked 
|  49|0x0000000708600000, 0x0000000708600000, 0x0000000708800000|  0%| F|  |TAMS 0x0000000708600000, 0x0000000708600000| Untracked 
|  50|0x0000000708800000, 0x0000000708800000, 0x0000000708a00000|  0%| F|  |TAMS 0x0000000708800000, 0x0000000708800000| Untracked 
|  51|0x0000000708a00000, 0x0000000708c00000, 0x0000000708c00000|100%| O|  |TAMS 0x0000000708c00000, 0x0000000708a00000| Untracked 
|  52|0x0000000708c00000, 0x0000000708c00000, 0x0000000708e00000|  0%| F|  |TAMS 0x0000000708c00000, 0x0000000708c00000| Untracked 
|  53|0x0000000708e00000, 0x0000000708e00000, 0x0000000709000000|  0%| F|  |TAMS 0x0000000708e00000, 0x0000000708e00000| Untracked 
|  54|0x0000000709000000, 0x0000000709000000, 0x0000000709200000|  0%| F|  |TAMS 0x0000000709000000, 0x0000000709000000| Untracked 
|  55|0x0000000709200000, 0x0000000709200000, 0x0000000709400000|  0%| F|  |TAMS 0x0000000709200000, 0x0000000709200000| Untracked 
|  56|0x0000000709400000, 0x0000000709600000, 0x0000000709600000|100%| O|  |TAMS 0x00000007094b7c00, 0x0000000709400000| Untracked 
|  57|0x0000000709600000, 0x0000000709600000, 0x0000000709800000|  0%| F|  |TAMS 0x0000000709600000, 0x0000000709600000| Untracked 
|  58|0x0000000709800000, 0x0000000709800000, 0x0000000709a00000|  0%| F|  |TAMS 0x0000000709800000, 0x0000000709800000| Untracked 
|  59|0x0000000709a00000, 0x0000000709a00000, 0x0000000709c00000|  0%| F|  |TAMS 0x0000000709a00000, 0x0000000709a00000| Untracked 
|  60|0x0000000709c00000, 0x0000000709c00000, 0x0000000709e00000|  0%| F|  |TAMS 0x0000000709c00000, 0x0000000709c00000| Untracked 
|  61|0x0000000709e00000, 0x0000000709e00000, 0x000000070a000000|  0%| F|  |TAMS 0x0000000709e00000, 0x0000000709e00000| Untracked 
|  62|0x000000070a000000, 0x000000070a000000, 0x000000070a200000|  0%| F|  |TAMS 0x000000070a000000, 0x000000070a000000| Untracked 
|  63|0x000000070a200000, 0x000000070a200000, 0x000000070a400000|  0%| F|  |TAMS 0x000000070a200000, 0x000000070a200000| Untracked 
|  64|0x000000070a400000, 0x000000070a400000, 0x000000070a600000|  0%| F|  |TAMS 0x000000070a400000, 0x000000070a400000| Untracked 
|  65|0x000000070a600000, 0x000000070a600000, 0x000000070a800000|  0%| F|  |TAMS 0x000000070a600000, 0x000000070a600000| Untracked 
|  66|0x000000070a800000, 0x000000070a800000, 0x000000070aa00000|  0%| F|  |TAMS 0x000000070a800000, 0x000000070a800000| Untracked 
|  67|0x000000070aa00000, 0x000000070aa00000, 0x000000070ac00000|  0%| F|  |TAMS 0x000000070aa00000, 0x000000070aa00000| Untracked 
|  68|0x000000070ac00000, 0x000000070acd1b90, 0x000000070ae00000| 40%| S|CS|TAMS 0x000000070ac00000, 0x000000070ac00000| Complete 
|  69|0x000000070ae00000, 0x000000070b000000, 0x000000070b000000|100%| S|CS|TAMS 0x000000070ae00000, 0x000000070ae00000| Complete 
|  70|0x000000070b000000, 0x000000070b200000, 0x000000070b200000|100%| S|CS|TAMS 0x000000070b000000, 0x000000070b000000| Complete 
|  71|0x000000070b200000, 0x000000070b200000, 0x000000070b400000|  0%| F|  |TAMS 0x000000070b200000, 0x000000070b200000| Untracked 
|  72|0x000000070b400000, 0x000000070b400000, 0x000000070b600000|  0%| F|  |TAMS 0x000000070b400000, 0x000000070b400000| Untracked 
|  73|0x000000070b600000, 0x000000070b600000, 0x000000070b800000|  0%| F|  |TAMS 0x000000070b600000, 0x000000070b600000| Untracked 
|  74|0x000000070b800000, 0x000000070b800000, 0x000000070ba00000|  0%| F|  |TAMS 0x000000070b800000, 0x000000070b800000| Untracked 
|  75|0x000000070ba00000, 0x000000070ba00000, 0x000000070bc00000|  0%| F|  |TAMS 0x000000070ba00000, 0x000000070ba00000| Untracked 
|  76|0x000000070bc00000, 0x000000070bc00000, 0x000000070be00000|  0%| F|  |TAMS 0x000000070bc00000, 0x000000070bc00000| Untracked 
|  77|0x000000070be00000, 0x000000070be00000, 0x000000070c000000|  0%| F|  |TAMS 0x000000070be00000, 0x000000070be00000| Untracked 
|  78|0x000000070c000000, 0x000000070c000000, 0x000000070c200000|  0%| F|  |TAMS 0x000000070c000000, 0x000000070c000000| Untracked 
|  79|0x000000070c200000, 0x000000070c200000, 0x000000070c400000|  0%| F|  |TAMS 0x000000070c200000, 0x000000070c200000| Untracked 
|  80|0x000000070c400000, 0x000000070c400000, 0x000000070c600000|  0%| F|  |TAMS 0x000000070c400000, 0x000000070c400000| Untracked 
|  81|0x000000070c600000, 0x000000070c600000, 0x000000070c800000|  0%| F|  |TAMS 0x000000070c600000, 0x000000070c600000| Untracked 
|  82|0x000000070c800000, 0x000000070c800000, 0x000000070ca00000|  0%| F|  |TAMS 0x000000070c800000, 0x000000070c800000| Untracked 
|  83|0x000000070ca00000, 0x000000070ca00000, 0x000000070cc00000|  0%| F|  |TAMS 0x000000070ca00000, 0x000000070ca00000| Untracked 
|  84|0x000000070cc00000, 0x000000070cc00000, 0x000000070ce00000|  0%| F|  |TAMS 0x000000070cc00000, 0x000000070cc00000| Untracked 
|  85|0x000000070ce00000, 0x000000070ce00000, 0x000000070d000000|  0%| F|  |TAMS 0x000000070ce00000, 0x000000070ce00000| Untracked 
|  86|0x000000070d000000, 0x000000070d000000, 0x000000070d200000|  0%| F|  |TAMS 0x000000070d000000, 0x000000070d000000| Untracked 
|  87|0x000000070d200000, 0x000000070d200000, 0x000000070d400000|  0%| F|  |TAMS 0x000000070d200000, 0x000000070d200000| Untracked 
|  88|0x000000070d400000, 0x000000070d400000, 0x000000070d600000|  0%| F|  |TAMS 0x000000070d400000, 0x000000070d400000| Untracked 
|  89|0x000000070d600000, 0x000000070d600000, 0x000000070d800000|  0%| F|  |TAMS 0x000000070d600000, 0x000000070d600000| Untracked 
|  90|0x000000070d800000, 0x000000070d800000, 0x000000070da00000|  0%| F|  |TAMS 0x000000070d800000, 0x000000070d800000| Untracked 
|  91|0x000000070da00000, 0x000000070da00000, 0x000000070dc00000|  0%| F|  |TAMS 0x000000070da00000, 0x000000070da00000| Untracked 
|  92|0x000000070dc00000, 0x000000070dc00000, 0x000000070de00000|  0%| F|  |TAMS 0x000000070dc00000, 0x000000070dc00000| Untracked 
|  93|0x000000070de00000, 0x000000070de00000, 0x000000070e000000|  0%| F|  |TAMS 0x000000070de00000, 0x000000070de00000| Untracked 
|  94|0x000000070e000000, 0x000000070e000000, 0x000000070e200000|  0%| F|  |TAMS 0x000000070e000000, 0x000000070e000000| Untracked 
|  95|0x000000070e200000, 0x000000070e200000, 0x000000070e400000|  0%| F|  |TAMS 0x000000070e200000, 0x000000070e200000| Untracked 
|  96|0x000000070e400000, 0x000000070e400000, 0x000000070e600000|  0%| F|  |TAMS 0x000000070e400000, 0x000000070e400000| Untracked 
|  97|0x000000070e600000, 0x000000070e600000, 0x000000070e800000|  0%| F|  |TAMS 0x000000070e600000, 0x000000070e600000| Untracked 
|  98|0x000000070e800000, 0x000000070e800000, 0x000000070ea00000|  0%| F|  |TAMS 0x000000070e800000, 0x000000070e800000| Untracked 
|  99|0x000000070ea00000, 0x000000070ea00000, 0x000000070ec00000|  0%| F|  |TAMS 0x000000070ea00000, 0x000000070ea00000| Untracked 
| 100|0x000000070ec00000, 0x000000070ec00000, 0x000000070ee00000|  0%| F|  |TAMS 0x000000070ec00000, 0x000000070ec00000| Untracked 
| 101|0x000000070ee00000, 0x000000070ee00000, 0x000000070f000000|  0%| F|  |TAMS 0x000000070ee00000, 0x000000070ee00000| Untracked 
| 102|0x000000070f000000, 0x000000070f000000, 0x000000070f200000|  0%| F|  |TAMS 0x000000070f000000, 0x000000070f000000| Untracked 
| 103|0x000000070f200000, 0x000000070f200000, 0x000000070f400000|  0%| F|  |TAMS 0x000000070f200000, 0x000000070f200000| Untracked 
| 104|0x000000070f400000, 0x000000070f400000, 0x000000070f600000|  0%| F|  |TAMS 0x000000070f400000, 0x000000070f400000| Untracked 
| 105|0x000000070f600000, 0x000000070f600000, 0x000000070f800000|  0%| F|  |TAMS 0x000000070f600000, 0x000000070f600000| Untracked 
| 106|0x000000070f800000, 0x000000070f800000, 0x000000070fa00000|  0%| F|  |TAMS 0x000000070f800000, 0x000000070f800000| Untracked 
| 107|0x000000070fa00000, 0x000000070fa00000, 0x000000070fc00000|  0%| F|  |TAMS 0x000000070fa00000, 0x000000070fa00000| Untracked 
| 108|0x000000070fc00000, 0x000000070fc00000, 0x000000070fe00000|  0%| F|  |TAMS 0x000000070fc00000, 0x000000070fc00000| Untracked 
| 109|0x000000070fe00000, 0x000000070fe00000, 0x0000000710000000|  0%| F|  |TAMS 0x000000070fe00000, 0x000000070fe00000| Untracked 
| 110|0x0000000710000000, 0x0000000710000000, 0x0000000710200000|  0%| F|  |TAMS 0x0000000710000000, 0x0000000710000000| Untracked 
| 111|0x0000000710200000, 0x0000000710200000, 0x0000000710400000|  0%| F|  |TAMS 0x0000000710200000, 0x0000000710200000| Untracked 
| 112|0x0000000710400000, 0x0000000710400000, 0x0000000710600000|  0%| F|  |TAMS 0x0000000710400000, 0x0000000710400000| Untracked 
| 113|0x0000000710600000, 0x0000000710600000, 0x0000000710800000|  0%| F|  |TAMS 0x0000000710600000, 0x0000000710600000| Untracked 
| 114|0x0000000710800000, 0x0000000710800000, 0x0000000710a00000|  0%| F|  |TAMS 0x0000000710800000, 0x0000000710800000| Untracked 
| 115|0x0000000710a00000, 0x0000000710a00000, 0x0000000710c00000|  0%| F|  |TAMS 0x0000000710a00000, 0x0000000710a00000| Untracked 
| 116|0x0000000710c00000, 0x0000000710c00000, 0x0000000710e00000|  0%| F|  |TAMS 0x0000000710c00000, 0x0000000710c00000| Untracked 
| 117|0x0000000710e00000, 0x0000000710e00000, 0x0000000711000000|  0%| F|  |TAMS 0x0000000710e00000, 0x0000000710e00000| Untracked 
| 118|0x0000000711000000, 0x0000000711000000, 0x0000000711200000|  0%| F|  |TAMS 0x0000000711000000, 0x0000000711000000| Untracked 
| 119|0x0000000711200000, 0x0000000711200000, 0x0000000711400000|  0%| F|  |TAMS 0x0000000711200000, 0x0000000711200000| Untracked 
| 120|0x0000000711400000, 0x0000000711400000, 0x0000000711600000|  0%| F|  |TAMS 0x0000000711400000, 0x0000000711400000| Untracked 
| 121|0x0000000711600000, 0x0000000711600000, 0x0000000711800000|  0%| F|  |TAMS 0x0000000711600000, 0x0000000711600000| Untracked 
| 122|0x0000000711800000, 0x0000000711800000, 0x0000000711a00000|  0%| F|  |TAMS 0x0000000711800000, 0x0000000711800000| Untracked 
| 123|0x0000000711a00000, 0x0000000711a00000, 0x0000000711c00000|  0%| F|  |TAMS 0x0000000711a00000, 0x0000000711a00000| Untracked 
| 124|0x0000000711c00000, 0x0000000711c00000, 0x0000000711e00000|  0%| F|  |TAMS 0x0000000711c00000, 0x0000000711c00000| Untracked 
| 125|0x0000000711e00000, 0x0000000711e00000, 0x0000000712000000|  0%| F|  |TAMS 0x0000000711e00000, 0x0000000711e00000| Untracked 
| 126|0x0000000712000000, 0x0000000712000000, 0x0000000712200000|  0%| F|  |TAMS 0x0000000712000000, 0x0000000712000000| Untracked 

Card table byte_map: [0x0000016b654b0000,0x0000016b65ca0000] _byte_map_base: 0x0000016b61c9e000

Marking Bits (Prev, Next): (CMBitMap*) 0x0000016b59bff2a0, (CMBitMap*) 0x0000016b59bff2e0
 Prev Bits: [0x0000016b66490000, 0x0000016b6a400000)
 Next Bits: [0x0000016b6a400000, 0x0000016b6e370000)

Polling page: 0x0000016b59340000

Metaspace:

Usage:
  Non-class:     81.40 MB used.
      Class:     13.88 MB used.
       Both:     95.28 MB used.

Virtual space:
  Non-class space:      128.00 MB reserved,      81.81 MB ( 64%) committed,  2 nodes.
      Class space:        1.00 GB reserved,      14.25 MB (  1%) committed,  1 nodes.
             Both:        1.12 GB reserved,      96.06 MB (  8%) committed. 

Chunk freelists:
   Non-Class:  13.84 MB
       Class:  1.80 MB
        Both:  15.64 MB

MaxMetaspaceSize: unlimited
CompressedClassSpaceSize: 1.00 GB
Initial GC threshold: 21.00 MB
Current GC threshold: 146.25 MB
CDS: on
MetaspaceReclaimPolicy: balanced
 - commit_granule_bytes: 65536.
 - commit_granule_words: 8192.
 - virtual_space_node_default_size: 8388608.
 - enlarge_chunks_in_place: 1.
 - new_chunks_are_fully_committed: 0.
 - uncommit_free_chunks: 1.
 - use_allocation_guard: 0.
 - handle_deallocations: 1.


Internal statistics:

num_allocs_failed_limit: 12.
num_arena_births: 1170.
num_arena_deaths: 22.
num_vsnodes_births: 3.
num_vsnodes_deaths: 0.
num_space_committed: 1535.
num_space_uncommitted: 0.
num_chunks_returned_to_freelist: 45.
num_chunks_taken_from_freelist: 4928.
num_chunk_merges: 14.
num_chunk_splits: 3489.
num_chunks_enlarged: 2639.
num_inconsistent_stats: 0.

CodeCache: size=49152Kb used=22175Kb max_used=22175Kb free=26977Kb
 bounds [0x0000016b61430000, 0x0000016b629e0000, 0x0000016b64430000]
 total_blobs=12096 nmethods=11329 adapters=687
 compilation: enabled
              stopped_count=0, restarted_count=0
 full_count=0

Compilation events (20 events):
Event: 10.453 Thread 0x0000016b717b5a10 nmethod 11516 0x0000016b629d4210 code [0x0000016b629d43c0, 0x0000016b629d45e8]
Event: 10.453 Thread 0x0000016b79121810 nmethod 11517 0x0000016b629d4790 code [0x0000016b629d4940, 0x0000016b629d4b28]
Event: 10.460 Thread 0x0000016b717b61c0 11519       1       jdk.xml.internal.XMLSecurityManager$Limit::systemProperty (5 bytes)
Event: 10.460 Thread 0x0000016b79121810 11520       1       java.util.concurrent.ConcurrentLinkedQueue::<init> (21 bytes)
Event: 10.460 Thread 0x0000016b717b61c0 nmethod 11519 0x0000016b629d4c90 code [0x0000016b629d4e20, 0x0000016b629d4ef8]
Event: 10.460 Thread 0x0000016b717b5a10 11521       1       java.util.concurrent.ConcurrentLinkedQueue$Node::<init> (5 bytes)
Event: 10.460 Thread 0x0000016b717b5a10 nmethod 11521 0x0000016b629d4f90 code [0x0000016b629d5120, 0x0000016b629d51d8]
Event: 10.460 Thread 0x0000016b79121810 nmethod 11520 0x0000016b629d5290 code [0x0000016b629d5420, 0x0000016b629d5618]
Event: 10.460 Thread 0x0000016b7122c980 11522       1       com.fasterxml.jackson.databind.type.ClassKey::<init> (29 bytes)
Event: 10.460 Thread 0x0000016b7122c980 nmethod 11522 0x0000016b629d5690 code [0x0000016b629d5840, 0x0000016b629d5a38]
Event: 10.465 Thread 0x0000016b716a54a0 11523   !   1       jdk.proxy2.$Proxy195::annotationType (29 bytes)
Event: 10.465 Thread 0x0000016b716a54a0 nmethod 11523 0x0000016b629d5b10 code [0x0000016b629d5cc0, 0x0000016b629d5ed8]
Event: 10.474 Thread 0x0000016b717b61c0 11524       1       org.springframework.core.MethodParameter::getParameterAnnotations (104 bytes)
Event: 10.474 Thread 0x0000016b79121810 11525       1       org.springframework.beans.factory.InjectionPoint::getAnnotations (39 bytes)
Event: 10.474 Thread 0x0000016b7122c980 11526       1       org.springframework.beans.factory.support.ConstructorResolver::registerDependentBeans (89 bytes)
Event: 10.474 Thread 0x0000016b717b61c0 nmethod 11524 0x0000016b629d6010 code [0x0000016b629d6200, 0x0000016b629d6608]
Event: 10.474 Thread 0x0000016b79121810 nmethod 11525 0x0000016b629d6810 code [0x0000016b629d6a00, 0x0000016b629d6d48]
Event: 10.474 Thread 0x0000016b717b5440 11527   !   1       org.springframework.beans.factory.support.ConstructorResolver$ArgumentsHolder::storeCache (56 bytes)
Event: 10.474 Thread 0x0000016b7122c980 nmethod 11526 0x0000016b629d6f10 code [0x0000016b629d7100, 0x0000016b629d7408]
Event: 10.474 Thread 0x0000016b717b5440 nmethod 11527 0x0000016b629d7610 code [0x0000016b629d77c0, 0x0000016b629d7ad8]

GC Heap History (20 events):
Event: 9.371 GC heap after
{Heap after GC invocations=25 (full 0):
 garbage-first heap   total 143360K, used 58579K [0x0000000702400000, 0x0000000800000000)
  region size 2048K, 2 young (4096K), 2 survivors (4096K)
 Metaspace       used 88583K, committed 89280K, reserved 1179648K
  class space    used 12988K, committed 13312K, reserved 1048576K
}
Event: 9.443 GC heap before
{Heap before GC invocations=25 (full 0):
 garbage-first heap   total 143360K, used 113875K [0x0000000702400000, 0x0000000800000000)
  region size 2048K, 29 young (59392K), 2 survivors (4096K)
 Metaspace       used 88743K, committed 89472K, reserved 1179648K
  class space    used 13004K, committed 13376K, reserved 1048576K
}
Event: 9.447 GC heap after
{Heap after GC invocations=26 (full 0):
 garbage-first heap   total 143360K, used 67902K [0x0000000702400000, 0x0000000800000000)
  region size 2048K, 4 young (8192K), 4 survivors (8192K)
 Metaspace       used 88743K, committed 89472K, reserved 1179648K
  class space    used 13004K, committed 13376K, reserved 1048576K
}
Event: 9.491 GC heap before
{Heap before GC invocations=26 (full 0):
 garbage-first heap   total 143360K, used 110910K [0x0000000702400000, 0x0000000800000000)
  region size 2048K, 25 young (51200K), 4 survivors (8192K)
 Metaspace       used 88791K, committed 89536K, reserved 1179648K
  class space    used 13013K, committed 13376K, reserved 1048576K
}
Event: 9.496 GC heap after
{Heap after GC invocations=27 (full 0):
 garbage-first heap   total 143360K, used 79248K [0x0000000702400000, 0x0000000800000000)
  region size 2048K, 4 young (8192K), 4 survivors (8192K)
 Metaspace       used 88791K, committed 89536K, reserved 1179648K
  class space    used 13013K, committed 13376K, reserved 1048576K
}
Event: 9.527 GC heap before
{Heap before GC invocations=27 (full 0):
 garbage-first heap   total 143360K, used 109968K [0x0000000702400000, 0x0000000800000000)
  region size 2048K, 19 young (38912K), 4 survivors (8192K)
 Metaspace       used 88791K, committed 89536K, reserved 1179648K
  class space    used 13013K, committed 13376K, reserved 1048576K
}
Event: 9.533 GC heap after
{Heap after GC invocations=28 (full 0):
 garbage-first heap   total 241664K, used 92457K [0x0000000702400000, 0x0000000800000000)
  region size 2048K, 3 young (6144K), 3 survivors (6144K)
 Metaspace       used 88791K, committed 89536K, reserved 1179648K
  class space    used 13013K, committed 13376K, reserved 1048576K
}
Event: 9.656 GC heap before
{Heap before GC invocations=29 (full 0):
 garbage-first heap   total 241664K, used 164137K [0x0000000702400000, 0x0000000800000000)
  region size 2048K, 38 young (77824K), 3 survivors (6144K)
 Metaspace       used 88754K, committed 89536K, reserved 1179648K
  class space    used 13007K, committed 13376K, reserved 1048576K
}
Event: 9.664 GC heap after
{Heap after GC invocations=30 (full 0):
 garbage-first heap   total 241664K, used 113153K [0x0000000702400000, 0x0000000800000000)
  region size 2048K, 5 young (10240K), 5 survivors (10240K)
 Metaspace       used 88754K, committed 89536K, reserved 1179648K
  class space    used 13007K, committed 13376K, reserved 1048576K
}
Event: 9.667 GC heap before
{Heap before GC invocations=30 (full 0):
 garbage-first heap   total 241664K, used 115201K [0x0000000702400000, 0x0000000800000000)
  region size 2048K, 6 young (12288K), 5 survivors (10240K)
 Metaspace       used 88754K, committed 89536K, reserved 1179648K
  class space    used 13007K, committed 13376K, reserved 1048576K
}
Event: 9.672 GC heap after
{Heap after GC invocations=31 (full 0):
 garbage-first heap   total 241664K, used 113962K [0x0000000702400000, 0x0000000800000000)
  region size 2048K, 1 young (2048K), 1 survivors (2048K)
 Metaspace       used 88754K, committed 89536K, reserved 1179648K
  class space    used 13007K, committed 13376K, reserved 1048576K
}
Event: 9.796 GC heap before
{Heap before GC invocations=31 (full 0):
 garbage-first heap   total 241664K, used 171306K [0x0000000702400000, 0x0000000800000000)
  region size 2048K, 29 young (59392K), 1 survivors (2048K)
 Metaspace       used 89154K, committed 89856K, reserved 1179648K
  class space    used 13054K, committed 13376K, reserved 1048576K
}
Event: 9.797 GC heap after
{Heap after GC invocations=32 (full 0):
 garbage-first heap   total 241664K, used 113809K [0x0000000702400000, 0x0000000800000000)
  region size 2048K, 1 young (2048K), 1 survivors (2048K)
 Metaspace       used 89154K, committed 89856K, reserved 1179648K
  class space    used 13054K, committed 13376K, reserved 1048576K
}
Event: 10.044 GC heap before
{Heap before GC invocations=33 (full 0):
 garbage-first heap   total 241664K, used 167057K [0x0000000702400000, 0x0000000800000000)
  region size 2048K, 31 young (63488K), 1 survivors (2048K)
 Metaspace       used 93391K, committed 94080K, reserved 1179648K
  class space    used 13634K, committed 13952K, reserved 1048576K
}
Event: 10.046 GC heap after
{Heap after GC invocations=34 (full 0):
 garbage-first heap   total 241664K, used 107738K [0x0000000702400000, 0x0000000800000000)
  region size 2048K, 2 young (4096K), 2 survivors (4096K)
 Metaspace       used 93391K, committed 94080K, reserved 1179648K
  class space    used 13634K, committed 13952K, reserved 1048576K
}
Event: 10.061 GC heap before
{Heap before GC invocations=34 (full 0):
 garbage-first heap   total 241664K, used 113882K [0x0000000702400000, 0x0000000800000000)
  region size 2048K, 5 young (10240K), 2 survivors (4096K)
 Metaspace       used 93428K, committed 94144K, reserved 1179648K
  class space    used 13636K, committed 14016K, reserved 1048576K
}
Event: 10.063 GC heap after
{Heap after GC invocations=35 (full 0):
 garbage-first heap   total 241664K, used 84166K [0x0000000702400000, 0x0000000800000000)
  region size 2048K, 1 young (2048K), 1 survivors (2048K)
 Metaspace       used 93428K, committed 94144K, reserved 1179648K
  class space    used 13636K, committed 14016K, reserved 1048576K
}
Event: 10.084 GC heap before
{Heap before GC invocations=35 (full 0):
 garbage-first heap   total 241664K, used 92358K [0x0000000702400000, 0x0000000800000000)
  region size 2048K, 5 young (10240K), 1 survivors (2048K)
 Metaspace       used 93486K, committed 94208K, reserved 1179648K
  class space    used 13639K, committed 14016K, reserved 1048576K
}
Event: 10.086 GC heap after
{Heap after GC invocations=36 (full 0):
 garbage-first heap   total 241664K, used 68163K [0x0000000702400000, 0x0000000800000000)
  region size 2048K, 1 young (2048K), 1 survivors (2048K)
 Metaspace       used 93486K, committed 94208K, reserved 1179648K
  class space    used 13639K, committed 14016K, reserved 1048576K
}
Event: 10.492 GC heap before
{Heap before GC invocations=36 (full 0):
 garbage-first heap   total 241664K, used 162371K [0x0000000702400000, 0x0000000800000000)
  region size 2048K, 47 young (96256K), 1 survivors (2048K)
 Metaspace       used 97571K, committed 98368K, reserved 1179648K
  class space    used 14215K, committed 14592K, reserved 1048576K
}

Deoptimization events (18 events):
Event: 2.198 Thread 0x0000016b767bcd00 DEOPT PACKING pc=0x0000016b61daaaec sp=0x00000040897fa2b0
Event: 2.198 Thread 0x0000016b767bcd00 DEOPT UNPACKING pc=0x0000016b61482b43 sp=0x00000040897f9768 mode 0
Event: 2.387 Thread 0x0000016b767bcd00 DEOPT PACKING pc=0x0000016b61fd5c2c sp=0x00000040897fb9d0
Event: 2.388 Thread 0x0000016b767bcd00 DEOPT UNPACKING pc=0x0000016b61482b43 sp=0x00000040897faf90 mode 0
Event: 2.388 Thread 0x0000016b767bcd00 DEOPT PACKING pc=0x0000016b61f8cd64 sp=0x00000040897fbea0
Event: 2.388 Thread 0x0000016b767bcd00 DEOPT UNPACKING pc=0x0000016b61482b43 sp=0x00000040897fb3a0 mode 0
Event: 2.546 Thread 0x0000016b767bcd00 DEOPT PACKING pc=0x0000016b61b2a889 sp=0x00000040897fdc30
Event: 2.546 Thread 0x0000016b767bcd00 DEOPT UNPACKING pc=0x0000016b61482b43 sp=0x00000040897fd0c0 mode 3
Event: 2.546 Thread 0x0000016b76dc3940 DEOPT PACKING pc=0x0000016b61ac0f9f sp=0x000000408a7ff070
Event: 2.546 Thread 0x0000016b76dc3940 DEOPT UNPACKING pc=0x0000016b61482b43 sp=0x000000408a7fe4c8 mode 3
Event: 8.157 Thread 0x0000016b767bcd00 DEOPT PACKING pc=0x0000016b61ff7994 sp=0x00000040897fb460
Event: 8.157 Thread 0x0000016b767bcd00 DEOPT UNPACKING pc=0x0000016b61482b43 sp=0x00000040897fa970 mode 0
Event: 8.576 Thread 0x0000016b76d32a50 DEOPT PACKING pc=0x0000016b623aa3dc sp=0x0000004089bfed30
Event: 8.576 Thread 0x0000016b76d32a50 DEOPT UNPACKING pc=0x0000016b61482b43 sp=0x0000004089bfe258 mode 0
Event: 10.243 Thread 0x0000016b767bcd00 DEOPT PACKING pc=0x0000016b62917994 sp=0x00000040897fb890
Event: 10.243 Thread 0x0000016b767bcd00 DEOPT UNPACKING pc=0x0000016b61482b43 sp=0x00000040897faf10 mode 0
Event: 10.273 Thread 0x0000016b767bcd00 DEOPT PACKING pc=0x0000016b62917994 sp=0x00000040897fd0b0
Event: 10.273 Thread 0x0000016b767bcd00 DEOPT UNPACKING pc=0x0000016b61482b43 sp=0x00000040897fc730 mode 0

Classes unloaded (11 events):
Event: 9.552 Thread 0x0000016b7167db90 Unloading class 0x0000016b01d00c00 'jdk/internal/reflect/GeneratedSerializationConstructorAccessor37'
Event: 9.552 Thread 0x0000016b7167db90 Unloading class 0x0000016b01d00400 'jdk/internal/reflect/GeneratedSerializationConstructorAccessor36'
Event: 9.552 Thread 0x0000016b7167db90 Unloading class 0x0000016b01cf2c00 'jdk/internal/reflect/GeneratedSerializationConstructorAccessor35'
Event: 9.552 Thread 0x0000016b7167db90 Unloading class 0x0000016b01cf1000 'jdk/internal/reflect/GeneratedSerializationConstructorAccessor34'
Event: 9.552 Thread 0x0000016b7167db90 Unloading class 0x0000016b01cf0400 'jdk/internal/reflect/GeneratedSerializationConstructorAccessor33'
Event: 9.552 Thread 0x0000016b7167db90 Unloading class 0x0000016b01cf0000 'jdk/internal/reflect/GeneratedSerializationConstructorAccessor32'
Event: 9.552 Thread 0x0000016b7167db90 Unloading class 0x0000016b01c41400 'jdk/internal/reflect/GeneratedSerializationConstructorAccessor23'
Event: 9.552 Thread 0x0000016b7167db90 Unloading class 0x0000016b01c40c00 'jdk/internal/reflect/GeneratedSerializationConstructorAccessor22'
Event: 9.552 Thread 0x0000016b7167db90 Unloading class 0x0000016b01c40000 'jdk/internal/reflect/GeneratedSerializationConstructorAccessor21'
Event: 9.552 Thread 0x0000016b7167db90 Unloading class 0x0000016b01c28c00 'jdk/internal/reflect/GeneratedSerializationConstructorAccessor20'
Event: 9.552 Thread 0x0000016b7167db90 Unloading class 0x0000016b01a94800 'jdk/internal/reflect/GeneratedSerializationConstructorAccessor18'

Classes redefined (0 events):
No events

Internal exceptions (20 events):
Event: 9.301 Thread 0x0000016b767bcd00 Exception <a 'java/lang/IllegalArgumentException'{0x0000000708a8cfc8}: Wrong type at constant pool index> (0x0000000708a8cfc8) 
thrown [s\open\src\hotspot\share\prims\jvm.cpp, line 2095]
Event: 9.301 Thread 0x0000016b767bcd00 Exception <a 'java/lang/reflect/InvocationTargetException'{0x0000000708a8d7e8}> (0x0000000708a8d7e8) 
thrown [s\open\src\hotspot\share\runtime\reflection.cpp, line 1121]
Event: 9.301 Thread 0x0000016b767bcd00 Exception <a 'java/lang/NoSuchMethodError'{0x0000000708a8f158}: 'double java.lang.invoke.DirectMethodHandle$Holder.invokeVirtual(java.lang.Object, java.lang.Object)'> (0x0000000708a8f158) 
thrown [s\open\src\hotspot\share\interpreter\linkResolver.cpp, line 759]
Event: 9.301 Thread 0x0000016b767bcd00 Exception <a 'java/lang/NoSuchMethodError'{0x0000000708a95bf0}: 'void java.lang.invoke.DirectMethodHandle$Holder.invokeVirtual(java.lang.Object, java.lang.Object, double)'> (0x0000000708a95bf0) 
thrown [s\open\src\hotspot\share\interpreter\linkResolver.cpp, line 759]
Event: 9.301 Thread 0x0000016b767bcd00 Exception <a 'java/lang/IllegalArgumentException'{0x0000000708a9c250}: Wrong type at constant pool index> (0x0000000708a9c250) 
thrown [s\open\src\hotspot\share\prims\jvm.cpp, line 2095]
Event: 9.301 Thread 0x0000016b767bcd00 Exception <a 'java/lang/reflect/InvocationTargetException'{0x0000000708a9ca70}> (0x0000000708a9ca70) 
thrown [s\open\src\hotspot\share\runtime\reflection.cpp, line 1121]
Event: 9.301 Thread 0x0000016b767bcd00 Exception <a 'java/lang/IllegalArgumentException'{0x0000000708a9d2f8}: Wrong type at constant pool index> (0x0000000708a9d2f8) 
thrown [s\open\src\hotspot\share\prims\jvm.cpp, line 2095]
Event: 9.301 Thread 0x0000016b767bcd00 Exception <a 'java/lang/reflect/InvocationTargetException'{0x0000000708a9db18}> (0x0000000708a9db18) 
thrown [s\open\src\hotspot\share\runtime\reflection.cpp, line 1121]
Event: 9.301 Thread 0x0000016b767bcd00 Exception <a 'java/lang/IllegalArgumentException'{0x0000000708aa6940}: Wrong type at constant pool index> (0x0000000708aa6940) 
thrown [s\open\src\hotspot\share\prims\jvm.cpp, line 2095]
Event: 9.301 Thread 0x0000016b767bcd00 Exception <a 'java/lang/reflect/InvocationTargetException'{0x0000000708aa7160}> (0x0000000708aa7160) 
thrown [s\open\src\hotspot\share\runtime\reflection.cpp, line 1121]
Event: 9.301 Thread 0x0000016b767bcd00 Exception <a 'java/lang/IllegalArgumentException'{0x0000000708aa79e8}: Wrong type at constant pool index> (0x0000000708aa79e8) 
thrown [s\open\src\hotspot\share\prims\jvm.cpp, line 2095]
Event: 9.302 Thread 0x0000016b767bcd00 Exception <a 'java/lang/IllegalArgumentException'{0x0000000708ab2288}: Wrong type at constant pool index> (0x0000000708ab2288) 
thrown [s\open\src\hotspot\share\prims\jvm.cpp, line 2095]
Event: 9.302 Thread 0x0000016b767bcd00 Exception <a 'java/lang/IllegalArgumentException'{0x0000000708ab3330}: Wrong type at constant pool index> (0x0000000708ab3330) 
thrown [s\open\src\hotspot\share\prims\jvm.cpp, line 2095]
Event: 9.310 Thread 0x0000016b767bcd00 Exception <a 'java/lang/IllegalArgumentException'{0x00000007088182f0}: Wrong type at constant pool index> (0x00000007088182f0) 
thrown [s\open\src\hotspot\share\prims\jvm.cpp, line 2095]
Event: 9.310 Thread 0x0000016b767bcd00 Exception <a 'java/lang/IllegalArgumentException'{0x0000000708819398}: Wrong type at constant pool index> (0x0000000708819398) 
thrown [s\open\src\hotspot\share\prims\jvm.cpp, line 2095]
Event: 9.310 Thread 0x0000016b767bcd00 Exception <a 'java/lang/IllegalArgumentException'{0x000000070881fbd0}: Wrong type at constant pool index> (0x000000070881fbd0) 
thrown [s\open\src\hotspot\share\prims\jvm.cpp, line 2095]
Event: 9.310 Thread 0x0000016b767bcd00 Exception <a 'java/lang/IllegalArgumentException'{0x0000000708820c78}: Wrong type at constant pool index> (0x0000000708820c78) 
thrown [s\open\src\hotspot\share\prims\jvm.cpp, line 2095]
Event: 9.351 Thread 0x0000016b767bcd00 Exception <a 'java/lang/NoSuchMethodError'{0x0000000707a860e8}: 'java.lang.Object java.lang.invoke.Invokers$Holder.invoke_MT(java.lang.Object, java.lang.Object, java.lang.Object, java.lang.Object, java.lang.Object, java.lang.Object, java.lang.Object, java.lang.Object, java.lang.Object)'> (0x0000000707a860e8) 
thrown [s\open\src\hotspot\share\interpreter\linkResolver.cpp, line 759]
Event: 9.950 Thread 0x0000016b767bcd00 Exception <a 'java/lang/NoSuchMethodError'{0x000000070e1cce20}: 'java.lang.Object java.lang.invoke.DirectMethodHandle$Holder.invokeStaticInit(java.lang.Object, long)'> (0x000000070e1cce20) 
thrown [s\open\src\hotspot\share\interpreter\linkResolver.cpp, line 759]
Event: 10.463 Thread 0x0000016b767bcd00 Exception <a 'java/lang/IncompatibleClassChangeError'{0x000000070b6db910}: Found class java.lang.Object, but interface was expected> (0x000000070b6db910) 
thrown [s\open\src\hotspot\share\interpreter\linkResolver.cpp, line 826]

VM Operations (20 events):
Event: 10.015 Executing VM operation: HandshakeAllThreads done
Event: 10.044 Executing VM operation: G1CollectForAllocation
Event: 10.046 Executing VM operation: G1CollectForAllocation done
Event: 10.061 Executing VM operation: G1CollectForAllocation
Event: 10.063 Executing VM operation: G1CollectForAllocation done
Event: 10.084 Executing VM operation: G1CollectForAllocation
Event: 10.086 Executing VM operation: G1CollectForAllocation done
Event: 10.230 Executing VM operation: HandshakeAllThreads
Event: 10.230 Executing VM operation: HandshakeAllThreads done
Event: 10.350 Executing VM operation: HandshakeAllThreads
Event: 10.350 Executing VM operation: HandshakeAllThreads done
Event: 10.351 Executing VM operation: HandshakeAllThreads
Event: 10.351 Executing VM operation: HandshakeAllThreads done
Event: 10.358 Executing VM operation: HandshakeAllThreads
Event: 10.358 Executing VM operation: HandshakeAllThreads done
Event: 10.386 Executing VM operation: HandshakeAllThreads
Event: 10.387 Executing VM operation: HandshakeAllThreads done
Event: 10.477 Executing VM operation: HandshakeAllThreads
Event: 10.477 Executing VM operation: HandshakeAllThreads done
Event: 10.492 Executing VM operation: G1CollectForAllocation

Events (20 events):
Event: 10.019 Thread 0x0000016b716adb50 flushing nmethod 0x0000016b62530210
Event: 10.019 Thread 0x0000016b716adb50 flushing nmethod 0x0000016b62532990
Event: 10.019 Thread 0x0000016b716adb50 flushing nmethod 0x0000016b62533890
Event: 10.020 Thread 0x0000016b716adb50 flushing nmethod 0x0000016b62599310
Event: 10.020 Thread 0x0000016b716adb50 flushing nmethod 0x0000016b625a7910
Event: 10.020 Thread 0x0000016b716adb50 flushing nmethod 0x0000016b625b0810
Event: 10.020 Thread 0x0000016b716adb50 flushing nmethod 0x0000016b625c3a90
Event: 10.020 Thread 0x0000016b716adb50 flushing nmethod 0x0000016b625c4390
Event: 10.020 Thread 0x0000016b716adb50 flushing nmethod 0x0000016b625d1990
Event: 10.097 Thread 0x0000016b7809c3e0 Thread added: 0x0000016b7809c3e0
Event: 10.099 Thread 0x0000016b7809c3e0 Thread exited: 0x0000016b7809c3e0
Event: 10.127 Thread 0x0000016b7809f680 Thread exited: 0x0000016b7809f680
Event: 10.160 loading class java/time/Duration$1
Event: 10.160 loading class java/time/Duration$1 done
Event: 10.226 loading class java/time/DurationEditor
Event: 10.226 loading class java/time/DurationEditor done
Event: 10.276 loading class java/util/regex/PatternSyntaxException
Event: 10.276 loading class java/util/regex/PatternSyntaxException done
Event: 10.278 loading class java/util/Comparators$NullComparator
Event: 10.279 loading class java/util/Comparators$NullComparator done


Dynamic libraries:
0x00007ff673110000 - 0x00007ff673120000 	C:\Program Files\Java\jdk-17\bin\java.exe
0x00007ffe4cf10000 - 0x00007ffe4d127000 	C:\WINDOWS\SYSTEM32\ntdll.dll
0x00007ffe4ac30000 - 0x00007ffe4acf4000 	C:\WINDOWS\System32\KERNEL32.DLL
0x00007ffe4a2a0000 - 0x00007ffe4a65a000 	C:\WINDOWS\System32\KERNELBASE.dll
0x00007ffe4a660000 - 0x00007ffe4a771000 	C:\WINDOWS\System32\ucrtbase.dll
0x00007ffe3b4a0000 - 0x00007ffe3b4b9000 	C:\Program Files\Java\jdk-17\bin\jli.dll
0x00007ffe3b440000 - 0x00007ffe3b45b000 	C:\Program Files\Java\jdk-17\bin\VCRUNTIME140.dll
0x00007ffe4b3a0000 - 0x00007ffe4b452000 	C:\WINDOWS\System32\ADVAPI32.dll
0x00007ffe4c4f0000 - 0x00007ffe4c597000 	C:\WINDOWS\System32\msvcrt.dll
0x00007ffe4ad50000 - 0x00007ffe4adf7000 	C:\WINDOWS\System32\sechost.dll
0x00007ffe4a780000 - 0x00007ffe4a7a8000 	C:\WINDOWS\System32\bcrypt.dll
0x00007ffe4ae00000 - 0x00007ffe4af14000 	C:\WINDOWS\System32\RPCRT4.dll
0x00007ffe4cd20000 - 0x00007ffe4cece000 	C:\WINDOWS\System32\USER32.dll
0x00007ffe4a830000 - 0x00007ffe4a856000 	C:\WINDOWS\System32\win32u.dll
0x00007ffe4c2b0000 - 0x00007ffe4c2d9000 	C:\WINDOWS\System32\GDI32.dll
0x00007ffe49450000 - 0x00007ffe496e2000 	C:\WINDOWS\WinSxS\amd64_microsoft.windows.common-controls_6595b64144ccf1df_6.0.22621.4541_none_2710d1c57384c085\COMCTL32.dll
0x00007ffe4aaf0000 - 0x00007ffe4ac0b000 	C:\WINDOWS\System32\gdi32full.dll
0x00007ffe4a860000 - 0x00007ffe4a8fa000 	C:\WINDOWS\System32\msvcp_win.dll
0x00007ffe42800000 - 0x00007ffe4280a000 	C:\WINDOWS\SYSTEM32\VERSION.dll
0x00007ffe4bea0000 - 0x00007ffe4bed1000 	C:\WINDOWS\System32\IMM32.DLL
0x00007ffe3c130000 - 0x00007ffe3c13c000 	C:\Program Files\Java\jdk-17\bin\vcruntime140_1.dll
0x00007ffe37e00000 - 0x00007ffe37e8e000 	C:\Program Files\Java\jdk-17\bin\msvcp140.dll
0x00007ffde69e0000 - 0x00007ffde75c0000 	C:\Program Files\Java\jdk-17\bin\server\jvm.dll
0x00007ffe4c7e0000 - 0x00007ffe4c7e8000 	C:\WINDOWS\System32\PSAPI.DLL
0x00007ffe2a6f0000 - 0x00007ffe2a6f9000 	C:\WINDOWS\SYSTEM32\WSOCK32.dll
0x00007ffe3ec20000 - 0x00007ffe3ec54000 	C:\WINDOWS\SYSTEM32\WINMM.dll
0x00007ffe4c1b0000 - 0x00007ffe4c221000 	C:\WINDOWS\System32\WS2_32.dll
0x00007ffe48920000 - 0x00007ffe48938000 	C:\WINDOWS\SYSTEM32\kernel.appcore.dll
0x00007ffe3bc80000 - 0x00007ffe3bc8a000 	C:\Program Files\Java\jdk-17\bin\jimage.dll
0x00007ffe49b40000 - 0x00007ffe49d72000 	C:\WINDOWS\SYSTEM32\DBGHELP.DLL
0x00007ffe4c7f0000 - 0x00007ffe4cb7f000 	C:\WINDOWS\System32\combase.dll
0x00007ffe4cb90000 - 0x00007ffe4cc67000 	C:\WINDOWS\System32\OLEAUT32.dll
0x00007ffe499e0000 - 0x00007ffe49a12000 	C:\WINDOWS\SYSTEM32\dbgcore.DLL
0x00007ffe4a900000 - 0x00007ffe4a97b000 	C:\WINDOWS\System32\bcryptPrimitives.dll
0x00007ffe3b4d0000 - 0x00007ffe3b4de000 	C:\Program Files\Java\jdk-17\bin\instrument.dll
0x00007ffe39250000 - 0x00007ffe39275000 	C:\Program Files\Java\jdk-17\bin\java.dll
0x00007ffe2aa30000 - 0x00007ffe2ab07000 	C:\Program Files\Java\jdk-17\bin\jsvml.dll
0x00007ffe4b620000 - 0x00007ffe4be98000 	C:\WINDOWS\System32\SHELL32.dll
0x00007ffe47680000 - 0x00007ffe47f88000 	C:\WINDOWS\SYSTEM32\windows.storage.dll
0x00007ffe47540000 - 0x00007ffe4767f000 	C:\WINDOWS\SYSTEM32\wintypes.dll
0x00007ffe4c3f0000 - 0x00007ffe4c4ea000 	C:\WINDOWS\System32\SHCORE.dll
0x00007ffe4bee0000 - 0x00007ffe4bf3e000 	C:\WINDOWS\System32\shlwapi.dll
0x00007ffe4a110000 - 0x00007ffe4a13b000 	C:\WINDOWS\SYSTEM32\profapi.dll
0x00007ffe3b320000 - 0x00007ffe3b338000 	C:\Program Files\Java\jdk-17\bin\zip.dll
0x00007ffe39110000 - 0x00007ffe39129000 	C:\Program Files\Java\jdk-17\bin\net.dll
0x00007ffe43660000 - 0x00007ffe43796000 	C:\WINDOWS\SYSTEM32\WINHTTP.dll
0x00007ffe48db0000 - 0x00007ffe48e19000 	C:\WINDOWS\system32\mswsock.dll
0x00007ffe390f0000 - 0x00007ffe39106000 	C:\Program Files\Java\jdk-17\bin\nio.dll
0x00007ffe37de0000 - 0x00007ffe37dfa000 	C:\Program Files\JetBrains\IntelliJ IDEA 2024.2.1\bin\breakgen64.dll
0x00007ffe48490000 - 0x00007ffe48592000 	C:\WINDOWS\SYSTEM32\DNSAPI.dll
0x00007ffe48420000 - 0x00007ffe4844d000 	C:\WINDOWS\SYSTEM32\IPHLPAPI.DLL
0x00007ffe4c3e0000 - 0x00007ffe4c3e9000 	C:\WINDOWS\System32\NSI.dll
0x00007ffe3c400000 - 0x00007ffe3c40a000 	C:\Windows\System32\rasadhlp.dll
0x00007ffe42740000 - 0x00007ffe427c3000 	C:\WINDOWS\System32\fwpuclnt.dll
0x00007ffe3b430000 - 0x00007ffe3b43a000 	C:\Program Files\Java\jdk-17\bin\management.dll
0x00007ffe390e0000 - 0x00007ffe390eb000 	C:\Program Files\Java\jdk-17\bin\management_ext.dll
0x00007ffe49e80000 - 0x00007ffe49e9b000 	C:\WINDOWS\SYSTEM32\CRYPTSP.dll
0x00007ffe49080000 - 0x00007ffe490b5000 	C:\WINDOWS\system32\rsaenh.dll
0x00007ffe48e20000 - 0x00007ffe48e48000 	C:\WINDOWS\SYSTEM32\USERENV.dll
0x00007ffe49120000 - 0x00007ffe4912c000 	C:\WINDOWS\SYSTEM32\CRYPTBASE.dll
0x00007ffe43890000 - 0x00007ffe438a9000 	C:\WINDOWS\SYSTEM32\dhcpcsvc6.DLL
0x00007ffe43640000 - 0x00007ffe4365f000 	C:\WINDOWS\SYSTEM32\dhcpcsvc.DLL
0x00007ffe2b420000 - 0x00007ffe2b437000 	C:\WINDOWS\system32\napinsp.dll
0x00007ffe2b400000 - 0x00007ffe2b41b000 	C:\WINDOWS\system32\pnrpnsp.dll
0x00007ffe2b0e0000 - 0x00007ffe2b0f1000 	C:\WINDOWS\System32\winrnr.dll
0x00007ffe2b0c0000 - 0x00007ffe2b0d5000 	C:\WINDOWS\system32\wshbth.dll
0x00007ffe2b090000 - 0x00007ffe2b0b7000 	C:\WINDOWS\system32\nlansp_c.dll
0x00007ffe38fa0000 - 0x00007ffe38fae000 	C:\Program Files\Java\jdk-17\bin\sunmscapi.dll
0x00007ffe4a980000 - 0x00007ffe4aae6000 	C:\WINDOWS\System32\CRYPT32.dll
0x00007ffe49420000 - 0x00007ffe4944d000 	C:\WINDOWS\SYSTEM32\ncrypt.dll
0x00007ffe493e0000 - 0x00007ffe49417000 	C:\WINDOWS\SYSTEM32\NTASN1.dll
0x00007ffe3b490000 - 0x00007ffe3b4a0000 	C:\Program Files\Java\jdk-17\bin\verify.dll

dbghelp: loaded successfully - version: 4.0.5 - missing functions: none
symbol engine: initialized successfully - sym options: 0x614 - pdb path: .;C:\Program Files\Java\jdk-17\bin;C:\WINDOWS\SYSTEM32;C:\WINDOWS\WinSxS\amd64_microsoft.windows.common-controls_6595b64144ccf1df_6.0.22621.4541_none_2710d1c57384c085;C:\Program Files\Java\jdk-17\bin\server;C:\Program Files\JetBrains\IntelliJ IDEA 2024.2.1\bin

VM Arguments:
jvm_args: -XX:TieredStopAtLevel=1 -Dspring.output.ansi.enabled=always -Dcom.sun.management.jmxremote -Dspring.jmx.enabled=true -Dspring.liveBeansView.mbeanDomain -Dspring.application.admin.enabled=true -Dmanagement.endpoints.jmx.exposure.include=* -javaagent:C:\Program Files\JetBrains\IntelliJ IDEA 2024.2.1\lib\idea_rt.jar=52132:C:\Program Files\JetBrains\IntelliJ IDEA 2024.2.1\bin -Dfile.encoding=UTF-8 
java_command: BackAnt.BackAntApplication
java_class_path (initial): C:\Users\lotte4\Desktop\project\lotte-2nd-project-back-team3\build\classes\java\main;C:\Users\lotte4\Desktop\project\lotte-2nd-project-back-team3\build\resources\main;C:\Users\lotte4\.gradle\caches\modules-2\files-2.1\org.springframework.boot\spring-boot-configuration-processor\3.4.0\fc571725ca8b92a09a48ccce8ab1547464b0bd8b\spring-boot-configuration-processor-3.4.0.jar;C:\Users\lotte4\.gradle\caches\modules-2\files-2.1\org.projectlombok\lombok\1.18.36\5a30490a6e14977d97d9c73c924c1f1b5311ea95\lombok-1.18.36.jar;C:\Users\lotte4\.gradle\caches\modules-2\files-2.1\org.springframework.boot\spring-boot-starter-data-jpa\3.4.0\c6e24cab029e2b2ef36c4a5a5b1a82dbaa9d18c0\spring-boot-starter-data-jpa-3.4.0.jar;C:\Users\lotte4\.gradle\caches\modules-2\files-2.1\org.springframework.boot\spring-boot-starter-security\3.4.0\b4027ba9875f9d78ffec7010da88c1e5b964d6ed\spring-boot-starter-security-3.4.0.jar;C:\Users\lotte4\.gradle\caches\modules-2\files-2.1\org.springframework.boot\spring-boot-starter-websocket\3.4.0\212614049d7748372e4aace3089228591b1c2dba\spring-boot-starter-websocket-3.4.0.jar;C:\Users\lotte4\.gradle\caches\modules-2\files-2.1\org.springframework.boot\spring-boot-starter-web\3.4.0\5447a62dc3dee3eadf2def23314e0db4c81bb3\spring-boot-starter-web-3.4.0.jar;C:\Users\lotte4\.gradle\caches\modules-2\files-2.1\org.springframework.boot\spring-boot-starter-thymeleaf\3.4.0\1ec7fdf829d485800146ec333d6e30af9fbc4830\spring-boot-starter-thymeleaf-3.4.0.jar;C:\Users\lotte4\.gradle\caches\modules-2\files-2.1\org.thymeleaf.extras\thymeleaf-extras-springsecurity6\3.1.2.RELEASE\574c188eb147191e2f162419e9fc780fcf3256d7\thymeleaf-extras-springsecurity6-3.1.2.RELEASE.jar;C:\Users\lotte4\.gradle\caches\modules-2\files-2.1\org.springframework.boot\spring-boot-starter-data-redis\3.4.0\5da88cdbb297c6603b93881184b23891bd6f0a37\spring-boot-starter-data-redis-3.4.0.jar;C:\Users\lotte4\.gradle\caches\modules-2\files-2.1\io.jsonwebtoken\jjwt-api\0.12.6\478886a888f6add0493
Launcher Type: SUN_STANDARD

[Global flags]
     intx CICompilerCount                          = 12                                        {product} {ergonomic}
     uint ConcGCThreads                            = 4                                         {product} {ergonomic}
     uint G1ConcRefinementThreads                  = 15                                        {product} {ergonomic}
   size_t G1HeapRegionSize                         = 2097152                                   {product} {ergonomic}
    uintx GCDrainStackTargetSize                   = 64                                        {product} {ergonomic}
   size_t InitialHeapSize                          = 266338304                                 {product} {ergonomic}
     bool ManagementServer                         = true                                      {product} {command line}
   size_t MarkStackSize                            = 4194304                                   {product} {ergonomic}
   size_t MaxHeapSize                              = 4257218560                                {product} {ergonomic}
   size_t MaxNewSize                               = 2554331136                                {product} {ergonomic}
   size_t MinHeapDeltaBytes                        = 2097152                                   {product} {ergonomic}
   size_t MinHeapSize                              = 8388608                                   {product} {ergonomic}
    uintx NonProfiledCodeHeapSize                  = 0                                      {pd product} {ergonomic}
     bool ProfileInterpreter                       = false                                  {pd product} {command line}
    uintx ProfiledCodeHeapSize                     = 0                                      {pd product} {ergonomic}
   size_t SoftMaxHeapSize                          = 4257218560                             {manageable} {ergonomic}
     intx TieredStopAtLevel                        = 1                                         {product} {command line}
     bool UseCompressedClassPointers               = true                           {product lp64_product} {ergonomic}
     bool UseCompressedOops                        = true                           {product lp64_product} {ergonomic}
     bool UseG1GC                                  = true                                      {product} {ergonomic}
     bool UseLargePagesIndividualAllocation        = false                                  {pd product} {ergonomic}

Logging:
Log output configuration:
 #0: stdout all=warning uptime,level,tags
 #1: stderr all=off uptime,level,tags

Environment Variables:
JAVA_HOME=C:\Program Files\Java\jdk-17
CLASSPATH=C:\Program Files\Java\jdk-17lib
PATH=C:\Program Files\Common Files\Oracle\Java\javapath;C:\WINDOWS\system32;C:\WINDOWS;C:\WINDOWS\System32\Wbem;C:\WINDOWS\System32\WindowsPowerShell\v1.0\;C:\WINDOWS\System32\OpenSSH\;C:\Program Files (x86)\Common Files\Acronis\VirtualFile\;C:\Program Files (x86)\Common Files\Acronis\VirtualFile64\;C:\Program Files (x86)\Common Files\Acronis\FileProtector\;C:\Program Files (x86)\Common Files\Acronis\FileProtector64\;C:\Program Files (x86)\Common Files\Acronis\SnapAPI\;C:\Program Files\Common Files\Autodesk Shared\;C:\Program Files\Microsoft SQL Server\120\Tools\Binn\;C:\Program Files\Java\jdk-17\bin;C:\Program Files\Git\cmd;C:\Program Files\nodejs\;C:\Users\lotte4\AppData\Local\Microsoft\WindowsApps;C:\Users\lotte4\AppData\Local\Programs\Microsoft VS Code\bin;C:\Program Files\JetBrains\IntelliJ IDEA 2024.2.1\bin;;C:\Users\lotte4\AppData\Roaming\npm;
USERNAME=lotte4
OS=Windows_NT
PROCESSOR_IDENTIFIER=Intel64 Family 6 Model 151 Stepping 2, GenuineIntel



---------------  S Y S T E M  ---------------

OS:
 Windows 11 , 64 bit Build 22621 (10.0.22621.4391)
OS uptime: 6 days 12:43 hours
Hyper-V role detected

CPU: total 20 (initial active 20) (10 cores per cpu, 2 threads per core) family 6 model 151 stepping 2 microcode 0x2d, cx8, cmov, fxsr, ht, mmx, 3dnowpref, sse, sse2, sse3, ssse3, sse4.1, sse4.2, popcnt, lzcnt, tsc, tscinvbit, avx, avx2, aes, erms, clmul, bmi1, bmi2, adx, sha, fma, vzeroupper, clflush, clflushopt, clwb, hv

Memory: 4k page, system-wide physical 16234M (2871M free)
TotalPageFile size 65386M (AvailPageFile size 160M)
current process WorkingSet (physical memory assigned to process): 438M, peak: 438M
current process commit charge ("private bytes"): 525M, peak: 893M

vm_info: Java HotSpot(TM) 64-Bit Server VM (17.0.11+7-LTS-207) for windows-amd64 JRE (17.0.11+7-LTS-207), built on Mar 11 2024 19:01:50 by "mach5one" with MS VC++ 17.6 (VS2022)

END.
