#
# There is insufficient memory for the Java Runtime Environment to continue.
# Native memory allocation (mmap) failed to map 75497472 bytes for G1 virtual space
# Possible reasons:
#   The system is out of physical RAM or swap space
#   The process is running with CompressedOops enabled, and the Java Heap may be blocking the growth of the native heap
# Possible solutions:
#   Reduce memory load on the system
#   Increase physical memory or swap space
#   Check if swap backing store is full
#   Decrease Java heap size (-Xmx/-Xms)
#   Decrease number of Java threads
#   Decrease Java thread stack sizes (-Xss)
#   Set larger code cache with -XX:ReservedCodeCacheSize=
#   JVM is running with Zero Based Compressed Oops mode in which the Java heap is
#     placed in the first 32GB address space. The Java Heap base address is the
#     maximum limit for the native heap growth. Please use -XX:HeapBaseMinAddress
#     to set the Java Heap base and to place the Java Heap above 32GB virtual address.
# This output file may be truncated or incomplete.
#
#  Out of Memory Error (os_windows.cpp:3548), pid=3300, tid=21824
#
# JRE version: Java(TM) SE Runtime Environment (17.0.11+7) (build 17.0.11+7-LTS-207)
# Java VM: Java HotSpot(TM) 64-Bit Server VM (17.0.11+7-LTS-207, mixed mode, emulated-client, sharing, tiered, compressed oops, compressed class ptrs, g1 gc, windows-amd64)
# No core dump will be written. Minidumps are not enabled by default on client versions of Windows
#

---------------  S U M M A R Y ------------

Command Line: -XX:TieredStopAtLevel=1 -Dspring.output.ansi.enabled=always -Dcom.sun.management.jmxremote -Dspring.jmx.enabled=true -Dspring.liveBeansView.mbeanDomain -Dspring.application.admin.enabled=true -Dmanagement.endpoints.jmx.exposure.include=* -javaagent:C:\Program Files\JetBrains\IntelliJ IDEA 2024.2.1\lib\idea_rt.jar=51621:C:\Program Files\JetBrains\IntelliJ IDEA 2024.2.1\bin -Dfile.encoding=UTF-8 BackAnt.BackAntApplication

Host: 12th Gen Intel(R) Core(TM) i7-12700F, 20 cores, 15G,  Windows 11 , 64 bit Build 22621 (10.0.22621.4391)
Time: Sun Dec 22 12:27:52 2024  Windows 11 , 64 bit Build 22621 (10.0.22621.4391) elapsed time: 127.496660 seconds (0d 0h 2m 7s)

---------------  T H R E A D  ---------------

Current thread (0x0000021e9d154c80):  VMThread "VM Thread" [stack: 0x000000975e000000,0x000000975e100000] [id=21824]

Stack: [0x000000975e000000,0x000000975e100000]
Native frames: (J=compiled Java code, j=interpreted, Vv=VM code, C=native code)
V  [jvm.dll+0x679cca]
V  [jvm.dll+0x7da13d]
V  [jvm.dll+0x7dba83]
V  [jvm.dll+0x7dc0f3]
V  [jvm.dll+0x2449af]
V  [jvm.dll+0x676ce9]
V  [jvm.dll+0x66b852]
V  [jvm.dll+0x3018d6]
V  [jvm.dll+0x308e76]
V  [jvm.dll+0x3596ee]
V  [jvm.dll+0x35991f]
V  [jvm.dll+0x2d89a8]
V  [jvm.dll+0x2d6ddd]
V  [jvm.dll+0x2d642c]
V  [jvm.dll+0x319f8b]
V  [jvm.dll+0x7e09eb]
V  [jvm.dll+0x7e1724]
V  [jvm.dll+0x7e1c3d]
V  [jvm.dll+0x7e2014]
V  [jvm.dll+0x7e20e0]
V  [jvm.dll+0x78a85a]
V  [jvm.dll+0x678bb5]
C  [ucrtbase.dll+0x29333]
C  [KERNEL32.DLL+0x1259d]
C  [ntdll.dll+0x5af38]

VM_Operation (0x00000097619fe4c0): G1CollectForAllocation, mode: safepoint, requested by thread 0x0000021ee5d182d0


---------------  P R O C E S S  ---------------

Threads class SMR info:
_java_thread_list=0x0000021ee4cb4aa0, length=45, elements={
0x0000021e9d159cc0, 0x0000021e9d15a750, 0x0000021e9d1740f0, 0x0000021e9d1747d0,
0x0000021e9d1773c0, 0x0000021e9d177da0, 0x0000021e9d17cc40, 0x0000021e9d195ca0,
0x0000021e9d7a04a0, 0x0000021ee32a5f00, 0x0000021ee32a63e0, 0x0000021ee3437fd0,
0x0000021ee412eaf0, 0x0000021ee480fa20, 0x0000021ee4810950, 0x0000021ee480ff30,
0x0000021ee480dbc0, 0x0000021ee480f510, 0x0000021ee480e0d0, 0x0000021ee480e5e0,
0x0000021ee480eaf0, 0x0000021ee5d1ab50, 0x0000021ee5d19c20, 0x0000021ee5d15a50,
0x0000021ee5d15f60, 0x0000021ee5d182d0, 0x0000021ee5d17dc0, 0x0000021ee5d187e0,
0x0000021ee5d18cf0, 0x0000021ee5d19200, 0x0000021ee5d1b570, 0x0000021ee5d16470,
0x0000021ee5d1a640, 0x0000021ee5d14610, 0x0000021ee5d1b060, 0x0000021ee5d1bf90,
0x0000021ee5d15540, 0x0000021ee5d16980, 0x0000021ee5d19710, 0x0000021ee5d1ba80,
0x0000021ee5d15030, 0x0000021ee5d16e90, 0x0000021ee5d173a0, 0x0000021ee5d178b0,
0x0000021eeb146fa0
}

Java Threads: ( => current thread )
  0x0000021e9d159cc0 JavaThread "Reference Handler" daemon [_thread_blocked, id=25068, stack(0x000000975e100000,0x000000975e200000)]
  0x0000021e9d15a750 JavaThread "Finalizer" daemon [_thread_blocked, id=14868, stack(0x000000975e200000,0x000000975e300000)]
  0x0000021e9d1740f0 JavaThread "Signal Dispatcher" daemon [_thread_blocked, id=7884, stack(0x000000975e300000,0x000000975e400000)]
  0x0000021e9d1747d0 JavaThread "Attach Listener" daemon [_thread_blocked, id=3268, stack(0x000000975e400000,0x000000975e500000)]
  0x0000021e9d1773c0 JavaThread "Service Thread" daemon [_thread_blocked, id=14516, stack(0x000000975e500000,0x000000975e600000)]
  0x0000021e9d177da0 JavaThread "Monitor Deflation Thread" daemon [_thread_blocked, id=17212, stack(0x000000975e600000,0x000000975e700000)]
  0x0000021e9d17cc40 JavaThread "C1 CompilerThread0" daemon [_thread_blocked, id=17596, stack(0x000000975e700000,0x000000975e800000)]
  0x0000021e9d195ca0 JavaThread "Sweeper thread" daemon [_thread_blocked, id=15332, stack(0x000000975e800000,0x000000975e900000)]
  0x0000021e9d7a04a0 JavaThread "Common-Cleaner" daemon [_thread_blocked, id=13916, stack(0x000000975ea00000,0x000000975eb00000)]
  0x0000021ee32a5f00 JavaThread "Monitor Ctrl-Break" daemon [_thread_in_native, id=22700, stack(0x000000975ed00000,0x000000975ee00000)]
  0x0000021ee32a63e0 JavaThread "Notification Thread" daemon [_thread_blocked, id=13020, stack(0x000000975ee00000,0x000000975ef00000)]
  0x0000021ee3437fd0 JavaThread "RMI TCP Accept-0" daemon [_thread_in_native, id=18928, stack(0x000000975ef00000,0x000000975f000000)]
  0x0000021ee412eaf0 JavaThread "RMI Scheduler(0)" daemon [_thread_blocked, id=7116, stack(0x0000009760800000,0x0000009760900000)]
  0x0000021ee480fa20 JavaThread "Catalina-utility-1" [_thread_blocked, id=17884, stack(0x0000009760900000,0x0000009760a00000)]
  0x0000021ee4810950 JavaThread "Catalina-utility-2" [_thread_blocked, id=20432, stack(0x0000009760a00000,0x0000009760b00000)]
  0x0000021ee480ff30 JavaThread "container-0" [_thread_blocked, id=17332, stack(0x0000009760b00000,0x0000009760c00000)]
  0x0000021ee480dbc0 JavaThread "mysql-cj-abandoned-connection-cleanup" daemon [_thread_blocked, id=11924, stack(0x0000009760c00000,0x0000009760d00000)]
  0x0000021ee480f510 JavaThread "HikariPool-1 housekeeper" daemon [_thread_blocked, id=17444, stack(0x0000009760e00000,0x0000009760f00000)]
  0x0000021ee480e0d0 JavaThread "BufferPoolPruner-1-thread-1" daemon [_thread_blocked, id=25516, stack(0x0000009761000000,0x0000009761100000)]
  0x0000021ee480e5e0 JavaThread "cluster-ClusterId{value='676786bec1f06435cc6b2a83', description='null'}-3.38.150.176:27017" daemon [_thread_in_native, id=19684, stack(0x0000009761100000,0x0000009761200000)]
  0x0000021ee480eaf0 JavaThread "cluster-rtt-ClusterId{value='676786bec1f06435cc6b2a83', description='null'}-3.38.150.176:27017" daemon [_thread_blocked, id=18044, stack(0x0000009761200000,0x0000009761300000)]
  0x0000021ee5d1ab50 JavaThread "MaintenanceTimer-2-thread-1" daemon [_thread_blocked, id=22168, stack(0x0000009761300000,0x0000009761400000)]
  0x0000021ee5d19c20 JavaThread "Live Reload Server" daemon [_thread_in_native, id=11396, stack(0x0000009761500000,0x0000009761600000)]
  0x0000021ee5d15a50 JavaThread "lettuce-timer-3-1" daemon [_thread_blocked, id=10528, stack(0x0000009761700000,0x0000009761800000)]
  0x0000021ee5d15f60 JavaThread "lettuce-timer-5-1" daemon [_thread_blocked, id=18532, stack(0x0000009761800000,0x0000009761900000)]
  0x0000021ee5d182d0 JavaThread "File Watcher" daemon [_thread_blocked, id=9784, stack(0x0000009761900000,0x0000009761a00000)]
  0x0000021ee5d17dc0 JavaThread "MessageBroker-1" [_thread_blocked, id=12716, stack(0x0000009761a00000,0x0000009761b00000)]
  0x0000021ee5d187e0 JavaThread "http-nio-0.0.0.0-8080-exec-1" daemon [_thread_blocked, id=20204, stack(0x0000009761b00000,0x0000009761c00000)]
  0x0000021ee5d18cf0 JavaThread "http-nio-0.0.0.0-8080-exec-2" daemon [_thread_blocked, id=8604, stack(0x0000009761c00000,0x0000009761d00000)]
  0x0000021ee5d19200 JavaThread "http-nio-0.0.0.0-8080-exec-3" daemon [_thread_blocked, id=18488, stack(0x0000009761d00000,0x0000009761e00000)]
  0x0000021ee5d1b570 JavaThread "http-nio-0.0.0.0-8080-exec-4" daemon [_thread_blocked, id=25300, stack(0x0000009761e00000,0x0000009761f00000)]
  0x0000021ee5d16470 JavaThread "http-nio-0.0.0.0-8080-exec-5" daemon [_thread_blocked, id=1348, stack(0x0000009761f00000,0x0000009762000000)]
  0x0000021ee5d1a640 JavaThread "http-nio-0.0.0.0-8080-exec-6" daemon [_thread_blocked, id=13924, stack(0x0000009762000000,0x0000009762100000)]
  0x0000021ee5d14610 JavaThread "http-nio-0.0.0.0-8080-exec-7" daemon [_thread_blocked, id=9964, stack(0x0000009762100000,0x0000009762200000)]
  0x0000021ee5d1b060 JavaThread "http-nio-0.0.0.0-8080-exec-8" daemon [_thread_blocked, id=23876, stack(0x0000009762200000,0x0000009762300000)]
  0x0000021ee5d1bf90 JavaThread "http-nio-0.0.0.0-8080-exec-9" daemon [_thread_blocked, id=10888, stack(0x0000009762300000,0x0000009762400000)]
  0x0000021ee5d15540 JavaThread "http-nio-0.0.0.0-8080-exec-10" daemon [_thread_blocked, id=13548, stack(0x0000009762400000,0x0000009762500000)]
  0x0000021ee5d16980 JavaThread "http-nio-0.0.0.0-8080-Poller" daemon [_thread_in_native, id=11520, stack(0x0000009762500000,0x0000009762600000)]
  0x0000021ee5d19710 JavaThread "http-nio-0.0.0.0-8080-Acceptor" daemon [_thread_in_native, id=21836, stack(0x0000009762600000,0x0000009762700000)]
  0x0000021ee5d1ba80 JavaThread "ThreadPoolTaskScheduler-1" [_thread_blocked, id=26864, stack(0x0000009762700000,0x0000009762800000)]
  0x0000021ee5d15030 JavaThread "org.springframework.kafka.KafkaListenerEndpointContainer#0-0-C-1" [_thread_in_native, id=11840, stack(0x0000009762800000,0x0000009762900000)]
  0x0000021ee5d16e90 JavaThread "MessageBroker-2" [_thread_blocked, id=26128, stack(0x0000009762900000,0x0000009762a00000)]
  0x0000021ee5d173a0 JavaThread "DestroyJavaVM" [_thread_blocked, id=24464, stack(0x000000975da00000,0x000000975db00000)]
  0x0000021ee5d178b0 JavaThread "kafka-coordinator-heartbeat-thread | access-log-group" daemon [_thread_blocked, id=7496, stack(0x000000975f700000,0x000000975f800000)]
  0x0000021eeb146fa0 JavaThread "MessageBroker-3" [_thread_blocked, id=6812, stack(0x000000975d700000,0x000000975d800000)]

Other Threads:
=>0x0000021e9d154c80 VMThread "VM Thread" [stack: 0x000000975e000000,0x000000975e100000] [id=21824]
  0x0000021e9cfd7c10 WatcherThread [stack: 0x000000975f000000,0x000000975f100000] [id=12944]
  0x0000021e85c6efe0 GCTaskThread "GC Thread#0" [stack: 0x000000975db00000,0x000000975dc00000] [id=28280]
  0x0000021ee3699cd0 GCTaskThread "GC Thread#1" [stack: 0x000000975f100000,0x000000975f200000] [id=15256]
  0x0000021ee3698c80 GCTaskThread "GC Thread#2" [stack: 0x000000975f200000,0x000000975f300000] [id=25284]
  0x0000021ee36af030 GCTaskThread "GC Thread#3" [stack: 0x000000975f300000,0x000000975f400000] [id=16920]
  0x0000021ee36af2f0 GCTaskThread "GC Thread#4" [stack: 0x000000975f400000,0x000000975f500000] [id=4152]
  0x0000021ee36afa30 GCTaskThread "GC Thread#5" [stack: 0x000000975f500000,0x000000975f600000] [id=24096]
  0x0000021ee3718ee0 GCTaskThread "GC Thread#6" [stack: 0x000000975f600000,0x000000975f700000] [id=5332]
  0x0000021ee399e430 GCTaskThread "GC Thread#7" [stack: 0x000000975f900000,0x000000975fa00000] [id=24780]
  0x0000021ee3dcb150 GCTaskThread "GC Thread#8" [stack: 0x000000975fe00000,0x000000975ff00000] [id=18228]
  0x0000021ee3d31450 GCTaskThread "GC Thread#9" [stack: 0x000000975ff00000,0x0000009760000000] [id=25272]
  0x0000021ee3dce030 GCTaskThread "GC Thread#10" [stack: 0x0000009760000000,0x0000009760100000] [id=6384]
  0x0000021ee3d6a100 GCTaskThread "GC Thread#11" [stack: 0x0000009760100000,0x0000009760200000] [id=16472]
  0x0000021ee3dc7070 GCTaskThread "GC Thread#12" [stack: 0x0000009760200000,0x0000009760300000] [id=6344]
  0x0000021ee3dffcc0 GCTaskThread "GC Thread#13" [stack: 0x0000009760300000,0x0000009760400000] [id=2756]
  0x0000021ee3e1bb00 GCTaskThread "GC Thread#14" [stack: 0x0000009760400000,0x0000009760500000] [id=5420]
  0x0000021e85c7fcf0 ConcurrentGCThread "G1 Main Marker" [stack: 0x000000975dc00000,0x000000975dd00000] [id=7972]
  0x0000021e85c80710 ConcurrentGCThread "G1 Conc#0" [stack: 0x000000975dd00000,0x000000975de00000] [id=27448]
  0x0000021ee3e1c080 ConcurrentGCThread "G1 Conc#1" [stack: 0x000000975fa00000,0x000000975fb00000] [id=22468]
  0x0000021ee3e1d3c0 ConcurrentGCThread "G1 Conc#2" [stack: 0x0000009760500000,0x0000009760600000] [id=21292]
  0x0000021ee3e1bdc0 ConcurrentGCThread "G1 Conc#3" [stack: 0x0000009760600000,0x0000009760700000] [id=6404]
  0x0000021e9d08f6c0 ConcurrentGCThread "G1 Refine#0" [stack: 0x000000975de00000,0x000000975df00000] [id=12296]
  0x0000021ee5fb7390 ConcurrentGCThread "G1 Refine#1" [stack: 0x0000009761400000,0x0000009761500000] [id=4648]
  0x0000021ee5fb8530 ConcurrentGCThread "G1 Refine#2" [stack: 0x0000009761600000,0x0000009761700000] [id=16016]
  0x0000021e9d092f30 ConcurrentGCThread "G1 Service" [stack: 0x000000975df00000,0x000000975e000000] [id=28616]

Threads with active compile tasks:

VM state: at safepoint (normal execution)

VM Mutex/Monitor currently owned by a thread:  ([mutex/lock_event])
[0x0000021e85bfda60] Threads_lock - owner thread: 0x0000021e9d154c80
[0x0000021e85bfe870] Heap_lock - owner thread: 0x0000021ee5d182d0

Heap address: 0x0000000702400000, size: 4060 MB, Compressed Oops mode: Zero based, Oop shift amount: 3

CDS archive(s) mapped at: [0x0000021e9e000000-0x0000021e9ebd0000-0x0000021e9ebd0000), size 12386304, SharedBaseAddress: 0x0000021e9e000000, ArchiveRelocationMode: 1.
Compressed class space mapped at: 0x0000021e9f000000-0x0000021edf000000, reserved size: 1073741824
Narrow klass base: 0x0000021e9e000000, Narrow klass shift: 0, Narrow klass range: 0x100000000

GC Precious Log:
 CPUs: 20 total, 20 available
 Memory: 16234M
 Large Page Support: Disabled
 NUMA Support: Disabled
 Compressed Oops: Enabled (Zero based)
 Heap Region Size: 2M
 Heap Min Capacity: 8M
 Heap Initial Capacity: 254M
 Heap Max Capacity: 4060M
 Pre-touch: Disabled
 Parallel Workers: 15
 Concurrent Workers: 4
 Concurrent Refinement Workers: 15
 Periodic GC: Disabled

Heap:
 garbage-first heap   total 266240K, used 123265K [0x0000000702400000, 0x0000000800000000)
  region size 2048K, 3 young (6144K), 3 survivors (6144K)
 Metaspace       used 109729K, committed 110528K, reserved 1179648K
  class space    used 15620K, committed 16000K, reserved 1048576K

Heap Regions: E=young(eden), S=young(survivor), O=old, HS=humongous(starts), HC=humongous(continues), CS=collection set, F=free, OA=open archive, CA=closed archive, TAMS=top-at-mark-start (previous, next)
|   0|0x0000000702400000, 0x0000000702600000, 0x0000000702600000|100%| O|  |TAMS 0x0000000702600000, 0x0000000702400000| Untracked 
|   1|0x0000000702600000, 0x0000000702800000, 0x0000000702800000|100%| O|  |TAMS 0x0000000702800000, 0x0000000702600000| Untracked 
|   2|0x0000000702800000, 0x0000000702a00000, 0x0000000702a00000|100%| O|  |TAMS 0x0000000702a00000, 0x0000000702800000| Untracked 
|   3|0x0000000702a00000, 0x0000000702c00000, 0x0000000702c00000|100%| O|  |TAMS 0x0000000702c00000, 0x0000000702a00000| Untracked 
|   4|0x0000000702c00000, 0x0000000702de7800, 0x0000000702e00000| 95%| O|  |TAMS 0x0000000702de7800, 0x0000000702c00000| Untracked 
|   5|0x0000000702e00000, 0x0000000703000000, 0x0000000703000000|100%| O|  |TAMS 0x0000000703000000, 0x0000000702e00000| Untracked 
|   6|0x0000000703000000, 0x0000000703200000, 0x0000000703200000|100%| O|  |TAMS 0x0000000703200000, 0x0000000703000000| Untracked 
|   7|0x0000000703200000, 0x0000000703400000, 0x0000000703400000|100%| O|  |TAMS 0x0000000703400000, 0x0000000703200000| Untracked 
|   8|0x0000000703400000, 0x0000000703600000, 0x0000000703600000|100%| O|  |TAMS 0x0000000703600000, 0x0000000703400000| Untracked 
|   9|0x0000000703600000, 0x0000000703800000, 0x0000000703800000|100%| O|  |TAMS 0x0000000703800000, 0x0000000703600000| Untracked 
|  10|0x0000000703800000, 0x0000000703a00000, 0x0000000703a00000|100%| O|  |TAMS 0x0000000703a00000, 0x0000000703800000| Untracked 
|  11|0x0000000703a00000, 0x0000000703c00000, 0x0000000703c00000|100%| O|  |TAMS 0x0000000703c00000, 0x0000000703a00000| Untracked 
|  12|0x0000000703c00000, 0x0000000703e00000, 0x0000000703e00000|100%| O|  |TAMS 0x0000000703e00000, 0x0000000703c00000| Untracked 
|  13|0x0000000703e00000, 0x0000000704000000, 0x0000000704000000|100%| O|  |TAMS 0x0000000704000000, 0x0000000703e00000| Untracked 
|  14|0x0000000704000000, 0x0000000704200000, 0x0000000704200000|100%| O|  |TAMS 0x0000000704200000, 0x0000000704000000| Untracked 
|  15|0x0000000704200000, 0x0000000704400000, 0x0000000704400000|100%| O|  |TAMS 0x0000000704400000, 0x0000000704200000| Untracked 
|  16|0x0000000704400000, 0x0000000704600000, 0x0000000704600000|100%| O|  |TAMS 0x0000000704600000, 0x0000000704400000| Untracked 
|  17|0x0000000704600000, 0x0000000704800000, 0x0000000704800000|100%| O|  |TAMS 0x0000000704800000, 0x0000000704600000| Untracked 
|  18|0x0000000704800000, 0x0000000704a00000, 0x0000000704a00000|100%| O|  |TAMS 0x0000000704a00000, 0x0000000704800000| Untracked 
|  19|0x0000000704a00000, 0x0000000704c00000, 0x0000000704c00000|100%| O|  |TAMS 0x0000000704c00000, 0x0000000704a00000| Untracked 
|  20|0x0000000704c00000, 0x0000000704e00000, 0x0000000704e00000|100%| O|  |TAMS 0x0000000704e00000, 0x0000000704c00000| Untracked 
|  21|0x0000000704e00000, 0x0000000705000000, 0x0000000705000000|100%| O|  |TAMS 0x0000000705000000, 0x0000000704e00000| Untracked 
|  22|0x0000000705000000, 0x0000000705200000, 0x0000000705200000|100%| O|  |TAMS 0x0000000705200000, 0x0000000705000000| Untracked 
|  23|0x0000000705200000, 0x0000000705400000, 0x0000000705400000|100%| O|  |TAMS 0x0000000705400000, 0x0000000705200000| Untracked 
|  24|0x0000000705400000, 0x0000000705600000, 0x0000000705600000|100%| O|  |TAMS 0x0000000705600000, 0x0000000705400000| Untracked 
|  25|0x0000000705600000, 0x0000000705800000, 0x0000000705800000|100%| O|  |TAMS 0x0000000705800000, 0x0000000705600000| Untracked 
|  26|0x0000000705800000, 0x0000000705a00000, 0x0000000705a00000|100%| O|  |TAMS 0x0000000705a00000, 0x0000000705800000| Untracked 
|  27|0x0000000705a00000, 0x0000000705c00000, 0x0000000705c00000|100%| O|  |TAMS 0x0000000705c00000, 0x0000000705a00000| Untracked 
|  28|0x0000000705c00000, 0x0000000705e00000, 0x0000000705e00000|100%| O|  |TAMS 0x0000000705e00000, 0x0000000705c00000| Untracked 
|  29|0x0000000705e00000, 0x0000000706000000, 0x0000000706000000|100%| O|  |TAMS 0x0000000706000000, 0x0000000705e00000| Untracked 
|  30|0x0000000706000000, 0x0000000706200000, 0x0000000706200000|100%| O|  |TAMS 0x0000000706200000, 0x0000000706000000| Untracked 
|  31|0x0000000706200000, 0x0000000706400000, 0x0000000706400000|100%| O|  |TAMS 0x0000000706400000, 0x0000000706200000| Untracked 
|  32|0x0000000706400000, 0x0000000706600000, 0x0000000706600000|100%| O|  |TAMS 0x0000000706572c00, 0x0000000706400000| Untracked 
|  33|0x0000000706600000, 0x0000000706800000, 0x0000000706800000|100%| O|  |TAMS 0x0000000706600000, 0x0000000706600000| Untracked 
|  34|0x0000000706800000, 0x0000000706a00000, 0x0000000706a00000|100%| O|  |TAMS 0x0000000706800000, 0x0000000706800000| Untracked 
|  35|0x0000000706a00000, 0x0000000706c00000, 0x0000000706c00000|100%| O|  |TAMS 0x0000000706a00000, 0x0000000706a00000| Untracked 
|  36|0x0000000706c00000, 0x0000000706e00000, 0x0000000706e00000|100%| O|  |TAMS 0x0000000706c00000, 0x0000000706c00000| Untracked 
|  37|0x0000000706e00000, 0x0000000707000000, 0x0000000707000000|100%| O|  |TAMS 0x0000000706e00000, 0x0000000706e00000| Untracked 
|  38|0x0000000707000000, 0x0000000707200000, 0x0000000707200000|100%| O|  |TAMS 0x0000000707000000, 0x0000000707000000| Untracked 
|  39|0x0000000707200000, 0x0000000707400000, 0x0000000707400000|100%| O|  |TAMS 0x0000000707200000, 0x0000000707200000| Untracked 
|  40|0x0000000707400000, 0x0000000707600000, 0x0000000707600000|100%| O|  |TAMS 0x0000000707400000, 0x0000000707400000| Untracked 
|  41|0x0000000707600000, 0x0000000707800000, 0x0000000707800000|100%| O|  |TAMS 0x0000000707600000, 0x0000000707600000| Untracked 
|  42|0x0000000707800000, 0x0000000707a00000, 0x0000000707a00000|100%| O|  |TAMS 0x0000000707800000, 0x0000000707800000| Untracked 
|  43|0x0000000707a00000, 0x0000000707c00000, 0x0000000707c00000|100%|HS|  |TAMS 0x0000000707a00000, 0x0000000707a00000| Complete 
|  44|0x0000000707c00000, 0x0000000707e00000, 0x0000000707e00000|100%| O|  |TAMS 0x0000000707c00000, 0x0000000707c00000| Untracked 
|  45|0x0000000707e00000, 0x0000000708000000, 0x0000000708000000|100%| O|  |TAMS 0x0000000707e00000, 0x0000000707e00000| Untracked 
|  46|0x0000000708000000, 0x0000000708200000, 0x0000000708200000|100%| O|  |TAMS 0x0000000708000000, 0x0000000708000000| Untracked 
|  47|0x0000000708200000, 0x0000000708400000, 0x0000000708400000|100%| O|  |TAMS 0x0000000708200000, 0x0000000708200000| Untracked 
|  48|0x0000000708400000, 0x0000000708600000, 0x0000000708600000|100%| O|  |TAMS 0x0000000708400000, 0x0000000708400000| Untracked 
|  49|0x0000000708600000, 0x0000000708800000, 0x0000000708800000|100%| O|  |TAMS 0x0000000708600000, 0x0000000708600000| Untracked 
|  50|0x0000000708800000, 0x0000000708a00000, 0x0000000708a00000|100%| O|  |TAMS 0x0000000708800000, 0x0000000708800000| Untracked 
|  51|0x0000000708a00000, 0x0000000708c00000, 0x0000000708c00000|100%| O|  |TAMS 0x0000000708a00000, 0x0000000708a00000| Untracked 
|  52|0x0000000708c00000, 0x0000000708e00000, 0x0000000708e00000|100%| O|  |TAMS 0x0000000708c00000, 0x0000000708c00000| Untracked 
|  53|0x0000000708e00000, 0x0000000709000000, 0x0000000709000000|100%| O|  |TAMS 0x0000000708e00000, 0x0000000708e00000| Untracked 
|  54|0x0000000709000000, 0x0000000709200000, 0x0000000709200000|100%| O|  |TAMS 0x0000000709000000, 0x0000000709000000| Untracked 
|  55|0x0000000709200000, 0x0000000709400000, 0x0000000709400000|100%| O|  |TAMS 0x0000000709200000, 0x0000000709200000| Untracked 
|  56|0x0000000709400000, 0x0000000709600000, 0x0000000709600000|100%| O|  |TAMS 0x0000000709400000, 0x0000000709400000| Untracked 
|  57|0x0000000709600000, 0x00000007097a5a00, 0x0000000709800000| 82%| O|  |TAMS 0x0000000709600000, 0x0000000709600000| Untracked 
|  58|0x0000000709800000, 0x0000000709800000, 0x0000000709a00000|  0%| F|  |TAMS 0x0000000709800000, 0x0000000709800000| Untracked 
|  59|0x0000000709a00000, 0x0000000709a00000, 0x0000000709c00000|  0%| F|  |TAMS 0x0000000709a00000, 0x0000000709a00000| Untracked 
|  60|0x0000000709c00000, 0x0000000709c00000, 0x0000000709e00000|  0%| F|  |TAMS 0x0000000709c00000, 0x0000000709c00000| Untracked 
|  61|0x0000000709e00000, 0x0000000709e00000, 0x000000070a000000|  0%| F|  |TAMS 0x0000000709e00000, 0x0000000709e00000| Untracked 
|  62|0x000000070a000000, 0x000000070a000000, 0x000000070a200000|  0%| F|  |TAMS 0x000000070a000000, 0x000000070a000000| Untracked 
|  63|0x000000070a200000, 0x000000070a200000, 0x000000070a400000|  0%| F|  |TAMS 0x000000070a200000, 0x000000070a200000| Untracked 
|  64|0x000000070a400000, 0x000000070a400000, 0x000000070a600000|  0%| F|  |TAMS 0x000000070a400000, 0x000000070a400000| Untracked 
|  65|0x000000070a600000, 0x000000070a600000, 0x000000070a800000|  0%| F|  |TAMS 0x000000070a600000, 0x000000070a600000| Untracked 
|  66|0x000000070a800000, 0x000000070a800000, 0x000000070aa00000|  0%| F|  |TAMS 0x000000070a800000, 0x000000070a800000| Untracked 
|  67|0x000000070aa00000, 0x000000070aa00000, 0x000000070ac00000|  0%| F|  |TAMS 0x000000070aa00000, 0x000000070aa00000| Untracked 
|  68|0x000000070ac00000, 0x000000070ac00000, 0x000000070ae00000|  0%| F|  |TAMS 0x000000070ac00000, 0x000000070ac00000| Untracked 
|  69|0x000000070ae00000, 0x000000070ae00000, 0x000000070b000000|  0%| F|  |TAMS 0x000000070ae00000, 0x000000070ae00000| Untracked 
|  70|0x000000070b000000, 0x000000070b000000, 0x000000070b200000|  0%| F|  |TAMS 0x000000070b000000, 0x000000070b000000| Untracked 
|  71|0x000000070b200000, 0x000000070b200000, 0x000000070b400000|  0%| F|  |TAMS 0x000000070b200000, 0x000000070b200000| Untracked 
|  72|0x000000070b400000, 0x000000070b400000, 0x000000070b600000|  0%| F|  |TAMS 0x000000070b400000, 0x000000070b400000| Untracked 
|  73|0x000000070b600000, 0x000000070b600000, 0x000000070b800000|  0%| F|  |TAMS 0x000000070b600000, 0x000000070b600000| Untracked 
|  74|0x000000070b800000, 0x000000070b800000, 0x000000070ba00000|  0%| F|  |TAMS 0x000000070b800000, 0x000000070b800000| Untracked 
|  75|0x000000070ba00000, 0x000000070ba00000, 0x000000070bc00000|  0%| F|  |TAMS 0x000000070ba00000, 0x000000070ba00000| Untracked 
|  76|0x000000070bc00000, 0x000000070bc00000, 0x000000070be00000|  0%| F|  |TAMS 0x000000070bc00000, 0x000000070bc00000| Untracked 
|  77|0x000000070be00000, 0x000000070be00000, 0x000000070c000000|  0%| F|  |TAMS 0x000000070be00000, 0x000000070be00000| Untracked 
|  78|0x000000070c000000, 0x000000070c000000, 0x000000070c200000|  0%| F|  |TAMS 0x000000070c000000, 0x000000070c000000| Untracked 
|  79|0x000000070c200000, 0x000000070c200000, 0x000000070c400000|  0%| F|  |TAMS 0x000000070c200000, 0x000000070c200000| Untracked 
|  80|0x000000070c400000, 0x000000070c400000, 0x000000070c600000|  0%| F|  |TAMS 0x000000070c400000, 0x000000070c400000| Untracked 
|  81|0x000000070c600000, 0x000000070c600000, 0x000000070c800000|  0%| F|  |TAMS 0x000000070c600000, 0x000000070c600000| Untracked 
|  82|0x000000070c800000, 0x000000070c800000, 0x000000070ca00000|  0%| F|  |TAMS 0x000000070c800000, 0x000000070c800000| Untracked 
|  83|0x000000070ca00000, 0x000000070cad32f0, 0x000000070cc00000| 41%| S|CS|TAMS 0x000000070ca00000, 0x000000070ca00000| Complete 
|  84|0x000000070cc00000, 0x000000070ce00000, 0x000000070ce00000|100%| S|CS|TAMS 0x000000070cc00000, 0x000000070cc00000| Complete 
|  85|0x000000070ce00000, 0x000000070d000000, 0x000000070d000000|100%| S|CS|TAMS 0x000000070ce00000, 0x000000070ce00000| Complete 
|  86|0x000000070d000000, 0x000000070d000000, 0x000000070d200000|  0%| F|  |TAMS 0x000000070d000000, 0x000000070d000000| Untracked 
|  87|0x000000070d200000, 0x000000070d200000, 0x000000070d400000|  0%| F|  |TAMS 0x000000070d200000, 0x000000070d200000| Untracked 
|  88|0x000000070d400000, 0x000000070d400000, 0x000000070d600000|  0%| F|  |TAMS 0x000000070d400000, 0x000000070d400000| Untracked 
|  89|0x000000070d600000, 0x000000070d600000, 0x000000070d800000|  0%| F|  |TAMS 0x000000070d600000, 0x000000070d600000| Untracked 
|  90|0x000000070d800000, 0x000000070d800000, 0x000000070da00000|  0%| F|  |TAMS 0x000000070d800000, 0x000000070d800000| Untracked 
|  91|0x000000070da00000, 0x000000070da00000, 0x000000070dc00000|  0%| F|  |TAMS 0x000000070da00000, 0x000000070da00000| Untracked 
|  92|0x000000070dc00000, 0x000000070dc00000, 0x000000070de00000|  0%| F|  |TAMS 0x000000070dc00000, 0x000000070dc00000| Untracked 
|  93|0x000000070de00000, 0x000000070de00000, 0x000000070e000000|  0%| F|  |TAMS 0x000000070de00000, 0x000000070de00000| Untracked 
|  94|0x000000070e000000, 0x000000070e000000, 0x000000070e200000|  0%| F|  |TAMS 0x000000070e000000, 0x000000070e000000| Untracked 
|  95|0x000000070e200000, 0x000000070e200000, 0x000000070e400000|  0%| F|  |TAMS 0x000000070e200000, 0x000000070e200000| Untracked 
|  96|0x000000070e400000, 0x000000070e400000, 0x000000070e600000|  0%| F|  |TAMS 0x000000070e400000, 0x000000070e400000| Untracked 
|  97|0x000000070e600000, 0x000000070e600000, 0x000000070e800000|  0%| F|  |TAMS 0x000000070e600000, 0x000000070e600000| Untracked 
|  98|0x000000070e800000, 0x000000070e800000, 0x000000070ea00000|  0%| F|  |TAMS 0x000000070e800000, 0x000000070e800000| Untracked 
|  99|0x000000070ea00000, 0x000000070ea00000, 0x000000070ec00000|  0%| F|  |TAMS 0x000000070ea00000, 0x000000070ea00000| Untracked 
| 100|0x000000070ec00000, 0x000000070ec00000, 0x000000070ee00000|  0%| F|  |TAMS 0x000000070ec00000, 0x000000070ec00000| Untracked 
| 101|0x000000070ee00000, 0x000000070ee00000, 0x000000070f000000|  0%| F|  |TAMS 0x000000070ee00000, 0x000000070ee00000| Untracked 
| 102|0x000000070f000000, 0x000000070f000000, 0x000000070f200000|  0%| F|  |TAMS 0x000000070f000000, 0x000000070f000000| Untracked 
| 103|0x000000070f200000, 0x000000070f200000, 0x000000070f400000|  0%| F|  |TAMS 0x000000070f200000, 0x000000070f200000| Untracked 
| 104|0x000000070f400000, 0x000000070f400000, 0x000000070f600000|  0%| F|  |TAMS 0x000000070f400000, 0x000000070f400000| Untracked 
| 105|0x000000070f600000, 0x000000070f600000, 0x000000070f800000|  0%| F|  |TAMS 0x000000070f600000, 0x000000070f600000| Untracked 
| 106|0x000000070f800000, 0x000000070f800000, 0x000000070fa00000|  0%| F|  |TAMS 0x000000070f800000, 0x000000070f800000| Untracked 
| 107|0x000000070fa00000, 0x000000070fa00000, 0x000000070fc00000|  0%| F|  |TAMS 0x000000070fa00000, 0x000000070fa00000| Untracked 
| 108|0x000000070fc00000, 0x000000070fc00000, 0x000000070fe00000|  0%| F|  |TAMS 0x000000070fc00000, 0x000000070fc00000| Untracked 
| 109|0x000000070fe00000, 0x000000070fe00000, 0x0000000710000000|  0%| F|  |TAMS 0x000000070fe00000, 0x000000070fe00000| Untracked 
| 110|0x0000000710000000, 0x0000000710000000, 0x0000000710200000|  0%| F|  |TAMS 0x0000000710000000, 0x0000000710000000| Untracked 
| 111|0x0000000710200000, 0x0000000710200000, 0x0000000710400000|  0%| F|  |TAMS 0x0000000710200000, 0x0000000710200000| Untracked 
| 112|0x0000000710400000, 0x0000000710400000, 0x0000000710600000|  0%| F|  |TAMS 0x0000000710400000, 0x0000000710400000| Untracked 
| 113|0x0000000710600000, 0x0000000710600000, 0x0000000710800000|  0%| F|  |TAMS 0x0000000710600000, 0x0000000710600000| Untracked 
| 114|0x0000000710800000, 0x0000000710800000, 0x0000000710a00000|  0%| F|  |TAMS 0x0000000710800000, 0x0000000710800000| Untracked 
| 115|0x0000000710a00000, 0x0000000710a00000, 0x0000000710c00000|  0%| F|  |TAMS 0x0000000710a00000, 0x0000000710a00000| Untracked 
| 116|0x0000000710c00000, 0x0000000710c00000, 0x0000000710e00000|  0%| F|  |TAMS 0x0000000710c00000, 0x0000000710c00000| Untracked 
| 117|0x0000000710e00000, 0x0000000710e00000, 0x0000000711000000|  0%| F|  |TAMS 0x0000000710e00000, 0x0000000710e00000| Untracked 
| 118|0x0000000711000000, 0x0000000711000000, 0x0000000711200000|  0%| F|  |TAMS 0x0000000711000000, 0x0000000711000000| Untracked 
| 119|0x0000000711200000, 0x0000000711200000, 0x0000000711400000|  0%| F|  |TAMS 0x0000000711200000, 0x0000000711200000| Untracked 
| 120|0x0000000711400000, 0x0000000711400000, 0x0000000711600000|  0%| F|  |TAMS 0x0000000711400000, 0x0000000711400000| Untracked 
| 121|0x0000000711600000, 0x0000000711600000, 0x0000000711800000|  0%| F|  |TAMS 0x0000000711600000, 0x0000000711600000| Untracked 
| 122|0x0000000711800000, 0x0000000711800000, 0x0000000711a00000|  0%| F|  |TAMS 0x0000000711800000, 0x0000000711800000| Untracked 
| 123|0x0000000711a00000, 0x0000000711a00000, 0x0000000711c00000|  0%| F|  |TAMS 0x0000000711a00000, 0x0000000711a00000| Untracked 
| 124|0x0000000711c00000, 0x0000000711c00000, 0x0000000711e00000|  0%| F|  |TAMS 0x0000000711c00000, 0x0000000711c00000| Untracked 
| 125|0x0000000711e00000, 0x0000000711e00000, 0x0000000712000000|  0%| F|  |TAMS 0x0000000711e00000, 0x0000000711e00000| Untracked 
| 126|0x0000000712000000, 0x0000000712000000, 0x0000000712200000|  0%| F|  |TAMS 0x0000000712000000, 0x0000000712000000| Untracked 
| 127|0x0000000712200000, 0x0000000712200000, 0x0000000712400000|  0%| F|  |TAMS 0x0000000712200000, 0x0000000712200000| Untracked 
| 128|0x0000000712400000, 0x0000000712400000, 0x0000000712600000|  0%| F|  |TAMS 0x0000000712400000, 0x0000000712400000| Untracked 
| 129|0x0000000712600000, 0x0000000712600000, 0x0000000712800000|  0%| F|  |TAMS 0x0000000712600000, 0x0000000712600000| Untracked 

Card table byte_map: [0x0000021e91520000,0x0000021e91d10000] _byte_map_base: 0x0000021e8dd0e000

Marking Bits (Prev, Next): (CMBitMap*) 0x0000021e85c6f600, (CMBitMap*) 0x0000021e85c6f640
 Prev Bits: [0x0000021e92500000, 0x0000021e96470000)
 Next Bits: [0x0000021e96470000, 0x0000021e9a3e0000)

Polling page: 0x0000021e83be0000

Metaspace:

Usage:
  Non-class:     91.90 MB used.
      Class:     15.25 MB used.
       Both:    107.16 MB used.

Virtual space:
  Non-class space:      128.00 MB reserved,      92.31 MB ( 72%) committed,  2 nodes.
      Class space:        1.00 GB reserved,      15.62 MB (  2%) committed,  1 nodes.
             Both:        1.12 GB reserved,     107.94 MB (  9%) committed. 

Chunk freelists:
   Non-Class:  3.66 MB
       Class:  334.00 KB
        Both:  3.99 MB

MaxMetaspaceSize: unlimited
CompressedClassSpaceSize: 1.00 GB
Initial GC threshold: 21.00 MB
Current GC threshold: 145.94 MB
CDS: on
MetaspaceReclaimPolicy: balanced
 - commit_granule_bytes: 65536.
 - commit_granule_words: 8192.
 - virtual_space_node_default_size: 8388608.
 - enlarge_chunks_in_place: 1.
 - new_chunks_are_fully_committed: 0.
 - uncommit_free_chunks: 1.
 - use_allocation_guard: 0.
 - handle_deallocations: 1.


Internal statistics:

num_allocs_failed_limit: 11.
num_arena_births: 1290.
num_arena_deaths: 22.
num_vsnodes_births: 3.
num_vsnodes_deaths: 0.
num_space_committed: 1725.
num_space_uncommitted: 0.
num_chunks_returned_to_freelist: 44.
num_chunks_taken_from_freelist: 5440.
num_chunk_merges: 13.
num_chunk_splits: 3924.
num_chunks_enlarged: 3032.
num_inconsistent_stats: 0.

CodeCache: size=49152Kb used=20138Kb max_used=22625Kb free=29014Kb
 bounds [0x0000021e8d4a0000, 0x0000021e8eac0000, 0x0000021e904a0000]
 total_blobs=13005 nmethods=12160 adapters=771
 compilation: enabled
              stopped_count=0, restarted_count=0
 full_count=0

Compilation events (20 events):
Event: 126.123 Thread 0x0000021e9d17cc40 12349       1       org.apache.kafka.clients.NetworkClient::ready (68 bytes)
Event: 126.124 Thread 0x0000021e9d17cc40 nmethod 12349 0x0000021e8d5f1d10 code [0x0000021e8d5f1f40, 0x0000021e8d5f25e8]
Event: 126.124 Thread 0x0000021e9d17cc40 12350       1       org.apache.kafka.clients.NetworkClient::isReady (31 bytes)
Event: 126.124 Thread 0x0000021e9d17cc40 nmethod 12350 0x0000021e8d5f1790 code [0x0000021e8d5f1940, 0x0000021e8d5f1b58]
Event: 126.124 Thread 0x0000021e9d17cc40 12351       1       org.apache.kafka.clients.NetworkClient$DefaultMetadataUpdater::isUpdateDue (26 bytes)
Event: 126.124 Thread 0x0000021e9d17cc40 nmethod 12351 0x0000021e8d5f1410 code [0x0000021e8d5f15a0, 0x0000021e8d5f16c8]
Event: 126.191 Thread 0x0000021e9d17cc40 12352       1       org.bson.BsonBinaryWriter::doWriteString (30 bytes)
Event: 126.191 Thread 0x0000021e9d17cc40 nmethod 12352 0x0000021e8d5f0e10 code [0x0000021e8d5f1000, 0x0000021e8d5f1238]
Event: 126.191 Thread 0x0000021e9d17cc40 12353       1       org.bson.io.OutputBuffer::writeString (26 bytes)
Event: 126.192 Thread 0x0000021e9d17cc40 nmethod 12353 0x0000021e8d5f0990 code [0x0000021e8d5f0b40, 0x0000021e8d5f0cb8]
Event: 126.192 Thread 0x0000021e9d17cc40 12354       1       org.bson.io.OutputBuffer::writeInt (6 bytes)
Event: 126.192 Thread 0x0000021e9d17cc40 nmethod 12354 0x0000021e8d5f0510 code [0x0000021e8d5f06e0, 0x0000021e8d5f0878]
Event: 126.651 Thread 0x0000021e9d17cc40 12355       1       org.apache.kafka.clients.ClusterConnectionStates::pollDelayMs (33 bytes)
Event: 126.651 Thread 0x0000021e9d17cc40 nmethod 12355 0x0000021e8d5eff10 code [0x0000021e8d5f00e0, 0x0000021e8d5f0368]
Event: 126.651 Thread 0x0000021e9d17cc40 12356       1       org.apache.kafka.clients.ClusterConnectionStates::throttleDelayMs (40 bytes)
Event: 126.651 Thread 0x0000021e9d17cc40 nmethod 12356 0x0000021e8d5efb10 code [0x0000021e8d5efcc0, 0x0000021e8d5efe48]
Event: 126.651 Thread 0x0000021e9d17cc40 12357       1       org.apache.kafka.clients.ClusterConnectionStates::isConnected (34 bytes)
Event: 126.651 Thread 0x0000021e9d17cc40 nmethod 12357 0x0000021e8d5ef690 code [0x0000021e8d5ef840, 0x0000021e8d5ef9e8]
Event: 126.651 Thread 0x0000021e9d17cc40 12358       1       org.apache.kafka.clients.ClusterConnectionStates::connectionDelay (76 bytes)
Event: 126.651 Thread 0x0000021e9d17cc40 nmethod 12358 0x0000021e8d5ef090 code [0x0000021e8d5ef260, 0x0000021e8d5ef518]

GC Heap History (20 events):
Event: 6.821 GC heap after
{Heap after GC invocations=27 (full 0):
 garbage-first heap   total 133120K, used 51460K [0x0000000702400000, 0x0000000800000000)
  region size 2048K, 1 young (2048K), 1 survivors (2048K)
 Metaspace       used 88413K, committed 89152K, reserved 1179648K
  class space    used 12941K, committed 13312K, reserved 1048576K
}
Event: 6.917 GC heap before
{Heap before GC invocations=27 (full 0):
 garbage-first heap   total 133120K, used 106756K [0x0000000702400000, 0x0000000800000000)
  region size 2048K, 28 young (57344K), 1 survivors (2048K)
 Metaspace       used 88880K, committed 89664K, reserved 1179648K
  class space    used 12994K, committed 13376K, reserved 1048576K
}
Event: 6.921 GC heap after
{Heap after GC invocations=28 (full 0):
 garbage-first heap   total 133120K, used 59508K [0x0000000702400000, 0x0000000800000000)
  region size 2048K, 4 young (8192K), 4 survivors (8192K)
 Metaspace       used 88880K, committed 89664K, reserved 1179648K
  class space    used 12994K, committed 13376K, reserved 1048576K
}
Event: 6.964 GC heap before
{Heap before GC invocations=28 (full 0):
 garbage-first heap   total 133120K, used 102516K [0x0000000702400000, 0x0000000800000000)
  region size 2048K, 25 young (51200K), 4 survivors (8192K)
 Metaspace       used 88881K, committed 89664K, reserved 1179648K
  class space    used 12994K, committed 13376K, reserved 1048576K
}
Event: 6.971 GC heap after
{Heap after GC invocations=29 (full 0):
 garbage-first heap   total 133120K, used 75113K [0x0000000702400000, 0x0000000800000000)
  region size 2048K, 4 young (8192K), 4 survivors (8192K)
 Metaspace       used 88881K, committed 89664K, reserved 1179648K
  class space    used 12994K, committed 13376K, reserved 1048576K
}
Event: 6.998 GC heap before
{Heap before GC invocations=29 (full 0):
 garbage-first heap   total 133120K, used 99689K [0x0000000702400000, 0x0000000800000000)
  region size 2048K, 16 young (32768K), 4 survivors (8192K)
 Metaspace       used 88881K, committed 89664K, reserved 1179648K
  class space    used 12994K, committed 13376K, reserved 1048576K
}
Event: 7.004 GC heap after
{Heap after GC invocations=30 (full 0):
 garbage-first heap   total 133120K, used 86661K [0x0000000702400000, 0x0000000800000000)
  region size 2048K, 2 young (4096K), 2 survivors (4096K)
 Metaspace       used 88881K, committed 89664K, reserved 1179648K
  class space    used 12994K, committed 13376K, reserved 1048576K
}
Event: 7.020 GC heap before
{Heap before GC invocations=30 (full 0):
 garbage-first heap   total 133120K, used 100997K [0x0000000702400000, 0x0000000800000000)
  region size 2048K, 9 young (18432K), 2 survivors (4096K)
 Metaspace       used 88881K, committed 89664K, reserved 1179648K
  class space    used 12994K, committed 13376K, reserved 1048576K
}
Event: 7.024 GC heap after
{Heap after GC invocations=31 (full 0):
 garbage-first heap   total 266240K, used 92951K [0x0000000702400000, 0x0000000800000000)
  region size 2048K, 2 young (4096K), 2 survivors (4096K)
 Metaspace       used 88881K, committed 89664K, reserved 1179648K
  class space    used 12994K, committed 13376K, reserved 1048576K
}
Event: 7.154 GC heap before
{Heap before GC invocations=32 (full 0):
 garbage-first heap   total 266240K, used 176919K [0x0000000702400000, 0x0000000800000000)
  region size 2048K, 42 young (86016K), 2 survivors (4096K)
 Metaspace       used 88844K, committed 89664K, reserved 1179648K
  class space    used 12989K, committed 13376K, reserved 1048576K
}
Event: 7.161 GC heap after
{Heap after GC invocations=33 (full 0):
 garbage-first heap   total 266240K, used 106518K [0x0000000702400000, 0x0000000800000000)
  region size 2048K, 6 young (12288K), 6 survivors (12288K)
 Metaspace       used 88844K, committed 89664K, reserved 1179648K
  class space    used 12989K, committed 13376K, reserved 1048576K
}
Event: 7.321 GC heap before
{Heap before GC invocations=33 (full 0):
 garbage-first heap   total 266240K, used 176150K [0x0000000702400000, 0x0000000800000000)
  region size 2048K, 40 young (81920K), 6 survivors (12288K)
 Metaspace       used 89426K, committed 90176K, reserved 1179648K
  class space    used 13058K, committed 13440K, reserved 1048576K
}
Event: 7.326 GC heap after
{Heap after GC invocations=34 (full 0):
 garbage-first heap   total 266240K, used 112474K [0x0000000702400000, 0x0000000800000000)
  region size 2048K, 3 young (6144K), 3 survivors (6144K)
 Metaspace       used 89426K, committed 90176K, reserved 1179648K
  class space    used 13058K, committed 13440K, reserved 1048576K
}
Event: 7.608 GC heap before
{Heap before GC invocations=34 (full 0):
 garbage-first heap   total 266240K, used 184154K [0x0000000702400000, 0x0000000800000000)
  region size 2048K, 38 young (77824K), 3 survivors (6144K)
 Metaspace       used 93876K, committed 94656K, reserved 1179648K
  class space    used 13655K, committed 14016K, reserved 1048576K
}
Event: 7.611 GC heap after
{Heap after GC invocations=35 (full 0):
 garbage-first heap   total 266240K, used 114431K [0x0000000702400000, 0x0000000800000000)
  region size 2048K, 4 young (8192K), 4 survivors (8192K)
 Metaspace       used 93876K, committed 94656K, reserved 1179648K
  class space    used 13655K, committed 14016K, reserved 1048576K
}
Event: 7.962 GC heap before
{Heap before GC invocations=35 (full 0):
 garbage-first heap   total 266240K, used 194303K [0x0000000702400000, 0x0000000800000000)
  region size 2048K, 43 young (88064K), 4 survivors (8192K)
 Metaspace       used 97653K, committed 98432K, reserved 1179648K
  class space    used 14213K, committed 14592K, reserved 1048576K
}
Event: 7.966 GC heap after
{Heap after GC invocations=36 (full 0):
 garbage-first heap   total 266240K, used 118796K [0x0000000702400000, 0x0000000800000000)
  region size 2048K, 4 young (8192K), 4 survivors (8192K)
 Metaspace       used 97653K, committed 98432K, reserved 1179648K
  class space    used 14213K, committed 14592K, reserved 1048576K
}
Event: 8.442 GC heap before
{Heap before GC invocations=36 (full 0):
 garbage-first heap   total 266240K, used 200716K [0x0000000702400000, 0x0000000800000000)
  region size 2048K, 44 young (90112K), 4 survivors (8192K)
 Metaspace       used 105936K, committed 106752K, reserved 1179648K
  class space    used 15110K, committed 15488K, reserved 1048576K
}
Event: 8.447 GC heap after
{Heap after GC invocations=37 (full 0):
 garbage-first heap   total 266240K, used 122296K [0x0000000702400000, 0x0000000800000000)
  region size 2048K, 4 young (8192K), 4 survivors (8192K)
 Metaspace       used 105936K, committed 106752K, reserved 1179648K
  class space    used 15110K, committed 15488K, reserved 1048576K
}
Event: 127.490 GC heap before
{Heap before GC invocations=37 (full 0):
 garbage-first heap   total 266240K, used 206264K [0x0000000702400000, 0x0000000800000000)
  region size 2048K, 45 young (92160K), 4 survivors (8192K)
 Metaspace       used 109729K, committed 110528K, reserved 1179648K
  class space    used 15620K, committed 16000K, reserved 1048576K
}

Deoptimization events (18 events):
Event: 1.895 Thread 0x0000021ee37cca00 DEOPT PACKING pc=0x0000021e8dea79ec sp=0x000000975f8fa7e0
Event: 1.895 Thread 0x0000021ee37cca00 DEOPT UNPACKING pc=0x0000021e8d4f2b43 sp=0x000000975f8f9c98 mode 0
Event: 2.089 Thread 0x0000021ee37cca00 DEOPT PACKING pc=0x0000021e8e08bb8c sp=0x000000975f8fbf30
Event: 2.089 Thread 0x0000021ee37cca00 DEOPT UNPACKING pc=0x0000021e8d4f2b43 sp=0x000000975f8fb4d8 mode 0
Event: 2.090 Thread 0x0000021ee37cca00 DEOPT PACKING pc=0x0000021e8e0969e4 sp=0x000000975f8fc3d0
Event: 2.090 Thread 0x0000021ee37cca00 DEOPT UNPACKING pc=0x0000021e8d4f2b43 sp=0x000000975f8fb8d0 mode 0
Event: 2.248 Thread 0x0000021ee37cca00 DEOPT PACKING pc=0x0000021e8da8bf89 sp=0x000000975f8fe160
Event: 2.248 Thread 0x0000021ee37cca00 DEOPT UNPACKING pc=0x0000021e8d4f2b43 sp=0x000000975f8fd5f0 mode 3
Event: 2.248 Thread 0x0000021ee4810950 DEOPT PACKING pc=0x0000021e8da15d1f sp=0x0000009760aff190
Event: 2.248 Thread 0x0000021ee4810950 DEOPT UNPACKING pc=0x0000021e8d4f2b43 sp=0x0000009760afe5e8 mode 3
Event: 5.645 Thread 0x0000021ee37cca00 DEOPT PACKING pc=0x0000021e8e101794 sp=0x000000975f8fb990
Event: 5.645 Thread 0x0000021ee37cca00 DEOPT UNPACKING pc=0x0000021e8d4f2b43 sp=0x000000975f8faea0 mode 0
Event: 6.117 Thread 0x0000021ee404ac60 DEOPT PACKING pc=0x0000021e8e4059dc sp=0x00000097607fec70
Event: 6.117 Thread 0x0000021ee404ac60 DEOPT UNPACKING pc=0x0000021e8d4f2b43 sp=0x00000097607fe198 mode 0
Event: 7.722 Thread 0x0000021ee37cca00 DEOPT PACKING pc=0x0000021e8e933694 sp=0x000000975f8fbdc0
Event: 7.722 Thread 0x0000021ee37cca00 DEOPT UNPACKING pc=0x0000021e8d4f2b43 sp=0x000000975f8fb440 mode 0
Event: 7.751 Thread 0x0000021ee37cca00 DEOPT PACKING pc=0x0000021e8e933694 sp=0x000000975f8fd5e0
Event: 7.751 Thread 0x0000021ee37cca00 DEOPT UNPACKING pc=0x0000021e8d4f2b43 sp=0x000000975f8fcc60 mode 0

Classes unloaded (11 events):
Event: 7.027 Thread 0x0000021e9d154c80 Unloading class 0x0000021e9fd01000 'jdk/internal/reflect/GeneratedSerializationConstructorAccessor37'
Event: 7.027 Thread 0x0000021e9d154c80 Unloading class 0x0000021e9fd00800 'jdk/internal/reflect/GeneratedSerializationConstructorAccessor36'
Event: 7.027 Thread 0x0000021e9d154c80 Unloading class 0x0000021e9fcfc000 'jdk/internal/reflect/GeneratedSerializationConstructorAccessor35'
Event: 7.027 Thread 0x0000021e9d154c80 Unloading class 0x0000021e9fcf2000 'jdk/internal/reflect/GeneratedSerializationConstructorAccessor34'
Event: 7.027 Thread 0x0000021e9d154c80 Unloading class 0x0000021e9fcf1400 'jdk/internal/reflect/GeneratedSerializationConstructorAccessor33'
Event: 7.027 Thread 0x0000021e9d154c80 Unloading class 0x0000021e9fcf1000 'jdk/internal/reflect/GeneratedSerializationConstructorAccessor32'
Event: 7.027 Thread 0x0000021e9d154c80 Unloading class 0x0000021e9fc41400 'jdk/internal/reflect/GeneratedSerializationConstructorAccessor23'
Event: 7.027 Thread 0x0000021e9d154c80 Unloading class 0x0000021e9fc40c00 'jdk/internal/reflect/GeneratedSerializationConstructorAccessor22'
Event: 7.027 Thread 0x0000021e9d154c80 Unloading class 0x0000021e9fc40000 'jdk/internal/reflect/GeneratedSerializationConstructorAccessor21'
Event: 7.027 Thread 0x0000021e9d154c80 Unloading class 0x0000021e9fc28800 'jdk/internal/reflect/GeneratedSerializationConstructorAccessor20'
Event: 7.027 Thread 0x0000021e9d154c80 Unloading class 0x0000021e9fa98800 'jdk/internal/reflect/GeneratedSerializationConstructorAccessor18'

Classes redefined (0 events):
No events

Internal exceptions (20 events):
Event: 6.787 Thread 0x0000021ee37cca00 Exception <a 'java/lang/IllegalArgumentException'{0x0000000707ae2478}: Wrong type at constant pool index> (0x0000000707ae2478) 
thrown [s\open\src\hotspot\share\prims\jvm.cpp, line 2095]
Event: 6.795 Thread 0x0000021ee37cca00 Exception <a 'java/lang/IllegalArgumentException'{0x0000000707847448}: Wrong type at constant pool index> (0x0000000707847448) 
thrown [s\open\src\hotspot\share\prims\jvm.cpp, line 2095]
Event: 6.795 Thread 0x0000021ee37cca00 Exception <a 'java/lang/IllegalArgumentException'{0x00000007078484f0}: Wrong type at constant pool index> (0x00000007078484f0) 
thrown [s\open\src\hotspot\share\prims\jvm.cpp, line 2095]
Event: 6.795 Thread 0x0000021ee37cca00 Exception <a 'java/lang/IllegalArgumentException'{0x000000070784ed28}: Wrong type at constant pool index> (0x000000070784ed28) 
thrown [s\open\src\hotspot\share\prims\jvm.cpp, line 2095]
Event: 6.795 Thread 0x0000021ee37cca00 Exception <a 'java/lang/IllegalArgumentException'{0x000000070784fdd0}: Wrong type at constant pool index> (0x000000070784fdd0) 
thrown [s\open\src\hotspot\share\prims\jvm.cpp, line 2095]
Event: 6.839 Thread 0x0000021ee37cca00 Exception <a 'java/lang/NoSuchMethodError'{0x000000070f6d2330}: 'java.lang.Object java.lang.invoke.Invokers$Holder.invoke_MT(java.lang.Object, java.lang.Object, java.lang.Object, java.lang.Object, java.lang.Object, java.lang.Object, java.lang.Object, java.lang.Object, java.lang.Object)'> (0x000000070f6d2330) 
thrown [s\open\src\hotspot\share\interpreter\linkResolver.cpp, line 759]
Event: 7.430 Thread 0x0000021ee37cca00 Exception <a 'java/lang/NoSuchMethodError'{0x0000000710be3d08}: 'java.lang.Object java.lang.invoke.DirectMethodHandle$Holder.invokeStaticInit(java.lang.Object, long)'> (0x0000000710be3d08) 
thrown [s\open\src\hotspot\share\interpreter\linkResolver.cpp, line 759]
Event: 7.930 Thread 0x0000021ee37cca00 Exception <a 'java/lang/IncompatibleClassChangeError'{0x000000070de30d98}: Found class java.lang.Object, but interface was expected> (0x000000070de30d98) 
thrown [s\open\src\hotspot\share\interpreter\linkResolver.cpp, line 826]
Event: 8.015 Thread 0x0000021ee37cca00 Exception <a 'java/lang/IncompatibleClassChangeError'{0x0000000711da1ee8}: Found class java.lang.Object, but interface was expected> (0x0000000711da1ee8) 
thrown [s\open\src\hotspot\share\interpreter\linkResolver.cpp, line 826]
Event: 8.026 Thread 0x0000021ee37cca00 Exception <a 'sun/nio/fs/WindowsException'{0x00000007118392e8}> (0x00000007118392e8) 
thrown [s\open\src\hotspot\share\prims\jni.cpp, line 516]
Event: 8.065 Thread 0x0000021ee37cca00 Exception <a 'java/lang/NoSuchMethodError'{0x0000000710fd76f8}: 'java.lang.Object java.lang.invoke.DirectMethodHandle$Holder.invokeSpecial(java.lang.Object, java.lang.Object, java.lang.Object, java.lang.Object, java.lang.Object, java.lang.Object, java.lang.Object, java.lang.Object, java.lang.Object, java.lang.Object, java.lang.Object)'> (0x0000000710fd76f8) 
thrown [s\open\src\hotspot\share\interpreter\linkResolver.cpp, line 759]
Event: 8.065 Thread 0x0000021ee37cca00 Exception <a 'java/lang/NoSuchMethodError'{0x0000000710fdbb28}: 'java.lang.Object java.lang.invoke.Invokers$Holder.invoke_MT(java.lang.Object, java.lang.Object, java.lang.Object, java.lang.Object, java.lang.Object, java.lang.Object, java.lang.Object, java.lang.Object, java.lang.Object, java.lang.Object, java.lang.Object)'> (0x0000000710fdbb28) 
thrown [s\open\src\hotspot\share\interpreter\linkResolver.cpp, line 759]
Event: 8.100 Thread 0x0000021ee37cca00 Exception <a 'java/lang/NoSuchMethodError'{0x00000007107f3c50}: 'void java.lang.invoke.DirectMethodHandle$Holder.invokeVirtual(java.lang.Object, java.lang.Object, long)'> (0x00000007107f3c50) 
thrown [s\open\src\hotspot\share\interpreter\linkResolver.cpp, line 759]
Event: 8.100 Thread 0x0000021ee37cca00 Exception <a 'java/lang/NoSuchMethodError'{0x0000000710406af8}: 'void java.lang.invoke.DirectMethodHandle$Holder.invokeVirtual(java.lang.Object, java.lang.Object, float)'> (0x0000000710406af8) 
thrown [s\open\src\hotspot\share\interpreter\linkResolver.cpp, line 759]
Event: 8.221 Thread 0x0000021ee37cca00 Exception <a 'java/lang/NoSuchMethodError'{0x000000070f542b70}: 'java.lang.Object java.lang.invoke.DirectMethodHandle$Holder.newInvokeSpecial(java.lang.Object, java.lang.Object, int, java.lang.Object, java.lang.Object)'> (0x000000070f542b70) 
thrown [s\open\src\hotspot\share\interpreter\linkResolver.cpp, line 759]
Event: 8.344 Thread 0x0000021ee37cca00 Exception <a 'java/lang/NoSuchMethodError'{0x000000070e47f900}: 'void java.lang.invoke.DirectMethodHandle$Holder.invokeStaticInit(java.lang.Object)'> (0x000000070e47f900) 
thrown [s\open\src\hotspot\share\interpreter\linkResolver.cpp, line 759]
Event: 15.231 Thread 0x0000021ee5d15030 Exception <a 'java/lang/NoSuchMethodError'{0x00000007112fa570}: 'java.lang.Object java.lang.invoke.DirectMethodHandle$Holder.invokeVirtual(java.lang.Object, java.lang.Object, int)'> (0x00000007112fa570) 
thrown [s\open\src\hotspot\share\interpreter\linkResolver.cpp, line 759]
Event: 15.778 Thread 0x0000021ee5d15030 Exception <a 'java/lang/NoSuchMethodError'{0x000000071100e260}: 'java.lang.Object java.lang.invoke.DirectMethodHandle$Holder.newInvokeSpecial(java.lang.Object, int, java.lang.Object, java.lang.Object)'> (0x000000071100e260) 
thrown [s\open\src\hotspot\share\interpreter\linkResolver.cpp, line 759]
Event: 68.224 Thread 0x0000021ee5d17dc0 Exception <a 'java/lang/NoSuchMethodError'{0x000000070f512cb0}: 'java.lang.Object java.lang.invoke.DirectMethodHandle$Holder.invokeSpecial(java.lang.Object, java.lang.Object, long, int, int, int, int, int, int, int, int, int)'> (0x000000070f512cb0) 
thrown [s\open\src\hotspot\share\interpreter\linkResolver.cpp, line 759]
Event: 68.224 Thread 0x0000021ee5d17dc0 Exception <a 'java/lang/NoSuchMethodError'{0x000000070f516948}: 'java.lang.Object java.lang.invoke.DelegatingMethodHandle$Holder.reinvoke_L(java.lang.Object, long, int, int, int, int, int, int, int, int, int)'> (0x000000070f516948) 
thrown [s\open\src\hotspot\share\interpreter\linkResolver.cpp, line 759]

VM Operations (20 events):
Event: 66.136 Executing VM operation: Cleanup done
Event: 72.183 Executing VM operation: Cleanup
Event: 72.183 Executing VM operation: Cleanup done
Event: 73.198 Executing VM operation: Cleanup
Event: 73.198 Executing VM operation: Cleanup done
Event: 75.198 Executing VM operation: Cleanup
Event: 75.199 Executing VM operation: Cleanup done
Event: 78.201 Executing VM operation: Cleanup
Event: 78.201 Executing VM operation: Cleanup done
Event: 96.338 Executing VM operation: Cleanup
Event: 96.338 Executing VM operation: Cleanup done
Event: 103.398 Executing VM operation: Cleanup
Event: 103.398 Executing VM operation: Cleanup done
Event: 109.446 Executing VM operation: Cleanup
Event: 109.446 Executing VM operation: Cleanup done
Event: 120.147 Executing VM operation: HandshakeAllThreads
Event: 120.147 Executing VM operation: HandshakeAllThreads done
Event: 123.178 Executing VM operation: Cleanup
Event: 123.178 Executing VM operation: Cleanup done
Event: 127.490 Executing VM operation: G1CollectForAllocation

Events (20 events):
Event: 49.215 Thread 0x0000021ee3c2ca30 Thread exited: 0x0000021ee3c2ca30
Event: 55.181 Thread 0x0000021ee3c2ca30 Thread added: 0x0000021ee3c2ca30
Event: 55.181 Thread 0x0000021ee3c2df60 Thread added: 0x0000021ee3c2df60
Event: 55.181 Thread 0x0000021ee59649a0 Thread added: 0x0000021ee59649a0
Event: 55.971 Thread 0x0000021ee59649a0 Thread exited: 0x0000021ee59649a0
Event: 61.251 Thread 0x0000021ee3c2ca30 Thread exited: 0x0000021ee3c2ca30
Event: 61.251 Thread 0x0000021ee3c2df60 Thread exited: 0x0000021ee3c2df60
Event: 65.184 Thread 0x0000021ee3c2ca30 Thread added: 0x0000021ee3c2ca30
Event: 65.184 Thread 0x0000021ee3c2df60 Thread added: 0x0000021ee3c2df60
Event: 65.809 Thread 0x0000021ee3c2df60 Thread exited: 0x0000021ee3c2df60
Event: 65.809 Thread 0x0000021ee3c2ca30 Thread exited: 0x0000021ee3c2ca30
Event: 68.225 Thread 0x0000021eeb146fa0 Thread added: 0x0000021eeb146fa0
Event: 72.972 Thread 0x0000021ee3c2df60 Thread added: 0x0000021ee3c2df60
Event: 72.972 Thread 0x0000021ee32ccbf0 Thread added: 0x0000021ee32ccbf0
Event: 74.521 Thread 0x0000021ee32ccbf0 Thread exited: 0x0000021ee32ccbf0
Event: 77.109 Thread 0x0000021ee3c2df60 Thread exited: 0x0000021ee3c2df60
Event: 80.708 Thread 0x0000021ee3c2df60 Thread added: 0x0000021ee3c2df60
Event: 81.220 Thread 0x0000021ee3c2df60 Thread exited: 0x0000021ee3c2df60
Event: 91.085 Thread 0x0000021ee404ac60 Thread exited: 0x0000021ee404ac60
Event: 91.085 Thread 0x0000021eeb146a90 Thread exited: 0x0000021eeb146a90


Dynamic libraries:
0x00007ff673110000 - 0x00007ff673120000 	C:\Program Files\Java\jdk-17\bin\java.exe
0x00007ffe4cf10000 - 0x00007ffe4d127000 	C:\WINDOWS\SYSTEM32\ntdll.dll
0x00007ffe4ac30000 - 0x00007ffe4acf4000 	C:\WINDOWS\System32\KERNEL32.DLL
0x00007ffe4a2a0000 - 0x00007ffe4a65a000 	C:\WINDOWS\System32\KERNELBASE.dll
0x00007ffe4a660000 - 0x00007ffe4a771000 	C:\WINDOWS\System32\ucrtbase.dll
0x00007ffe3b440000 - 0x00007ffe3b45b000 	C:\Program Files\Java\jdk-17\bin\VCRUNTIME140.dll
0x00007ffe3b4a0000 - 0x00007ffe3b4b9000 	C:\Program Files\Java\jdk-17\bin\jli.dll
0x00007ffe4b3a0000 - 0x00007ffe4b452000 	C:\WINDOWS\System32\ADVAPI32.dll
0x00007ffe4c4f0000 - 0x00007ffe4c597000 	C:\WINDOWS\System32\msvcrt.dll
0x00007ffe4ad50000 - 0x00007ffe4adf7000 	C:\WINDOWS\System32\sechost.dll
0x00007ffe4a780000 - 0x00007ffe4a7a8000 	C:\WINDOWS\System32\bcrypt.dll
0x00007ffe4ae00000 - 0x00007ffe4af14000 	C:\WINDOWS\System32\RPCRT4.dll
0x00007ffe4cd20000 - 0x00007ffe4cece000 	C:\WINDOWS\System32\USER32.dll
0x00007ffe4a830000 - 0x00007ffe4a856000 	C:\WINDOWS\System32\win32u.dll
0x00007ffe4c2b0000 - 0x00007ffe4c2d9000 	C:\WINDOWS\System32\GDI32.dll
0x00007ffe49450000 - 0x00007ffe496e2000 	C:\WINDOWS\WinSxS\amd64_microsoft.windows.common-controls_6595b64144ccf1df_6.0.22621.4541_none_2710d1c57384c085\COMCTL32.dll
0x00007ffe4aaf0000 - 0x00007ffe4ac0b000 	C:\WINDOWS\System32\gdi32full.dll
0x00007ffe4a860000 - 0x00007ffe4a8fa000 	C:\WINDOWS\System32\msvcp_win.dll
0x00007ffe42800000 - 0x00007ffe4280a000 	C:\WINDOWS\SYSTEM32\VERSION.dll
0x00007ffe4bea0000 - 0x00007ffe4bed1000 	C:\WINDOWS\System32\IMM32.DLL
0x00007ffe3c130000 - 0x00007ffe3c13c000 	C:\Program Files\Java\jdk-17\bin\vcruntime140_1.dll
0x00007ffe37e00000 - 0x00007ffe37e8e000 	C:\Program Files\Java\jdk-17\bin\msvcp140.dll
0x00007ffde69e0000 - 0x00007ffde75c0000 	C:\Program Files\Java\jdk-17\bin\server\jvm.dll
0x00007ffe4c7e0000 - 0x00007ffe4c7e8000 	C:\WINDOWS\System32\PSAPI.DLL
0x00007ffe2a6f0000 - 0x00007ffe2a6f9000 	C:\WINDOWS\SYSTEM32\WSOCK32.dll
0x00007ffe3ec20000 - 0x00007ffe3ec54000 	C:\WINDOWS\SYSTEM32\WINMM.dll
0x00007ffe4c1b0000 - 0x00007ffe4c221000 	C:\WINDOWS\System32\WS2_32.dll
0x00007ffe48920000 - 0x00007ffe48938000 	C:\WINDOWS\SYSTEM32\kernel.appcore.dll
0x00007ffe3bc80000 - 0x00007ffe3bc8a000 	C:\Program Files\Java\jdk-17\bin\jimage.dll
0x00007ffe49b40000 - 0x00007ffe49d72000 	C:\WINDOWS\SYSTEM32\DBGHELP.DLL
0x00007ffe4c7f0000 - 0x00007ffe4cb7f000 	C:\WINDOWS\System32\combase.dll
0x00007ffe4cb90000 - 0x00007ffe4cc67000 	C:\WINDOWS\System32\OLEAUT32.dll
0x00007ffe499e0000 - 0x00007ffe49a12000 	C:\WINDOWS\SYSTEM32\dbgcore.DLL
0x00007ffe4a900000 - 0x00007ffe4a97b000 	C:\WINDOWS\System32\bcryptPrimitives.dll
0x00007ffe3b4d0000 - 0x00007ffe3b4de000 	C:\Program Files\Java\jdk-17\bin\instrument.dll
0x00007ffe39250000 - 0x00007ffe39275000 	C:\Program Files\Java\jdk-17\bin\java.dll
0x00007ffe2aa30000 - 0x00007ffe2ab07000 	C:\Program Files\Java\jdk-17\bin\jsvml.dll
0x00007ffe4b620000 - 0x00007ffe4be98000 	C:\WINDOWS\System32\SHELL32.dll
0x00007ffe47680000 - 0x00007ffe47f88000 	C:\WINDOWS\SYSTEM32\windows.storage.dll
0x00007ffe47540000 - 0x00007ffe4767f000 	C:\WINDOWS\SYSTEM32\wintypes.dll
0x00007ffe4c3f0000 - 0x00007ffe4c4ea000 	C:\WINDOWS\System32\SHCORE.dll
0x00007ffe4bee0000 - 0x00007ffe4bf3e000 	C:\WINDOWS\System32\shlwapi.dll
0x00007ffe4a110000 - 0x00007ffe4a13b000 	C:\WINDOWS\SYSTEM32\profapi.dll
0x00007ffe3b320000 - 0x00007ffe3b338000 	C:\Program Files\Java\jdk-17\bin\zip.dll
0x00007ffe39110000 - 0x00007ffe39129000 	C:\Program Files\Java\jdk-17\bin\net.dll
0x00007ffe43660000 - 0x00007ffe43796000 	C:\WINDOWS\SYSTEM32\WINHTTP.dll
0x00007ffe48db0000 - 0x00007ffe48e19000 	C:\WINDOWS\system32\mswsock.dll
0x00007ffe390f0000 - 0x00007ffe39106000 	C:\Program Files\Java\jdk-17\bin\nio.dll
0x00007ffe37de0000 - 0x00007ffe37dfa000 	C:\Program Files\JetBrains\IntelliJ IDEA 2024.2.1\bin\breakgen64.dll
0x00007ffe48490000 - 0x00007ffe48592000 	C:\WINDOWS\SYSTEM32\DNSAPI.dll
0x00007ffe48420000 - 0x00007ffe4844d000 	C:\WINDOWS\SYSTEM32\IPHLPAPI.DLL
0x00007ffe4c3e0000 - 0x00007ffe4c3e9000 	C:\WINDOWS\System32\NSI.dll
0x00007ffe3c400000 - 0x00007ffe3c40a000 	C:\Windows\System32\rasadhlp.dll
0x00007ffe42740000 - 0x00007ffe427c3000 	C:\WINDOWS\System32\fwpuclnt.dll
0x00007ffe3b430000 - 0x00007ffe3b43a000 	C:\Program Files\Java\jdk-17\bin\management.dll
0x00007ffe390e0000 - 0x00007ffe390eb000 	C:\Program Files\Java\jdk-17\bin\management_ext.dll
0x00007ffe49e80000 - 0x00007ffe49e9b000 	C:\WINDOWS\SYSTEM32\CRYPTSP.dll
0x00007ffe49080000 - 0x00007ffe490b5000 	C:\WINDOWS\system32\rsaenh.dll
0x00007ffe48e20000 - 0x00007ffe48e48000 	C:\WINDOWS\SYSTEM32\USERENV.dll
0x00007ffe49120000 - 0x00007ffe4912c000 	C:\WINDOWS\SYSTEM32\CRYPTBASE.dll
0x00007ffe43890000 - 0x00007ffe438a9000 	C:\WINDOWS\SYSTEM32\dhcpcsvc6.DLL
0x00007ffe43640000 - 0x00007ffe4365f000 	C:\WINDOWS\SYSTEM32\dhcpcsvc.DLL
0x00007ffe2b420000 - 0x00007ffe2b437000 	C:\WINDOWS\system32\napinsp.dll
0x00007ffe2b400000 - 0x00007ffe2b41b000 	C:\WINDOWS\system32\pnrpnsp.dll
0x00007ffe2b0e0000 - 0x00007ffe2b0f1000 	C:\WINDOWS\System32\winrnr.dll
0x00007ffe2b0c0000 - 0x00007ffe2b0d5000 	C:\WINDOWS\system32\wshbth.dll
0x00007ffe2b090000 - 0x00007ffe2b0b7000 	C:\WINDOWS\system32\nlansp_c.dll
0x00007ffe38fa0000 - 0x00007ffe38fae000 	C:\Program Files\Java\jdk-17\bin\sunmscapi.dll
0x00007ffe4a980000 - 0x00007ffe4aae6000 	C:\WINDOWS\System32\CRYPT32.dll
0x00007ffe49420000 - 0x00007ffe4944d000 	C:\WINDOWS\SYSTEM32\ncrypt.dll
0x00007ffe493e0000 - 0x00007ffe49417000 	C:\WINDOWS\SYSTEM32\NTASN1.dll
0x00007ffe3b490000 - 0x00007ffe3b4a0000 	C:\Program Files\Java\jdk-17\bin\verify.dll
0x00007ffdf3790000 - 0x00007ffdf3798000 	C:\WINDOWS\system32\wshunix.dll

dbghelp: loaded successfully - version: 4.0.5 - missing functions: none
symbol engine: initialized successfully - sym options: 0x614 - pdb path: .;C:\Program Files\Java\jdk-17\bin;C:\WINDOWS\SYSTEM32;C:\WINDOWS\WinSxS\amd64_microsoft.windows.common-controls_6595b64144ccf1df_6.0.22621.4541_none_2710d1c57384c085;C:\Program Files\Java\jdk-17\bin\server;C:\Program Files\JetBrains\IntelliJ IDEA 2024.2.1\bin

VM Arguments:
jvm_args: -XX:TieredStopAtLevel=1 -Dspring.output.ansi.enabled=always -Dcom.sun.management.jmxremote -Dspring.jmx.enabled=true -Dspring.liveBeansView.mbeanDomain -Dspring.application.admin.enabled=true -Dmanagement.endpoints.jmx.exposure.include=* -javaagent:C:\Program Files\JetBrains\IntelliJ IDEA 2024.2.1\lib\idea_rt.jar=51621:C:\Program Files\JetBrains\IntelliJ IDEA 2024.2.1\bin -Dfile.encoding=UTF-8 
java_command: BackAnt.BackAntApplication
java_class_path (initial): C:\Users\lotte4\Desktop\project\lotte-2nd-project-back-team3\build\classes\java\main;C:\Users\lotte4\Desktop\project\lotte-2nd-project-back-team3\build\resources\main;C:\Users\lotte4\.gradle\caches\modules-2\files-2.1\org.springframework.boot\spring-boot-configuration-processor\3.4.0\fc571725ca8b92a09a48ccce8ab1547464b0bd8b\spring-boot-configuration-processor-3.4.0.jar;C:\Users\lotte4\.gradle\caches\modules-2\files-2.1\org.projectlombok\lombok\1.18.36\5a30490a6e14977d97d9c73c924c1f1b5311ea95\lombok-1.18.36.jar;C:\Users\lotte4\.gradle\caches\modules-2\files-2.1\org.springframework.boot\spring-boot-starter-data-jpa\3.4.0\c6e24cab029e2b2ef36c4a5a5b1a82dbaa9d18c0\spring-boot-starter-data-jpa-3.4.0.jar;C:\Users\lotte4\.gradle\caches\modules-2\files-2.1\org.springframework.boot\spring-boot-starter-security\3.4.0\b4027ba9875f9d78ffec7010da88c1e5b964d6ed\spring-boot-starter-security-3.4.0.jar;C:\Users\lotte4\.gradle\caches\modules-2\files-2.1\org.springframework.boot\spring-boot-starter-websocket\3.4.0\212614049d7748372e4aace3089228591b1c2dba\spring-boot-starter-websocket-3.4.0.jar;C:\Users\lotte4\.gradle\caches\modules-2\files-2.1\org.springframework.boot\spring-boot-starter-web\3.4.0\5447a62dc3dee3eadf2def23314e0db4c81bb3\spring-boot-starter-web-3.4.0.jar;C:\Users\lotte4\.gradle\caches\modules-2\files-2.1\org.springframework.boot\spring-boot-starter-thymeleaf\3.4.0\1ec7fdf829d485800146ec333d6e30af9fbc4830\spring-boot-starter-thymeleaf-3.4.0.jar;C:\Users\lotte4\.gradle\caches\modules-2\files-2.1\org.thymeleaf.extras\thymeleaf-extras-springsecurity6\3.1.2.RELEASE\574c188eb147191e2f162419e9fc780fcf3256d7\thymeleaf-extras-springsecurity6-3.1.2.RELEASE.jar;C:\Users\lotte4\.gradle\caches\modules-2\files-2.1\org.springframework.boot\spring-boot-starter-data-redis\3.4.0\5da88cdbb297c6603b93881184b23891bd6f0a37\spring-boot-starter-data-redis-3.4.0.jar;C:\Users\lotte4\.gradle\caches\modules-2\files-2.1\io.jsonwebtoken\jjwt-api\0.12.6\478886a888f6add0493
Launcher Type: SUN_STANDARD

[Global flags]
     intx CICompilerCount                          = 12                                        {product} {ergonomic}
     uint ConcGCThreads                            = 4                                         {product} {ergonomic}
     uint G1ConcRefinementThreads                  = 15                                        {product} {ergonomic}
   size_t G1HeapRegionSize                         = 2097152                                   {product} {ergonomic}
    uintx GCDrainStackTargetSize                   = 64                                        {product} {ergonomic}
   size_t InitialHeapSize                          = 266338304                                 {product} {ergonomic}
     bool ManagementServer                         = true                                      {product} {command line}
   size_t MarkStackSize                            = 4194304                                   {product} {ergonomic}
   size_t MaxHeapSize                              = 4257218560                                {product} {ergonomic}
   size_t MaxNewSize                               = 2554331136                                {product} {ergonomic}
   size_t MinHeapDeltaBytes                        = 2097152                                   {product} {ergonomic}
   size_t MinHeapSize                              = 8388608                                   {product} {ergonomic}
    uintx NonProfiledCodeHeapSize                  = 0                                      {pd product} {ergonomic}
     bool ProfileInterpreter                       = false                                  {pd product} {command line}
    uintx ProfiledCodeHeapSize                     = 0                                      {pd product} {ergonomic}
   size_t SoftMaxHeapSize                          = 4257218560                             {manageable} {ergonomic}
     intx TieredStopAtLevel                        = 1                                         {product} {command line}
     bool UseCompressedClassPointers               = true                           {product lp64_product} {ergonomic}
     bool UseCompressedOops                        = true                           {product lp64_product} {ergonomic}
     bool UseG1GC                                  = true                                      {product} {ergonomic}
     bool UseLargePagesIndividualAllocation        = false                                  {pd product} {ergonomic}

Logging:
Log output configuration:
 #0: stdout all=warning uptime,level,tags
 #1: stderr all=off uptime,level,tags

Environment Variables:
JAVA_HOME=C:\Program Files\Java\jdk-17
CLASSPATH=C:\Program Files\Java\jdk-17lib
PATH=C:\Program Files\Common Files\Oracle\Java\javapath;C:\WINDOWS\system32;C:\WINDOWS;C:\WINDOWS\System32\Wbem;C:\WINDOWS\System32\WindowsPowerShell\v1.0\;C:\WINDOWS\System32\OpenSSH\;C:\Program Files (x86)\Common Files\Acronis\VirtualFile\;C:\Program Files (x86)\Common Files\Acronis\VirtualFile64\;C:\Program Files (x86)\Common Files\Acronis\FileProtector\;C:\Program Files (x86)\Common Files\Acronis\FileProtector64\;C:\Program Files (x86)\Common Files\Acronis\SnapAPI\;C:\Program Files\Common Files\Autodesk Shared\;C:\Program Files\Microsoft SQL Server\120\Tools\Binn\;C:\Program Files\Java\jdk-17\bin;C:\Program Files\Git\cmd;C:\Program Files\nodejs\;C:\Users\lotte4\AppData\Local\Microsoft\WindowsApps;C:\Users\lotte4\AppData\Local\Programs\Microsoft VS Code\bin;C:\Program Files\JetBrains\IntelliJ IDEA 2024.2.1\bin;;C:\Users\lotte4\AppData\Roaming\npm;
USERNAME=lotte4
OS=Windows_NT
PROCESSOR_IDENTIFIER=Intel64 Family 6 Model 151 Stepping 2, GenuineIntel



---------------  S Y S T E M  ---------------

OS:
 Windows 11 , 64 bit Build 22621 (10.0.22621.4391)
OS uptime: 6 days 12:27 hours
Hyper-V role detected

CPU: total 20 (initial active 20) (10 cores per cpu, 2 threads per core) family 6 model 151 stepping 2 microcode 0x2d, cx8, cmov, fxsr, ht, mmx, 3dnowpref, sse, sse2, sse3, ssse3, sse4.1, sse4.2, popcnt, lzcnt, tsc, tscinvbit, avx, avx2, aes, erms, clmul, bmi1, bmi2, adx, sha, fma, vzeroupper, clflush, clflushopt, clwb, hv

Memory: 4k page, system-wide physical 16234M (2132M free)
TotalPageFile size 65386M (AvailPageFile size 30M)
current process WorkingSet (physical memory assigned to process): 440M, peak: 440M
current process commit charge ("private bytes"): 548M, peak: 620M

vm_info: Java HotSpot(TM) 64-Bit Server VM (17.0.11+7-LTS-207) for windows-amd64 JRE (17.0.11+7-LTS-207), built on Mar 11 2024 19:01:50 by "mach5one" with MS VC++ 17.6 (VS2022)

END.
